2025-12-27 18:12:24.111 [info] [main] Log level: Info
2025-12-27 18:12:24.111 [info] [main] Validating found git in: "git"
2025-12-27 18:12:24.111 [info] [main] Using git "2.52.0" from "git"
2025-12-27 18:12:24.111 [info] [Model][doInitialScan] Initial repository scan started
2025-12-27 18:12:24.111 [info] > git rev-parse --show-toplevel [45ms]
2025-12-27 18:12:24.111 [info] fatal: not a git repository (or any of the parent directories): .git
2025-12-27 18:12:24.111 [info] > git rev-parse --show-toplevel [7ms]
2025-12-27 18:12:24.111 [info] > git rev-parse --git-dir --git-common-dir --show-superproject-working-tree [12ms]
2025-12-27 18:12:24.111 [info] [Model][openRepository] Opened repository (path): /home/bat/.config
2025-12-27 18:12:24.111 [info] [Model][openRepository] Opened repository (real path): /home/bat/.config
2025-12-27 18:12:24.111 [info] [Model][openRepository] Opened repository (kind): repository
2025-12-27 18:12:24.111 [info] > git config --get commit.template [10ms]
2025-12-27 18:12:24.111 [info] > git rev-parse --show-toplevel [6ms]
2025-12-27 18:12:24.111 [info] fatal: not a git repository (or any of the parent directories): .git
2025-12-27 18:12:24.111 [info] > git rev-parse --show-toplevel [212ms]
2025-12-27 18:12:24.111 [info] fatal: not a git repository (or any of the parent directories): .git
2025-12-27 18:12:24.111 [info] > git for-each-ref --format=%(refname)%00%(upstream:short)%00%(objectname)%00%(upstream:track)%00%(upstream:remotename)%00%(upstream:remoteref) refs/heads/master refs/remotes/master [224ms]
2025-12-27 18:12:24.111 [info] > git rev-parse --show-toplevel [127ms]
2025-12-27 18:12:24.111 [info] fatal: not a git repository (or any of the parent directories): .git
2025-12-27 18:12:24.521 [info] > git rev-parse --show-toplevel [402ms]
2025-12-27 18:12:24.521 [info] fatal: not a git repository (or any of the parent directories): .git
2025-12-27 18:12:24.718 [info] > git status -z -uall [218ms]
2025-12-27 18:12:24.719 [info] > git check-ignore -v -z --stdin [186ms]
2025-12-27 18:12:24.722 [info] > git for-each-ref --sort -committerdate --format %(refname)%00%(objectname)%00%(*objectname) [211ms]
2025-12-27 18:12:24.790 [info] > git for-each-ref --format=%(refname)%00%(upstream:short)%00%(objectname)%00%(upstream:track)%00%(upstream:remotename)%00%(upstream:remoteref) refs/heads/master refs/remotes/master [23ms]
2025-12-27 18:12:24.798 [info] > git rev-parse --show-toplevel [82ms]
2025-12-27 18:12:24.798 [info] fatal: not a git repository (or any of the parent directories): .git
2025-12-27 18:12:24.810 [info] > git config --get --local branch.master.vscode-merge-base [13ms]
2025-12-27 18:12:24.819 [info] > git config --get commit.template [31ms]
2025-12-27 18:12:24.821 [info] > git rev-parse --show-toplevel [13ms]
2025-12-27 18:12:24.842 [info] > git for-each-ref --format=%(refname)%00%(upstream:short)%00%(objectname)%00%(upstream:track)%00%(upstream:remotename)%00%(upstream:remoteref) refs/heads/origin/master refs/remotes/origin/master [24ms]
2025-12-27 18:12:24.968 [info] > git merge-base refs/heads/master refs/remotes/origin/master [115ms]
2025-12-27 18:12:24.980 [info] > git rev-parse --git-dir --git-common-dir --show-superproject-working-tree [141ms]
2025-12-27 18:12:24.990 [info] [Model][openRepository] Opened repository (path): /home/bat/.oh-my-zsh
2025-12-27 18:12:24.990 [info] [Model][openRepository] Opened repository (real path): /home/bat/.oh-my-zsh
2025-12-27 18:12:24.990 [info] [Model][openRepository] Opened repository (kind): repository
2025-12-27 18:12:24.993 [info] > git for-each-ref --format=%(refname)%00%(upstream:short)%00%(objectname)%00%(upstream:track)%00%(upstream:remotename)%00%(upstream:remoteref) refs/heads/master refs/remotes/master [166ms]
2025-12-27 18:12:25.048 [info] > git diff --name-status -z --diff-filter=ADMR --find-renames=50% fdb9eb2860674a5fe1d62619af980be8c3526a2e...refs/remotes/origin/master -- [69ms]
2025-12-27 18:12:25.213 [info] > git rev-parse --show-toplevel [168ms]
2025-12-27 18:12:25.213 [info] fatal: not a git repository (or any of the parent directories): .git
2025-12-27 18:12:25.214 [info] > git config --get commit.template [177ms]
2025-12-27 18:12:25.284 [info] > git rev-parse --show-toplevel [60ms]
2025-12-27 18:12:25.284 [info] fatal: not a git repository (or any of the parent directories): .git
2025-12-27 18:12:25.307 [info] > git status -z -uall [55ms]
2025-12-27 18:12:25.308 [info] > git for-each-ref --format=%(refname)%00%(upstream:short)%00%(objectname)%00%(upstream:track)%00%(upstream:remotename)%00%(upstream:remoteref) refs/heads/master refs/remotes/master [32ms]
2025-12-27 18:12:25.308 [info] > git for-each-ref --sort -committerdate --format %(refname)%00%(objectname)%00%(*objectname) [46ms]
2025-12-27 18:12:25.335 [info] > git rev-parse --show-toplevel [31ms]
2025-12-27 18:12:25.335 [info] fatal: not a git repository (or any of the parent directories): .git
2025-12-27 18:12:25.375 [info] > git rev-parse --show-toplevel [30ms]
2025-12-27 18:12:25.375 [info] fatal: not a git repository (or any of the parent directories): .git
2025-12-27 18:12:25.382 [info] [Model][doInitialScan] Initial repository scan completed - repositories (2), closed repositories (0), parent repositories (0), unsafe repositories (0)
2025-12-27 18:12:25.431 [info] > git show --textconv :waybar/style.css [40ms]
2025-12-27 18:12:25.432 [info] > git ls-files --stage -- waybar/style.css [31ms]
2025-12-27 18:12:25.578 [info] > git status -z -uall [164ms]
2025-12-27 18:12:25.578 [info] > git cat-file -s 0c73cabe316e00a26767012253ba18ec906d7836 [138ms]
2025-12-27 18:12:25.580 [info] > git rev-parse --show-toplevel [149ms]
2025-12-27 18:12:25.580 [info] fatal: not a git repository (or any of the parent directories): .git
2025-12-27 18:12:25.580 [info] > git for-each-ref --sort -committerdate --format %(refname)%00%(objectname)%00%(*objectname) [159ms]
2025-12-27 18:12:25.650 [info] > git check-ignore -v -z --stdin [47ms]
2025-12-27 18:12:25.651 [info] > git check-ignore -v -z --stdin [40ms]
2025-12-27 18:12:25.652 [info] > git for-each-ref --format=%(refname)%00%(upstream:short)%00%(objectname)%00%(upstream:track)%00%(upstream:remotename)%00%(upstream:remoteref) refs/heads/master refs/remotes/master [59ms]
2025-12-27 18:12:25.670 [info] > git config --get --local branch.master.vscode-merge-base [10ms]
2025-12-27 18:12:25.680 [info] > git config --get commit.template [31ms]
2025-12-27 18:12:25.680 [info] > git rev-parse --show-toplevel [40ms]
2025-12-27 18:12:25.680 [info] fatal: not a git repository (or any of the parent directories): .git
2025-12-27 18:12:25.702 [info] > git rev-parse --show-toplevel [12ms]
2025-12-27 18:12:25.702 [info] fatal: not a git repository (or any of the parent directories): .git
2025-12-27 18:12:25.702 [info] > git for-each-ref --format=%(refname)%00%(upstream:short)%00%(objectname)%00%(upstream:track)%00%(upstream:remotename)%00%(upstream:remoteref) refs/heads/origin/master refs/remotes/origin/master [23ms]
2025-12-27 18:12:25.713 [info] > git merge-base refs/heads/master refs/remotes/origin/master [4ms]
2025-12-27 18:12:25.720 [info] > git for-each-ref --format=%(refname)%00%(upstream:short)%00%(objectname)%00%(upstream:track)%00%(upstream:remotename)%00%(upstream:remoteref) refs/heads/master refs/remotes/master [21ms]
2025-12-27 18:12:25.722 [info] > git diff --name-status -z --diff-filter=ADMR --find-renames=50% 0f45f82c0afdcaf71b193e349d01c069a3fb9de7...refs/remotes/origin/master -- [3ms]
2025-12-27 18:12:25.746 [info] > git for-each-ref --sort -committerdate --format %(refname)%00%(objectname)%00%(*objectname) [8ms]
2025-12-27 18:12:25.762 [info] > git blame --root --incremental fdb9eb2860674a5fe1d62619af980be8c3526a2e -- waybar/style.css [6ms]
2025-12-27 18:12:25.907 [info] > git status -z -uall [177ms]
2025-12-27 18:12:25.923 [info] > git rev-parse --show-toplevel [17ms]
2025-12-27 18:12:25.923 [info] fatal: not a git repository (or any of the parent directories): .git
2025-12-27 18:12:26.686 [info] > git config --get commit.template [10ms]
2025-12-27 18:12:26.689 [info] > git for-each-ref --format=%(refname)%00%(upstream:short)%00%(objectname)%00%(upstream:track)%00%(upstream:remotename)%00%(upstream:remoteref) refs/heads/master refs/remotes/master [4ms]
2025-12-27 18:12:26.711 [info] > git for-each-ref --sort -committerdate --format %(refname)%00%(objectname)%00%(*objectname) [4ms]
2025-12-27 18:12:26.750 [info] > git status -z -uall [52ms]
2025-12-27 18:12:42.822 [info] > git config --get commit.template [9ms]
2025-12-27 18:12:42.823 [info] > git for-each-ref --format=%(refname)%00%(upstream:short)%00%(objectname)%00%(upstream:track)%00%(upstream:remotename)%00%(upstream:remoteref) refs/heads/master refs/remotes/master [2ms]
2025-12-27 18:12:42.841 [info] > git for-each-ref --sort -committerdate --format %(refname)%00%(objectname)%00%(*objectname) [4ms]
2025-12-27 18:12:42.858 [info] > git status -z -uall [29ms]
2025-12-27 18:12:47.891 [info] > git config --get commit.template [8ms]
2025-12-27 18:12:47.893 [info] > git for-each-ref --format=%(refname)%00%(upstream:short)%00%(objectname)%00%(upstream:track)%00%(upstream:remotename)%00%(upstream:remoteref) refs/heads/master refs/remotes/master [2ms]
2025-12-27 18:12:47.909 [info] > git for-each-ref --sort -committerdate --format %(refname)%00%(objectname)%00%(*objectname) [4ms]
2025-12-27 18:12:47.927 [info] > git status -z -uall [28ms]
2025-12-27 18:12:52.961 [info] > git config --get commit.template [9ms]
2025-12-27 18:12:52.962 [info] > git for-each-ref --format=%(refname)%00%(upstream:short)%00%(objectname)%00%(upstream:track)%00%(upstream:remotename)%00%(upstream:remoteref) refs/heads/master refs/remotes/master [3ms]
2025-12-27 18:12:52.980 [info] > git for-each-ref --sort -committerdate --format %(refname)%00%(objectname)%00%(*objectname) [2ms]
2025-12-27 18:12:52.998 [info] > git status -z -uall [30ms]
2025-12-27 18:12:58.035 [info] > git config --get commit.template [8ms]
2025-12-27 18:12:58.037 [info] > git for-each-ref --format=%(refname)%00%(upstream:short)%00%(objectname)%00%(upstream:track)%00%(upstream:remotename)%00%(upstream:remoteref) refs/heads/master refs/remotes/master [4ms]
2025-12-27 18:12:58.057 [info] > git for-each-ref --sort -committerdate --format %(refname)%00%(objectname)%00%(*objectname) [4ms]
2025-12-27 18:12:58.075 [info] > git status -z -uall [30ms]
2025-12-27 18:13:03.103 [info] > git config --get commit.template [2ms]
2025-12-27 18:13:03.116 [info] > git for-each-ref --format=%(refname)%00%(upstream:short)%00%(objectname)%00%(upstream:track)%00%(upstream:remotename)%00%(upstream:remoteref) refs/heads/master refs/remotes/master [5ms]
2025-12-27 18:13:03.136 [info] > git for-each-ref --sort -committerdate --format %(refname)%00%(objectname)%00%(*objectname) [4ms]
2025-12-27 18:13:03.152 [info] > git status -z -uall [28ms]
2025-12-27 18:13:08.185 [info] > git config --get commit.template [11ms]
2025-12-27 18:13:08.187 [info] > git for-each-ref --format=%(refname)%00%(upstream:short)%00%(objectname)%00%(upstream:track)%00%(upstream:remotename)%00%(upstream:remoteref) refs/heads/master refs/remotes/master [3ms]
2025-12-27 18:13:08.206 [info] > git for-each-ref --sort -committerdate --format %(refname)%00%(objectname)%00%(*objectname) [2ms]
2025-12-27 18:13:08.231 [info] > git status -z -uall [36ms]
2025-12-27 18:13:13.267 [info] > git config --get commit.template [9ms]
2025-12-27 18:13:13.268 [info] > git for-each-ref --format=%(refname)%00%(upstream:short)%00%(objectname)%00%(upstream:track)%00%(upstream:remotename)%00%(upstream:remoteref) refs/heads/master refs/remotes/master [2ms]
2025-12-27 18:13:13.284 [info] > git for-each-ref --sort -committerdate --format %(refname)%00%(objectname)%00%(*objectname) [2ms]
2025-12-27 18:13:13.311 [info] > git status -z -uall [35ms]
2025-12-27 18:13:25.805 [info] > git config --get commit.template [11ms]
2025-12-27 18:13:25.808 [info] > git for-each-ref --format=%(refname)%00%(upstream:short)%00%(objectname)%00%(upstream:track)%00%(upstream:remotename)%00%(upstream:remoteref) refs/heads/master refs/remotes/master [4ms]
2025-12-27 18:13:25.829 [info] > git for-each-ref --sort -committerdate --format %(refname)%00%(objectname)%00%(*objectname) [4ms]
2025-12-27 18:13:25.852 [info] > git status -z -uall [36ms]
2025-12-27 18:13:30.879 [info] > git config --get commit.template [3ms]
2025-12-27 18:13:30.890 [info] > git for-each-ref --format=%(refname)%00%(upstream:short)%00%(objectname)%00%(upstream:track)%00%(upstream:remotename)%00%(upstream:remoteref) refs/heads/master refs/remotes/master [4ms]
2025-12-27 18:13:30.910 [info] > git for-each-ref --sort -committerdate --format %(refname)%00%(objectname)%00%(*objectname) [4ms]
2025-12-27 18:13:30.931 [info] > git status -z -uall [32ms]
2025-12-27 18:13:33.506 [info] > git ls-files --stage -- waybar/config.jsonc [3ms]
2025-12-27 18:13:33.672 [info] > git show --textconv :waybar/config.jsonc [179ms]
2025-12-27 18:13:33.674 [info] > git cat-file -s 735e347f0a04b5caa5de111b1047934e5aa0d1ac [162ms]
2025-12-27 18:13:33.739 [info] > git blame --root --incremental fdb9eb2860674a5fe1d62619af980be8c3526a2e -- waybar/config.jsonc [4ms]
2025-12-27 18:13:35.961 [info] > git config --get commit.template [4ms]
2025-12-27 18:13:35.971 [info] > git for-each-ref --format=%(refname)%00%(upstream:short)%00%(objectname)%00%(upstream:track)%00%(upstream:remotename)%00%(upstream:remoteref) refs/heads/master refs/remotes/master [4ms]
2025-12-27 18:13:35.989 [info] > git for-each-ref --sort -committerdate --format %(refname)%00%(objectname)%00%(*objectname) [3ms]
2025-12-27 18:13:36.010 [info] > git status -z -uall [31ms]
2025-12-27 18:13:41.045 [info] > git config --get commit.template [8ms]
2025-12-27 18:13:41.048 [info] > git for-each-ref --format=%(refname)%00%(upstream:short)%00%(objectname)%00%(upstream:track)%00%(upstream:remotename)%00%(upstream:remoteref) refs/heads/master refs/remotes/master [4ms]
2025-12-27 18:13:41.064 [info] > git for-each-ref --sort -committerdate --format %(refname)%00%(objectname)%00%(*objectname) [2ms]
2025-12-27 18:13:41.086 [info] > git status -z -uall [31ms]
2025-12-27 18:13:46.122 [info] > git config --get commit.template [7ms]
2025-12-27 18:13:46.123 [info] > git for-each-ref --format=%(refname)%00%(upstream:short)%00%(objectname)%00%(upstream:track)%00%(upstream:remotename)%00%(upstream:remoteref) refs/heads/master refs/remotes/master [3ms]
2025-12-27 18:13:46.142 [info] > git for-each-ref --sort -committerdate --format %(refname)%00%(objectname)%00%(*objectname) [4ms]
2025-12-27 18:13:46.159 [info] > git status -z -uall [29ms]
2025-12-27 18:13:51.193 [info] > git config --get commit.template [2ms]
2025-12-27 18:13:51.205 [info] > git for-each-ref --format=%(refname)%00%(upstream:short)%00%(objectname)%00%(upstream:track)%00%(upstream:remotename)%00%(upstream:remoteref) refs/heads/master refs/remotes/master [4ms]
2025-12-27 18:13:51.226 [info] > git for-each-ref --sort -committerdate --format %(refname)%00%(objectname)%00%(*objectname) [5ms]
2025-12-27 18:13:51.244 [info] > git status -z -uall [31ms]
2025-12-27 18:13:56.279 [info] > git config --get commit.template [8ms]
2025-12-27 18:13:56.282 [info] > git for-each-ref --format=%(refname)%00%(upstream:short)%00%(objectname)%00%(upstream:track)%00%(upstream:remotename)%00%(upstream:remoteref) refs/heads/master refs/remotes/master [4ms]
2025-12-27 18:13:56.303 [info] > git for-each-ref --sort -committerdate --format %(refname)%00%(objectname)%00%(*objectname) [2ms]
2025-12-27 18:13:56.324 [info] > git status -z -uall [32ms]
2025-12-27 18:14:01.351 [info] > git config --get commit.template [2ms]
2025-12-27 18:14:01.360 [info] > git for-each-ref --format=%(refname)%00%(upstream:short)%00%(objectname)%00%(upstream:track)%00%(upstream:remotename)%00%(upstream:remoteref) refs/heads/master refs/remotes/master [2ms]
2025-12-27 18:14:01.378 [info] > git for-each-ref --sort -committerdate --format %(refname)%00%(objectname)%00%(*objectname) [4ms]
2025-12-27 18:14:01.401 [info] > git status -z -uall [33ms]
2025-12-27 18:14:06.436 [info] > git config --get commit.template [10ms]
2025-12-27 18:14:06.437 [info] > git for-each-ref --format=%(refname)%00%(upstream:short)%00%(objectname)%00%(upstream:track)%00%(upstream:remotename)%00%(upstream:remoteref) refs/heads/master refs/remotes/master [3ms]
2025-12-27 18:14:06.457 [info] > git for-each-ref --sort -committerdate --format %(refname)%00%(objectname)%00%(*objectname) [4ms]
2025-12-27 18:14:06.472 [info] > git status -z -uall [28ms]
2025-12-27 18:14:11.503 [info] > git config --get commit.template [8ms]
2025-12-27 18:14:11.505 [info] > git for-each-ref --format=%(refname)%00%(upstream:short)%00%(objectname)%00%(upstream:track)%00%(upstream:remotename)%00%(upstream:remoteref) refs/heads/master refs/remotes/master [3ms]
2025-12-27 18:14:11.525 [info] > git for-each-ref --sort -committerdate --format %(refname)%00%(objectname)%00%(*objectname) [3ms]
2025-12-27 18:14:11.556 [info] > git status -z -uall [40ms]
2025-12-27 18:14:16.590 [info] > git config --get commit.template [8ms]
2025-12-27 18:14:16.593 [info] > git for-each-ref --format=%(refname)%00%(upstream:short)%00%(objectname)%00%(upstream:track)%00%(upstream:remotename)%00%(upstream:remoteref) refs/heads/master refs/remotes/master [4ms]
2025-12-27 18:14:16.612 [info] > git for-each-ref --sort -committerdate --format %(refname)%00%(objectname)%00%(*objectname) [4ms]
2025-12-27 18:14:16.628 [info] > git status -z -uall [28ms]
2025-12-27 18:14:21.663 [info] > git config --get commit.template [7ms]
2025-12-27 18:14:21.664 [info] > git for-each-ref --format=%(refname)%00%(upstream:short)%00%(objectname)%00%(upstream:track)%00%(upstream:remotename)%00%(upstream:remoteref) refs/heads/master refs/remotes/master [3ms]
2025-12-27 18:14:21.688 [info] > git for-each-ref --sort -committerdate --format %(refname)%00%(objectname)%00%(*objectname) [2ms]
2025-12-27 18:14:21.713 [info] > git status -z -uall [35ms]
2025-12-27 18:14:23.146 [info] > git rev-parse --show-toplevel [8ms]
2025-12-27 18:14:23.146 [info] fatal: not a git repository (or any of the parent directories): .git
2025-12-27 18:14:23.924 [info] > git check-ignore -v -z --stdin [5ms]
2025-12-27 18:14:25.594 [info] > git log --format=%H%n%aN%n%aE%n%at%n%ct%n%P%n%D%n%B -z --shortstat --diff-merges=first-parent -n50 --skip=0 --topo-order --decorate=full --stdin [2700ms]
2025-12-27 18:14:25.623 [info] > git merge-base master origin/master [2ms]
2025-12-27 18:14:26.746 [info] > git config --get commit.template [8ms]
2025-12-27 18:14:26.748 [info] > git for-each-ref --format=%(refname)%00%(upstream:short)%00%(objectname)%00%(upstream:track)%00%(upstream:remotename)%00%(upstream:remoteref) refs/heads/master refs/remotes/master [3ms]
2025-12-27 18:14:26.766 [info] > git for-each-ref --sort -committerdate --format %(refname)%00%(objectname)%00%(*objectname) [3ms]
2025-12-27 18:14:26.791 [info] > git status -z -uall [35ms]
