2025-12-27 17:42:01.546 [info] [main] Log level: Info
2025-12-27 17:42:01.546 [info] [main] Validating found git in: "git"
2025-12-27 17:42:01.546 [info] [main] Using git "2.52.0" from "git"
2025-12-27 17:42:01.546 [info] [Model][doInitialScan] Initial repository scan started
2025-12-27 17:42:01.546 [info] [Model][doInitialScan] Initial repository scan completed - repositories (0), closed repositories (0), parent repositories (0), unsafe repositories (0)
2025-12-27 17:43:04.398 [info] [main] Log level: Info
2025-12-27 17:43:04.398 [info] [main] Validating found git in: "git"
2025-12-27 17:43:04.398 [info] [main] Using git "2.52.0" from "git"
2025-12-27 17:43:04.398 [info] [Model][doInitialScan] Initial repository scan started
2025-12-27 17:43:04.398 [info] > git rev-parse --show-toplevel [13ms]
2025-12-27 17:43:04.398 [info] fatal: not a git repository (or any of the parent directories): .git
2025-12-27 17:43:04.404 [info] > git rev-parse --show-toplevel [1ms]
2025-12-27 17:43:04.404 [info] fatal: not a git repository (or any of the parent directories): .git
2025-12-27 17:43:04.408 [info] > git rev-parse --show-toplevel [1ms]
2025-12-27 17:43:04.408 [info] fatal: not a git repository (or any of the parent directories): .git
2025-12-27 17:43:04.413 [info] > git rev-parse --show-toplevel [3ms]
2025-12-27 17:43:04.418 [info] > git rev-parse --git-dir --git-common-dir --show-superproject-working-tree [2ms]
2025-12-27 17:43:04.427 [info] [Model][openRepository] Opened repository (path): /home/bat/.config
2025-12-27 17:43:04.427 [info] [Model][openRepository] Opened repository (real path): /home/bat/.config
2025-12-27 17:43:04.427 [info] [Model][openRepository] Opened repository (kind): repository
2025-12-27 17:43:04.436 [info] > git rev-parse --show-toplevel [3ms]
2025-12-27 17:43:04.436 [info] fatal: not a git repository (or any of the parent directories): .git
2025-12-27 17:43:04.436 [info] > git config --get commit.template [5ms]
2025-12-27 17:43:04.443 [info] > git rev-parse --show-toplevel [4ms]
2025-12-27 17:43:04.443 [info] fatal: not a git repository (or any of the parent directories): .git
2025-12-27 17:43:04.447 [info] > git for-each-ref --format=%(refname)%00%(upstream:short)%00%(objectname)%00%(upstream:track)%00%(upstream:remotename)%00%(upstream:remoteref) refs/heads/master refs/remotes/master [5ms]
2025-12-27 17:43:04.448 [info] > git rev-parse --show-toplevel [1ms]
2025-12-27 17:43:04.448 [info] fatal: not a git repository (or any of the parent directories): .git
2025-12-27 17:43:04.457 [info] > git rev-parse --show-toplevel [6ms]
2025-12-27 17:43:04.460 [info] > git for-each-ref --sort -committerdate --format %(refname)%00%(objectname)%00%(*objectname) [3ms]
2025-12-27 17:43:04.462 [info] > git rev-parse --git-dir --git-common-dir --show-superproject-working-tree [2ms]
2025-12-27 17:43:04.466 [info] [Model][openRepository] Opened repository (path): /home/bat/.oh-my-zsh
2025-12-27 17:43:04.466 [info] [Model][openRepository] Opened repository (real path): /home/bat/.oh-my-zsh
2025-12-27 17:43:04.466 [info] [Model][openRepository] Opened repository (kind): repository
2025-12-27 17:43:04.472 [info] > git config --get commit.template [4ms]
2025-12-27 17:43:04.473 [info] > git rev-parse --show-toplevel [2ms]
2025-12-27 17:43:04.473 [info] fatal: not a git repository (or any of the parent directories): .git
2025-12-27 17:43:04.478 [info] > git for-each-ref --format=%(refname)%00%(upstream:short)%00%(objectname)%00%(upstream:track)%00%(upstream:remotename)%00%(upstream:remoteref) refs/heads/master refs/remotes/master [3ms]
2025-12-27 17:43:04.478 [info] > git rev-parse --show-toplevel [1ms]
2025-12-27 17:43:04.478 [info] fatal: not a git repository (or any of the parent directories): .git
2025-12-27 17:43:04.481 [info] > git status -z -uall [27ms]
2025-12-27 17:43:04.500 [info] > git for-each-ref --format=%(refname)%00%(upstream:short)%00%(objectname)%00%(upstream:track)%00%(upstream:remotename)%00%(upstream:remoteref) refs/heads/master refs/remotes/master [8ms]
2025-12-27 17:43:04.504 [info] > git rev-parse --show-toplevel [24ms]
2025-12-27 17:43:04.504 [info] fatal: not a git repository (or any of the parent directories): .git
2025-12-27 17:43:04.509 [info] > git config --get --local branch.master.vscode-merge-base [5ms]
2025-12-27 17:43:04.510 [warning] [Git][config] git config failed: Failed to execute git
2025-12-27 17:43:04.513 [info] > git config --get commit.template [13ms]
2025-12-27 17:43:04.513 [info] > git for-each-ref --sort -committerdate --format %(refname)%00%(objectname)%00%(*objectname) [15ms]
2025-12-27 17:43:04.514 [info] > git rev-parse --show-toplevel [5ms]
2025-12-27 17:43:04.514 [info] fatal: not a git repository (or any of the parent directories): .git
2025-12-27 17:43:04.516 [info] [Model][doInitialScan] Initial repository scan completed - repositories (2), closed repositories (0), parent repositories (0), unsafe repositories (0)
2025-12-27 17:43:04.520 [info] > git reflog master --grep-reflog=branch: Created from *. [7ms]
2025-12-27 17:43:04.555 [info] > git symbolic-ref --short refs/remotes/origin/HEAD [33ms]
2025-12-27 17:43:04.558 [info] > git for-each-ref --format=%(refname)%00%(upstream:short)%00%(objectname)%00%(upstream:track)%00%(upstream:remotename)%00%(upstream:remoteref) refs/heads/master refs/remotes/master [39ms]
2025-12-27 17:43:04.559 [info] > git for-each-ref --format=%(refname)%00%(upstream:short)%00%(objectname)%00%(upstream:track)%00%(upstream:remotename)%00%(upstream:remoteref) refs/heads/origin/master refs/remotes/origin/master [1ms]
2025-12-27 17:43:04.564 [info] > git config --add --local branch.master.vscode-merge-base origin/master [2ms]
2025-12-27 17:43:04.571 [info] > git config --get commit.template [3ms]
2025-12-27 17:43:04.582 [info] > git for-each-ref --format=%(refname)%00%(upstream:short)%00%(objectname)%00%(upstream:track)%00%(upstream:remotename)%00%(upstream:remoteref) refs/heads/master refs/remotes/master [7ms]
2025-12-27 17:43:04.588 [info] > git for-each-ref --sort -committerdate --format %(refname)%00%(objectname)%00%(*objectname) [1ms]
2025-12-27 17:43:04.598 [info] > git status -z -uall [14ms]
2025-12-27 17:43:04.612 [info] > git merge-base refs/heads/master refs/remotes/origin/master [4ms]
2025-12-27 17:43:04.618 [info] > git diff --name-status -z --diff-filter=ADMR --find-renames=50% fdb9eb2860674a5fe1d62619af980be8c3526a2e...refs/remotes/origin/master -- [2ms]
2025-12-27 17:43:04.619 [info] > git merge-base refs/heads/master refs/remotes/origin/master [7ms]
2025-12-27 17:43:04.622 [info] > git status -z -uall [127ms]
2025-12-27 17:43:04.632 [info] > git for-each-ref --format=%(refname)%00%(upstream:short)%00%(objectname)%00%(upstream:track)%00%(upstream:remotename)%00%(upstream:remoteref) refs/heads/master refs/remotes/master [4ms]
2025-12-27 17:43:04.634 [info] > git diff --name-status -z --diff-filter=ADMR --find-renames=50% fdb9eb2860674a5fe1d62619af980be8c3526a2e...refs/remotes/origin/master -- [12ms]
2025-12-27 17:43:04.635 [info] > git config --get --local branch.master.vscode-merge-base [1ms]
2025-12-27 17:43:04.637 [info] > git config --get commit.template [6ms]
2025-12-27 17:43:04.640 [info] > git for-each-ref --format=%(refname)%00%(upstream:short)%00%(objectname)%00%(upstream:track)%00%(upstream:remotename)%00%(upstream:remoteref) refs/heads/origin/master refs/remotes/origin/master [3ms]
2025-12-27 17:43:04.644 [info] > git for-each-ref --format=%(refname)%00%(upstream:short)%00%(objectname)%00%(upstream:track)%00%(upstream:remotename)%00%(upstream:remoteref) refs/heads/master refs/remotes/master [4ms]
2025-12-27 17:43:04.645 [info] > git merge-base refs/heads/master refs/remotes/origin/master [2ms]
2025-12-27 17:43:04.652 [info] > git diff --name-status -z --diff-filter=ADMR --find-renames=50% 0f45f82c0afdcaf71b193e349d01c069a3fb9de7...refs/remotes/origin/master -- [5ms]
2025-12-27 17:43:04.653 [info] > git for-each-ref --sort -committerdate --format %(refname)%00%(objectname)%00%(*objectname) [1ms]
2025-12-27 17:43:04.675 [info] > git status -z -uall [26ms]
2025-12-27 17:43:04.824 [info] > git rev-parse --show-toplevel [1ms]
2025-12-27 17:43:04.824 [info] fatal: not a git repository (or any of the parent directories): .git
2025-12-27 17:43:04.980 [info] > git check-ignore -v -z --stdin [4ms]
2025-12-27 17:43:04.980 [info] > git check-ignore -v -z --stdin [1ms]
2025-12-27 17:43:10.529 [info] > git config --get commit.template [7ms]
2025-12-27 17:43:10.530 [info] > git for-each-ref --format=%(refname)%00%(upstream:short)%00%(objectname)%00%(upstream:track)%00%(upstream:remotename)%00%(upstream:remoteref) refs/heads/master refs/remotes/master [2ms]
2025-12-27 17:43:10.544 [info] > git for-each-ref --sort -committerdate --format %(refname)%00%(objectname)%00%(*objectname) [2ms]
2025-12-27 17:43:10.551 [info] > git status -z -uall [14ms]
2025-12-27 17:43:12.861 [info] > git check-ignore -v -z --stdin [3ms]
2025-12-27 17:43:15.568 [info] > git config --get commit.template [4ms]
2025-12-27 17:43:15.568 [info] > git for-each-ref --format=%(refname)%00%(upstream:short)%00%(objectname)%00%(upstream:track)%00%(upstream:remotename)%00%(upstream:remoteref) refs/heads/master refs/remotes/master [1ms]
2025-12-27 17:43:15.578 [info] > git check-ignore -v -z --stdin [1ms]
2025-12-27 17:43:15.578 [info] > git for-each-ref --sort -committerdate --format %(refname)%00%(objectname)%00%(*objectname) [4ms]
2025-12-27 17:43:15.582 [info] > git status -z -uall [11ms]
2025-12-27 17:43:17.378 [info] > git check-ignore -v -z --stdin [2ms]
2025-12-27 17:43:18.994 [info] > git show --textconv :waybar/style.css [4ms]
2025-12-27 17:43:18.995 [info] > git ls-files --stage -- waybar/style.css [1ms]
2025-12-27 17:43:19.000 [info] > git cat-file -s 0c73cabe316e00a26767012253ba18ec906d7836 [1ms]
2025-12-27 17:43:20.600 [info] > git config --get commit.template [2ms]
2025-12-27 17:43:20.608 [info] > git for-each-ref --format=%(refname)%00%(upstream:short)%00%(objectname)%00%(upstream:track)%00%(upstream:remotename)%00%(upstream:remoteref) refs/heads/master refs/remotes/master [3ms]
2025-12-27 17:43:20.618 [info] > git for-each-ref --sort -committerdate --format %(refname)%00%(objectname)%00%(*objectname) [1ms]
2025-12-27 17:43:20.624 [info] > git status -z -uall [11ms]
2025-12-27 17:43:25.644 [info] > git config --get commit.template [6ms]
2025-12-27 17:43:25.645 [info] > git for-each-ref --format=%(refname)%00%(upstream:short)%00%(objectname)%00%(upstream:track)%00%(upstream:remotename)%00%(upstream:remoteref) refs/heads/master refs/remotes/master [2ms]
2025-12-27 17:43:25.652 [info] > git for-each-ref --sort -committerdate --format %(refname)%00%(objectname)%00%(*objectname) [1ms]
2025-12-27 17:43:25.659 [info] > git status -z -uall [10ms]
2025-12-27 17:43:30.608 [info] > git blame --root --incremental fdb9eb2860674a5fe1d62619af980be8c3526a2e -- waybar/style.css [4ms]
2025-12-27 17:43:30.678 [info] > git config --get commit.template [6ms]
2025-12-27 17:43:30.679 [info] > git for-each-ref --format=%(refname)%00%(upstream:short)%00%(objectname)%00%(upstream:track)%00%(upstream:remotename)%00%(upstream:remoteref) refs/heads/master refs/remotes/master [2ms]
2025-12-27 17:43:30.687 [info] > git for-each-ref --sort -committerdate --format %(refname)%00%(objectname)%00%(*objectname) [1ms]
2025-12-27 17:43:30.692 [info] > git status -z -uall [9ms]
2025-12-27 17:43:35.713 [info] > git config --get commit.template [7ms]
2025-12-27 17:43:35.715 [info] > git for-each-ref --format=%(refname)%00%(upstream:short)%00%(objectname)%00%(upstream:track)%00%(upstream:remotename)%00%(upstream:remoteref) refs/heads/master refs/remotes/master [3ms]
2025-12-27 17:43:35.723 [info] > git for-each-ref --sort -committerdate --format %(refname)%00%(objectname)%00%(*objectname) [1ms]
2025-12-27 17:43:35.729 [info] > git status -z -uall [10ms]
2025-12-27 17:43:40.751 [info] > git config --get commit.template [8ms]
2025-12-27 17:43:40.753 [info] > git for-each-ref --format=%(refname)%00%(upstream:short)%00%(objectname)%00%(upstream:track)%00%(upstream:remotename)%00%(upstream:remoteref) refs/heads/master refs/remotes/master [2ms]
2025-12-27 17:43:40.762 [info] > git for-each-ref --sort -committerdate --format %(refname)%00%(objectname)%00%(*objectname) [1ms]
2025-12-27 17:43:40.769 [info] > git status -z -uall [12ms]
2025-12-27 17:43:45.792 [info] > git config --get commit.template [8ms]
2025-12-27 17:43:45.793 [info] > git for-each-ref --format=%(refname)%00%(upstream:short)%00%(objectname)%00%(upstream:track)%00%(upstream:remotename)%00%(upstream:remoteref) refs/heads/master refs/remotes/master [2ms]
2025-12-27 17:43:45.807 [info] > git for-each-ref --sort -committerdate --format %(refname)%00%(objectname)%00%(*objectname) [2ms]
2025-12-27 17:43:45.813 [info] > git status -z -uall [12ms]
2025-12-27 17:43:50.836 [info] > git config --get commit.template [8ms]
2025-12-27 17:43:50.837 [info] > git for-each-ref --format=%(refname)%00%(upstream:short)%00%(objectname)%00%(upstream:track)%00%(upstream:remotename)%00%(upstream:remoteref) refs/heads/master refs/remotes/master [2ms]
2025-12-27 17:43:50.856 [info] > git for-each-ref --sort -committerdate --format %(refname)%00%(objectname)%00%(*objectname) [2ms]
2025-12-27 17:43:50.863 [info] > git status -z -uall [14ms]
2025-12-27 17:43:55.883 [info] > git config --get commit.template [7ms]
2025-12-27 17:43:55.885 [info] > git for-each-ref --format=%(refname)%00%(upstream:short)%00%(objectname)%00%(upstream:track)%00%(upstream:remotename)%00%(upstream:remoteref) refs/heads/master refs/remotes/master [3ms]
2025-12-27 17:43:55.894 [info] > git for-each-ref --sort -committerdate --format %(refname)%00%(objectname)%00%(*objectname) [1ms]
2025-12-27 17:43:55.900 [info] > git status -z -uall [9ms]
2025-12-27 17:44:00.916 [info] > git config --get commit.template [5ms]
2025-12-27 17:44:00.917 [info] > git for-each-ref --format=%(refname)%00%(upstream:short)%00%(objectname)%00%(upstream:track)%00%(upstream:remotename)%00%(upstream:remoteref) refs/heads/master refs/remotes/master [1ms]
2025-12-27 17:44:00.924 [info] > git for-each-ref --sort -committerdate --format %(refname)%00%(objectname)%00%(*objectname) [1ms]
2025-12-27 17:44:00.931 [info] > git status -z -uall [11ms]
2025-12-27 17:44:05.949 [info] > git config --get commit.template [7ms]
2025-12-27 17:44:05.950 [info] > git for-each-ref --format=%(refname)%00%(upstream:short)%00%(objectname)%00%(upstream:track)%00%(upstream:remotename)%00%(upstream:remoteref) refs/heads/master refs/remotes/master [2ms]
2025-12-27 17:44:05.961 [info] > git for-each-ref --sort -committerdate --format %(refname)%00%(objectname)%00%(*objectname) [2ms]
2025-12-27 17:44:05.969 [info] > git status -z -uall [14ms]
2025-12-27 17:44:10.992 [info] > git config --get commit.template [9ms]
2025-12-27 17:44:10.993 [info] > git for-each-ref --format=%(refname)%00%(upstream:short)%00%(objectname)%00%(upstream:track)%00%(upstream:remotename)%00%(upstream:remoteref) refs/heads/master refs/remotes/master [3ms]
2025-12-27 17:44:11.005 [info] > git for-each-ref --sort -committerdate --format %(refname)%00%(objectname)%00%(*objectname) [2ms]
2025-12-27 17:44:11.012 [info] > git status -z -uall [14ms]
2025-12-27 17:44:16.025 [info] > git config --get commit.template [2ms]
2025-12-27 17:44:16.032 [info] > git for-each-ref --format=%(refname)%00%(upstream:short)%00%(objectname)%00%(upstream:track)%00%(upstream:remotename)%00%(upstream:remoteref) refs/heads/master refs/remotes/master [3ms]
2025-12-27 17:44:16.042 [info] > git for-each-ref --sort -committerdate --format %(refname)%00%(objectname)%00%(*objectname) [1ms]
2025-12-27 17:44:16.047 [info] > git status -z -uall [10ms]
2025-12-27 17:44:21.074 [info] > git config --get commit.template [6ms]
2025-12-27 17:44:21.075 [info] > git for-each-ref --format=%(refname)%00%(upstream:short)%00%(objectname)%00%(upstream:track)%00%(upstream:remotename)%00%(upstream:remoteref) refs/heads/master refs/remotes/master [2ms]
2025-12-27 17:44:21.089 [info] > git for-each-ref --sort -committerdate --format %(refname)%00%(objectname)%00%(*objectname) [2ms]
2025-12-27 17:44:21.096 [info] > git status -z -uall [14ms]
2025-12-27 17:44:26.119 [info] > git config --get commit.template [7ms]
2025-12-27 17:44:26.120 [info] > git for-each-ref --format=%(refname)%00%(upstream:short)%00%(objectname)%00%(upstream:track)%00%(upstream:remotename)%00%(upstream:remoteref) refs/heads/master refs/remotes/master [2ms]
2025-12-27 17:44:26.140 [info] > git for-each-ref --sort -committerdate --format %(refname)%00%(objectname)%00%(*objectname) [2ms]
2025-12-27 17:44:26.145 [info] > git status -z -uall [13ms]
2025-12-27 17:44:32.466 [info] > git config --get commit.template [7ms]
2025-12-27 17:44:32.468 [info] > git for-each-ref --format=%(refname)%00%(upstream:short)%00%(objectname)%00%(upstream:track)%00%(upstream:remotename)%00%(upstream:remoteref) refs/heads/master refs/remotes/master [3ms]
2025-12-27 17:44:32.479 [info] > git for-each-ref --sort -committerdate --format %(refname)%00%(objectname)%00%(*objectname) [2ms]
2025-12-27 17:44:32.486 [info] > git status -z -uall [13ms]
2025-12-27 17:44:37.506 [info] > git config --get commit.template [8ms]
2025-12-27 17:44:37.507 [info] > git for-each-ref --format=%(refname)%00%(upstream:short)%00%(objectname)%00%(upstream:track)%00%(upstream:remotename)%00%(upstream:remoteref) refs/heads/master refs/remotes/master [1ms]
2025-12-27 17:44:37.519 [info] > git for-each-ref --sort -committerdate --format %(refname)%00%(objectname)%00%(*objectname) [2ms]
2025-12-27 17:44:37.525 [info] > git status -z -uall [12ms]
2025-12-27 17:44:42.539 [info] > git config --get commit.template [2ms]
2025-12-27 17:44:42.546 [info] > git for-each-ref --format=%(refname)%00%(upstream:short)%00%(objectname)%00%(upstream:track)%00%(upstream:remotename)%00%(upstream:remoteref) refs/heads/master refs/remotes/master [2ms]
2025-12-27 17:44:42.556 [info] > git for-each-ref --sort -committerdate --format %(refname)%00%(objectname)%00%(*objectname) [2ms]
2025-12-27 17:44:42.563 [info] > git status -z -uall [13ms]
2025-12-27 17:44:47.580 [info] > git config --get commit.template [7ms]
2025-12-27 17:44:47.581 [info] > git for-each-ref --format=%(refname)%00%(upstream:short)%00%(objectname)%00%(upstream:track)%00%(upstream:remotename)%00%(upstream:remoteref) refs/heads/master refs/remotes/master [2ms]
2025-12-27 17:44:47.590 [info] > git for-each-ref --sort -committerdate --format %(refname)%00%(objectname)%00%(*objectname) [1ms]
2025-12-27 17:44:47.595 [info] > git status -z -uall [11ms]
2025-12-27 17:44:52.611 [info] > git config --get commit.template [6ms]
2025-12-27 17:44:52.612 [info] > git for-each-ref --format=%(refname)%00%(upstream:short)%00%(objectname)%00%(upstream:track)%00%(upstream:remotename)%00%(upstream:remoteref) refs/heads/master refs/remotes/master [2ms]
2025-12-27 17:44:52.621 [info] > git for-each-ref --sort -committerdate --format %(refname)%00%(objectname)%00%(*objectname) [0ms]
2025-12-27 17:44:52.631 [info] > git status -z -uall [14ms]
2025-12-27 17:44:57.652 [info] > git config --get commit.template [5ms]
2025-12-27 17:44:57.653 [info] > git for-each-ref --format=%(refname)%00%(upstream:short)%00%(objectname)%00%(upstream:track)%00%(upstream:remotename)%00%(upstream:remoteref) refs/heads/master refs/remotes/master [2ms]
2025-12-27 17:44:57.661 [info] > git for-each-ref --sort -committerdate --format %(refname)%00%(objectname)%00%(*objectname) [0ms]
2025-12-27 17:44:57.673 [info] > git status -z -uall [15ms]
2025-12-27 17:45:02.684 [info] > git config --get commit.template [3ms]
2025-12-27 17:45:02.685 [info] > git for-each-ref --format=%(refname)%00%(upstream:short)%00%(objectname)%00%(upstream:track)%00%(upstream:remotename)%00%(upstream:remoteref) refs/heads/master refs/remotes/master [1ms]
2025-12-27 17:45:02.692 [info] > git for-each-ref --sort -committerdate --format %(refname)%00%(objectname)%00%(*objectname) [1ms]
2025-12-27 17:45:02.698 [info] > git status -z -uall [10ms]
2025-12-27 17:45:07.827 [info] > git config --get commit.template [5ms]
2025-12-27 17:45:07.828 [info] > git for-each-ref --format=%(refname)%00%(upstream:short)%00%(objectname)%00%(upstream:track)%00%(upstream:remotename)%00%(upstream:remoteref) refs/heads/master refs/remotes/master [2ms]
2025-12-27 17:45:07.836 [info] > git for-each-ref --sort -committerdate --format %(refname)%00%(objectname)%00%(*objectname) [1ms]
2025-12-27 17:45:07.843 [info] > git status -z -uall [11ms]
2025-12-27 17:45:12.868 [info] > git config --get commit.template [8ms]
2025-12-27 17:45:12.869 [info] > git for-each-ref --format=%(refname)%00%(upstream:short)%00%(objectname)%00%(upstream:track)%00%(upstream:remotename)%00%(upstream:remoteref) refs/heads/master refs/remotes/master [2ms]
2025-12-27 17:45:12.878 [info] > git for-each-ref --sort -committerdate --format %(refname)%00%(objectname)%00%(*objectname) [1ms]
2025-12-27 17:45:12.885 [info] > git status -z -uall [11ms]
2025-12-27 17:45:17.904 [info] > git config --get commit.template [6ms]
2025-12-27 17:45:17.905 [info] > git for-each-ref --format=%(refname)%00%(upstream:short)%00%(objectname)%00%(upstream:track)%00%(upstream:remotename)%00%(upstream:remoteref) refs/heads/master refs/remotes/master [2ms]
2025-12-27 17:45:17.914 [info] > git for-each-ref --sort -committerdate --format %(refname)%00%(objectname)%00%(*objectname) [2ms]
2025-12-27 17:45:17.920 [info] > git status -z -uall [11ms]
2025-12-27 17:45:22.937 [info] > git config --get commit.template [5ms]
2025-12-27 17:45:22.938 [info] > git for-each-ref --format=%(refname)%00%(upstream:short)%00%(objectname)%00%(upstream:track)%00%(upstream:remotename)%00%(upstream:remoteref) refs/heads/master refs/remotes/master [1ms]
2025-12-27 17:45:22.948 [info] > git for-each-ref --sort -committerdate --format %(refname)%00%(objectname)%00%(*objectname) [1ms]
2025-12-27 17:45:22.954 [info] > git status -z -uall [11ms]
2025-12-27 17:45:27.973 [info] > git config --get commit.template [7ms]
2025-12-27 17:45:27.974 [info] > git for-each-ref --format=%(refname)%00%(upstream:short)%00%(objectname)%00%(upstream:track)%00%(upstream:remotename)%00%(upstream:remoteref) refs/heads/master refs/remotes/master [2ms]
2025-12-27 17:45:27.982 [info] > git for-each-ref --sort -committerdate --format %(refname)%00%(objectname)%00%(*objectname) [2ms]
2025-12-27 17:45:27.987 [info] > git status -z -uall [10ms]
2025-12-27 17:45:33.002 [info] > git config --get commit.template [3ms]
2025-12-27 17:45:33.009 [info] > git for-each-ref --format=%(refname)%00%(upstream:short)%00%(objectname)%00%(upstream:track)%00%(upstream:remotename)%00%(upstream:remoteref) refs/heads/master refs/remotes/master [2ms]
2025-12-27 17:45:33.017 [info] > git for-each-ref --sort -committerdate --format %(refname)%00%(objectname)%00%(*objectname) [1ms]
2025-12-27 17:45:33.023 [info] > git status -z -uall [10ms]
2025-12-27 17:45:38.039 [info] > git config --get commit.template [5ms]
2025-12-27 17:45:38.041 [info] > git for-each-ref --format=%(refname)%00%(upstream:short)%00%(objectname)%00%(upstream:track)%00%(upstream:remotename)%00%(upstream:remoteref) refs/heads/master refs/remotes/master [3ms]
2025-12-27 17:45:38.051 [info] > git for-each-ref --sort -committerdate --format %(refname)%00%(objectname)%00%(*objectname) [1ms]
2025-12-27 17:45:38.056 [info] > git status -z -uall [11ms]
2025-12-27 17:45:43.073 [info] > git config --get commit.template [6ms]
2025-12-27 17:45:43.075 [info] > git for-each-ref --format=%(refname)%00%(upstream:short)%00%(objectname)%00%(upstream:track)%00%(upstream:remotename)%00%(upstream:remoteref) refs/heads/master refs/remotes/master [2ms]
2025-12-27 17:45:43.084 [info] > git for-each-ref --sort -committerdate --format %(refname)%00%(objectname)%00%(*objectname) [1ms]
2025-12-27 17:45:43.094 [info] > git status -z -uall [14ms]
2025-12-27 17:45:48.104 [info] > git config --get commit.template [3ms]
2025-12-27 17:45:48.105 [info] > git for-each-ref --format=%(refname)%00%(upstream:short)%00%(objectname)%00%(upstream:track)%00%(upstream:remotename)%00%(upstream:remoteref) refs/heads/master refs/remotes/master [1ms]
2025-12-27 17:45:48.112 [info] > git for-each-ref --sort -committerdate --format %(refname)%00%(objectname)%00%(*objectname) [1ms]
2025-12-27 17:45:48.121 [info] > git status -z -uall [13ms]
2025-12-27 17:45:53.131 [info] > git config --get commit.template [3ms]
2025-12-27 17:45:53.132 [info] > git for-each-ref --format=%(refname)%00%(upstream:short)%00%(objectname)%00%(upstream:track)%00%(upstream:remotename)%00%(upstream:remoteref) refs/heads/master refs/remotes/master [1ms]
2025-12-27 17:45:53.138 [info] > git for-each-ref --sort -committerdate --format %(refname)%00%(objectname)%00%(*objectname) [1ms]
2025-12-27 17:45:53.146 [info] > git status -z -uall [12ms]
2025-12-27 17:45:58.301 [info] > git config --get commit.template [6ms]
2025-12-27 17:45:58.301 [info] > git config --get commit.template [2ms]
2025-12-27 17:45:58.306 [info] > git for-each-ref --format=%(refname)%00%(upstream:short)%00%(objectname)%00%(upstream:track)%00%(upstream:remotename)%00%(upstream:remoteref) refs/heads/master refs/remotes/master [3ms]
2025-12-27 17:45:58.307 [info] > git for-each-ref --format=%(refname)%00%(upstream:short)%00%(objectname)%00%(upstream:track)%00%(upstream:remotename)%00%(upstream:remoteref) refs/heads/master refs/remotes/master [2ms]
2025-12-27 17:45:58.319 [info] > git for-each-ref --sort -committerdate --format %(refname)%00%(objectname)%00%(*objectname) [6ms]
2025-12-27 17:45:58.319 [info] > git for-each-ref --sort -committerdate --format %(refname)%00%(objectname)%00%(*objectname) [1ms]
2025-12-27 17:45:58.326 [info] > git status -z -uall [11ms]
2025-12-27 17:45:58.336 [info] > git status -z -uall [26ms]
2025-12-27 17:46:03.344 [info] > git config --get commit.template [7ms]
2025-12-27 17:46:03.346 [info] > git for-each-ref --format=%(refname)%00%(upstream:short)%00%(objectname)%00%(upstream:track)%00%(upstream:remotename)%00%(upstream:remoteref) refs/heads/master refs/remotes/master [3ms]
2025-12-27 17:46:03.356 [info] > git for-each-ref --sort -committerdate --format %(refname)%00%(objectname)%00%(*objectname) [1ms]
2025-12-27 17:46:03.366 [info] > git status -z -uall [15ms]
2025-12-27 17:46:08.388 [info] > git config --get commit.template [8ms]
2025-12-27 17:46:08.389 [info] > git for-each-ref --format=%(refname)%00%(upstream:short)%00%(objectname)%00%(upstream:track)%00%(upstream:remotename)%00%(upstream:remoteref) refs/heads/master refs/remotes/master [1ms]
2025-12-27 17:46:08.398 [info] > git for-each-ref --sort -committerdate --format %(refname)%00%(objectname)%00%(*objectname) [1ms]
2025-12-27 17:46:08.407 [info] > git status -z -uall [13ms]
2025-12-27 17:46:13.426 [info] > git config --get commit.template [5ms]
2025-12-27 17:46:13.427 [info] > git for-each-ref --format=%(refname)%00%(upstream:short)%00%(objectname)%00%(upstream:track)%00%(upstream:remotename)%00%(upstream:remoteref) refs/heads/master refs/remotes/master [2ms]
2025-12-27 17:46:13.437 [info] > git for-each-ref --sort -committerdate --format %(refname)%00%(objectname)%00%(*objectname) [1ms]
2025-12-27 17:46:13.443 [info] > git status -z -uall [11ms]
2025-12-27 17:46:18.463 [info] > git config --get commit.template [6ms]
2025-12-27 17:46:18.464 [info] > git for-each-ref --format=%(refname)%00%(upstream:short)%00%(objectname)%00%(upstream:track)%00%(upstream:remotename)%00%(upstream:remoteref) refs/heads/master refs/remotes/master [2ms]
2025-12-27 17:46:18.475 [info] > git for-each-ref --sort -committerdate --format %(refname)%00%(objectname)%00%(*objectname) [1ms]
2025-12-27 17:46:18.485 [info] > git status -z -uall [15ms]
2025-12-27 17:46:23.503 [info] > git config --get commit.template [6ms]
2025-12-27 17:46:23.504 [info] > git for-each-ref --format=%(refname)%00%(upstream:short)%00%(objectname)%00%(upstream:track)%00%(upstream:remotename)%00%(upstream:remoteref) refs/heads/master refs/remotes/master [2ms]
2025-12-27 17:46:23.515 [info] > git for-each-ref --sort -committerdate --format %(refname)%00%(objectname)%00%(*objectname) [1ms]
2025-12-27 17:46:23.521 [info] > git status -z -uall [11ms]
2025-12-27 17:46:28.540 [info] > git config --get commit.template [7ms]
2025-12-27 17:46:28.541 [info] > git for-each-ref --format=%(refname)%00%(upstream:short)%00%(objectname)%00%(upstream:track)%00%(upstream:remotename)%00%(upstream:remoteref) refs/heads/master refs/remotes/master [2ms]
2025-12-27 17:46:28.551 [info] > git for-each-ref --sort -committerdate --format %(refname)%00%(objectname)%00%(*objectname) [2ms]
2025-12-27 17:46:28.556 [info] > git status -z -uall [11ms]
2025-12-27 17:46:34.167 [info] > git config --get commit.template [4ms]
2025-12-27 17:46:34.168 [info] > git for-each-ref --format=%(refname)%00%(upstream:short)%00%(objectname)%00%(upstream:track)%00%(upstream:remotename)%00%(upstream:remoteref) refs/heads/master refs/remotes/master [1ms]
2025-12-27 17:46:34.178 [info] > git for-each-ref --sort -committerdate --format %(refname)%00%(objectname)%00%(*objectname) [4ms]
2025-12-27 17:46:34.190 [info] > git status -z -uall [18ms]
2025-12-27 17:46:39.211 [info] > git config --get commit.template [7ms]
2025-12-27 17:46:39.212 [info] > git for-each-ref --format=%(refname)%00%(upstream:short)%00%(objectname)%00%(upstream:track)%00%(upstream:remotename)%00%(upstream:remoteref) refs/heads/master refs/remotes/master [2ms]
2025-12-27 17:46:39.223 [info] > git for-each-ref --sort -committerdate --format %(refname)%00%(objectname)%00%(*objectname) [2ms]
2025-12-27 17:46:39.230 [info] > git status -z -uall [13ms]
2025-12-27 17:46:40.662 [info] > git check-ignore -v -z --stdin [3ms]
2025-12-27 17:46:41.304 [info] > git check-ignore -v -z --stdin [3ms]
2025-12-27 17:46:42.139 [info] > git show --textconv :hypr/Script/random_wallpaper.sh [9ms]
2025-12-27 17:46:42.141 [info] > git ls-files --stage -- hypr/Script/random_wallpaper.sh [3ms]
2025-12-27 17:46:42.146 [info] > git cat-file -s 92a9ed2b45597d775ca8611251f1733206a1e3f3 [2ms]
2025-12-27 17:46:42.925 [info] > git blame --root --incremental fdb9eb2860674a5fe1d62619af980be8c3526a2e -- hypr/Script/random_wallpaper.sh [180ms]
2025-12-27 17:46:44.245 [info] > git config --get commit.template [5ms]
2025-12-27 17:46:44.246 [info] > git for-each-ref --format=%(refname)%00%(upstream:short)%00%(objectname)%00%(upstream:track)%00%(upstream:remotename)%00%(upstream:remoteref) refs/heads/master refs/remotes/master [1ms]
2025-12-27 17:46:44.257 [info] > git for-each-ref --sort -committerdate --format %(refname)%00%(objectname)%00%(*objectname) [2ms]
2025-12-27 17:46:44.263 [info] > git status -z -uall [12ms]
2025-12-27 17:48:05.981 [info] > git config --get commit.template [4ms]
2025-12-27 17:48:05.982 [info] > git for-each-ref --format=%(refname)%00%(upstream:short)%00%(objectname)%00%(upstream:track)%00%(upstream:remotename)%00%(upstream:remoteref) refs/heads/master refs/remotes/master [2ms]
2025-12-27 17:48:06.000 [info] > git for-each-ref --sort -committerdate --format %(refname)%00%(objectname)%00%(*objectname) [5ms]
2025-12-27 17:48:06.012 [info] > git status -z -uall [25ms]
2025-12-27 17:48:18.016 [info] > git config --get commit.template [5ms]
2025-12-27 17:48:18.017 [info] > git for-each-ref --format=%(refname)%00%(upstream:short)%00%(objectname)%00%(upstream:track)%00%(upstream:remotename)%00%(upstream:remoteref) refs/heads/master refs/remotes/master [1ms]
2025-12-27 17:48:18.028 [info] > git for-each-ref --sort -committerdate --format %(refname)%00%(objectname)%00%(*objectname) [2ms]
2025-12-27 17:48:18.032 [info] > git status -z -uall [10ms]
2025-12-27 17:48:23.055 [info] > git config --get commit.template [7ms]
2025-12-27 17:48:23.056 [info] > git for-each-ref --format=%(refname)%00%(upstream:short)%00%(objectname)%00%(upstream:track)%00%(upstream:remotename)%00%(upstream:remoteref) refs/heads/master refs/remotes/master [2ms]
2025-12-27 17:48:23.067 [info] > git for-each-ref --sort -committerdate --format %(refname)%00%(objectname)%00%(*objectname) [2ms]
2025-12-27 17:48:23.072 [info] > git status -z -uall [11ms]
2025-12-27 17:48:28.093 [info] > git config --get commit.template [6ms]
2025-12-27 17:48:28.094 [info] > git for-each-ref --format=%(refname)%00%(upstream:short)%00%(objectname)%00%(upstream:track)%00%(upstream:remotename)%00%(upstream:remoteref) refs/heads/master refs/remotes/master [2ms]
2025-12-27 17:48:28.106 [info] > git for-each-ref --sort -committerdate --format %(refname)%00%(objectname)%00%(*objectname) [2ms]
2025-12-27 17:48:28.113 [info] > git status -z -uall [13ms]
2025-12-27 17:48:33.132 [info] > git config --get commit.template [7ms]
2025-12-27 17:48:33.133 [info] > git for-each-ref --format=%(refname)%00%(upstream:short)%00%(objectname)%00%(upstream:track)%00%(upstream:remotename)%00%(upstream:remoteref) refs/heads/master refs/remotes/master [2ms]
2025-12-27 17:48:33.141 [info] > git for-each-ref --sort -committerdate --format %(refname)%00%(objectname)%00%(*objectname) [1ms]
2025-12-27 17:48:33.149 [info] > git status -z -uall [12ms]
2025-12-27 17:48:40.370 [info] > git config --get commit.template [3ms]
2025-12-27 17:48:40.371 [info] > git for-each-ref --format=%(refname)%00%(upstream:short)%00%(objectname)%00%(upstream:track)%00%(upstream:remotename)%00%(upstream:remoteref) refs/heads/master refs/remotes/master [1ms]
2025-12-27 17:48:40.380 [info] > git for-each-ref --sort -committerdate --format %(refname)%00%(objectname)%00%(*objectname) [1ms]
2025-12-27 17:48:40.386 [info] > git status -z -uall [10ms]
2025-12-27 17:48:52.550 [info] > git config --get commit.template [4ms]
2025-12-27 17:48:52.550 [info] > git for-each-ref --format=%(refname)%00%(upstream:short)%00%(objectname)%00%(upstream:track)%00%(upstream:remotename)%00%(upstream:remoteref) refs/heads/master refs/remotes/master [1ms]
2025-12-27 17:48:52.560 [info] > git for-each-ref --sort -committerdate --format %(refname)%00%(objectname)%00%(*objectname) [3ms]
2025-12-27 17:48:52.566 [info] > git status -z -uall [13ms]
2025-12-27 17:48:57.583 [info] > git config --get commit.template [6ms]
2025-12-27 17:48:57.584 [info] > git for-each-ref --format=%(refname)%00%(upstream:short)%00%(objectname)%00%(upstream:track)%00%(upstream:remotename)%00%(upstream:remoteref) refs/heads/master refs/remotes/master [2ms]
2025-12-27 17:48:57.597 [info] > git for-each-ref --sort -committerdate --format %(refname)%00%(objectname)%00%(*objectname) [3ms]
2025-12-27 17:48:57.604 [info] > git status -z -uall [14ms]
2025-12-27 17:53:53.490 [info] > git config --get commit.template [10ms]
2025-12-27 17:53:53.492 [info] > git for-each-ref --format=%(refname)%00%(upstream:short)%00%(objectname)%00%(upstream:track)%00%(upstream:remotename)%00%(upstream:remoteref) refs/heads/master refs/remotes/master [4ms]
2025-12-27 17:53:53.506 [info] > git for-each-ref --sort -committerdate --format %(refname)%00%(objectname)%00%(*objectname) [2ms]
2025-12-27 17:53:53.512 [info] > git status -z -uall [13ms]
2025-12-27 17:53:58.530 [info] > git config --get commit.template [6ms]
2025-12-27 17:53:58.531 [info] > git for-each-ref --format=%(refname)%00%(upstream:short)%00%(objectname)%00%(upstream:track)%00%(upstream:remotename)%00%(upstream:remoteref) refs/heads/master refs/remotes/master [1ms]
2025-12-27 17:53:58.538 [info] > git for-each-ref --sort -committerdate --format %(refname)%00%(objectname)%00%(*objectname) [2ms]
2025-12-27 17:53:58.546 [info] > git status -z -uall [12ms]
2025-12-27 17:54:03.567 [info] > git config --get commit.template [7ms]
2025-12-27 17:54:03.568 [info] > git for-each-ref --format=%(refname)%00%(upstream:short)%00%(objectname)%00%(upstream:track)%00%(upstream:remotename)%00%(upstream:remoteref) refs/heads/master refs/remotes/master [1ms]
2025-12-27 17:54:03.579 [info] > git for-each-ref --sort -committerdate --format %(refname)%00%(objectname)%00%(*objectname) [2ms]
2025-12-27 17:54:03.585 [info] > git status -z -uall [12ms]
2025-12-27 17:54:08.602 [info] > git config --get commit.template [6ms]
2025-12-27 17:54:08.603 [info] > git for-each-ref --format=%(refname)%00%(upstream:short)%00%(objectname)%00%(upstream:track)%00%(upstream:remotename)%00%(upstream:remoteref) refs/heads/master refs/remotes/master [2ms]
2025-12-27 17:54:08.614 [info] > git for-each-ref --sort -committerdate --format %(refname)%00%(objectname)%00%(*objectname) [2ms]
2025-12-27 17:54:08.620 [info] > git status -z -uall [12ms]
2025-12-27 17:54:13.643 [info] > git for-each-ref --format=%(refname)%00%(upstream:short)%00%(objectname)%00%(upstream:track)%00%(upstream:remotename)%00%(upstream:remoteref) refs/heads/master refs/remotes/master [2ms]
2025-12-27 17:54:13.643 [info] > git config --get commit.template [8ms]
2025-12-27 17:54:13.653 [info] > git for-each-ref --sort -committerdate --format %(refname)%00%(objectname)%00%(*objectname) [2ms]
2025-12-27 17:54:13.660 [info] > git status -z -uall [13ms]
2025-12-27 17:54:18.677 [info] > git config --get commit.template [6ms]
2025-12-27 17:54:18.678 [info] > git for-each-ref --format=%(refname)%00%(upstream:short)%00%(objectname)%00%(upstream:track)%00%(upstream:remotename)%00%(upstream:remoteref) refs/heads/master refs/remotes/master [2ms]
2025-12-27 17:54:18.688 [info] > git for-each-ref --sort -committerdate --format %(refname)%00%(objectname)%00%(*objectname) [2ms]
2025-12-27 17:54:18.695 [info] > git status -z -uall [13ms]
2025-12-27 17:54:19.219 [info] > git check-ignore -v -z --stdin [3ms]
2025-12-27 17:54:23.712 [info] > git config --get commit.template [4ms]
2025-12-27 17:54:23.713 [info] > git for-each-ref --format=%(refname)%00%(upstream:short)%00%(objectname)%00%(upstream:track)%00%(upstream:remotename)%00%(upstream:remoteref) refs/heads/master refs/remotes/master [1ms]
2025-12-27 17:54:23.723 [info] > git for-each-ref --sort -committerdate --format %(refname)%00%(objectname)%00%(*objectname) [1ms]
2025-12-27 17:54:23.730 [info] > git status -z -uall [12ms]
2025-12-27 17:54:29.321 [info] > git config --get commit.template [7ms]
2025-12-27 17:54:29.323 [info] > git for-each-ref --format=%(refname)%00%(upstream:short)%00%(objectname)%00%(upstream:track)%00%(upstream:remotename)%00%(upstream:remoteref) refs/heads/master refs/remotes/master [3ms]
2025-12-27 17:54:29.336 [info] > git for-each-ref --sort -committerdate --format %(refname)%00%(objectname)%00%(*objectname) [2ms]
2025-12-27 17:54:29.349 [info] > git status -z -uall [21ms]
2025-12-27 17:54:34.370 [info] > git config --get commit.template [6ms]
2025-12-27 17:54:34.371 [info] > git for-each-ref --format=%(refname)%00%(upstream:short)%00%(objectname)%00%(upstream:track)%00%(upstream:remotename)%00%(upstream:remoteref) refs/heads/master refs/remotes/master [2ms]
2025-12-27 17:54:34.382 [info] > git for-each-ref --sort -committerdate --format %(refname)%00%(objectname)%00%(*objectname) [1ms]
2025-12-27 17:54:34.389 [info] > git status -z -uall [12ms]
2025-12-27 17:54:38.083 [info] > git rev-parse --show-toplevel [1ms]
2025-12-27 17:54:38.083 [info] fatal: not a git repository (or any of the parent directories): .git
2025-12-27 17:54:38.813 [info] > git rev-parse --show-toplevel [0ms]
2025-12-27 17:54:38.813 [info] fatal: not a git repository (or any of the parent directories): .git
2025-12-27 17:54:39.406 [info] > git config --get commit.template [5ms]
2025-12-27 17:54:39.408 [info] > git for-each-ref --format=%(refname)%00%(upstream:short)%00%(objectname)%00%(upstream:track)%00%(upstream:remotename)%00%(upstream:remoteref) refs/heads/master refs/remotes/master [2ms]
2025-12-27 17:54:39.416 [info] > git for-each-ref --sort -committerdate --format %(refname)%00%(objectname)%00%(*objectname) [1ms]
2025-12-27 17:54:39.424 [info] > git status -z -uall [12ms]
2025-12-27 17:54:44.446 [info] > git config --get commit.template [7ms]
2025-12-27 17:54:44.447 [info] > git for-each-ref --format=%(refname)%00%(upstream:short)%00%(objectname)%00%(upstream:track)%00%(upstream:remotename)%00%(upstream:remoteref) refs/heads/master refs/remotes/master [2ms]
2025-12-27 17:54:44.456 [info] > git for-each-ref --sort -committerdate --format %(refname)%00%(objectname)%00%(*objectname) [1ms]
2025-12-27 17:54:44.466 [info] > git status -z -uall [14ms]
2025-12-27 17:54:49.487 [info] > git config --get commit.template [6ms]
2025-12-27 17:54:49.489 [info] > git for-each-ref --format=%(refname)%00%(upstream:short)%00%(objectname)%00%(upstream:track)%00%(upstream:remotename)%00%(upstream:remoteref) refs/heads/master refs/remotes/master [3ms]
2025-12-27 17:54:49.499 [info] > git for-each-ref --sort -committerdate --format %(refname)%00%(objectname)%00%(*objectname) [1ms]
2025-12-27 17:54:49.507 [info] > git status -z -uall [12ms]
2025-12-27 17:54:54.526 [info] > git config --get commit.template [6ms]
2025-12-27 17:54:54.528 [info] > git for-each-ref --format=%(refname)%00%(upstream:short)%00%(objectname)%00%(upstream:track)%00%(upstream:remotename)%00%(upstream:remoteref) refs/heads/master refs/remotes/master [2ms]
2025-12-27 17:54:54.538 [info] > git for-each-ref --sort -committerdate --format %(refname)%00%(objectname)%00%(*objectname) [1ms]
2025-12-27 17:54:54.546 [info] > git status -z -uall [13ms]
2025-12-27 17:54:59.564 [info] > git config --get commit.template [6ms]
2025-12-27 17:54:59.565 [info] > git for-each-ref --format=%(refname)%00%(upstream:short)%00%(objectname)%00%(upstream:track)%00%(upstream:remotename)%00%(upstream:remoteref) refs/heads/master refs/remotes/master [2ms]
2025-12-27 17:54:59.576 [info] > git for-each-ref --sort -committerdate --format %(refname)%00%(objectname)%00%(*objectname) [1ms]
2025-12-27 17:54:59.583 [info] > git status -z -uall [12ms]
2025-12-27 17:55:04.605 [info] > git config --get commit.template [9ms]
2025-12-27 17:55:04.606 [info] > git for-each-ref --format=%(refname)%00%(upstream:short)%00%(objectname)%00%(upstream:track)%00%(upstream:remotename)%00%(upstream:remoteref) refs/heads/master refs/remotes/master [3ms]
2025-12-27 17:55:04.617 [info] > git for-each-ref --sort -committerdate --format %(refname)%00%(objectname)%00%(*objectname) [2ms]
2025-12-27 17:55:04.623 [info] > git status -z -uall [12ms]
2025-12-27 17:55:09.634 [info] > git config --get commit.template [2ms]
2025-12-27 17:55:09.635 [info] > git for-each-ref --format=%(refname)%00%(upstream:short)%00%(objectname)%00%(upstream:track)%00%(upstream:remotename)%00%(upstream:remoteref) refs/heads/master refs/remotes/master [1ms]
2025-12-27 17:55:09.641 [info] > git for-each-ref --sort -committerdate --format %(refname)%00%(objectname)%00%(*objectname) [1ms]
2025-12-27 17:55:09.648 [info] > git status -z -uall [11ms]
2025-12-27 17:55:14.672 [info] > git config --get commit.template [7ms]
2025-12-27 17:55:14.672 [info] > git for-each-ref --format=%(refname)%00%(upstream:short)%00%(objectname)%00%(upstream:track)%00%(upstream:remotename)%00%(upstream:remoteref) refs/heads/master refs/remotes/master [1ms]
2025-12-27 17:55:14.681 [info] > git for-each-ref --sort -committerdate --format %(refname)%00%(objectname)%00%(*objectname) [1ms]
2025-12-27 17:55:14.687 [info] > git status -z -uall [11ms]
2025-12-27 17:55:19.710 [info] > git config --get commit.template [7ms]
2025-12-27 17:55:19.711 [info] > git for-each-ref --format=%(refname)%00%(upstream:short)%00%(objectname)%00%(upstream:track)%00%(upstream:remotename)%00%(upstream:remoteref) refs/heads/master refs/remotes/master [2ms]
2025-12-27 17:55:19.723 [info] > git for-each-ref --sort -committerdate --format %(refname)%00%(objectname)%00%(*objectname) [2ms]
2025-12-27 17:55:19.730 [info] > git status -z -uall [14ms]
2025-12-27 17:55:23.381 [info] > git show --textconv :hypr/hyprland.conf [4ms]
2025-12-27 17:55:23.382 [info] > git ls-files --stage -- hypr/hyprland.conf [1ms]
2025-12-27 17:55:23.385 [info] > git cat-file -s 1f682130434eaf465e2fd1eddfcc3f950aec5b6b [1ms]
2025-12-27 17:55:24.742 [info] > git config --get commit.template [6ms]
2025-12-27 17:55:24.743 [info] > git for-each-ref --format=%(refname)%00%(upstream:short)%00%(objectname)%00%(upstream:track)%00%(upstream:remotename)%00%(upstream:remoteref) refs/heads/master refs/remotes/master [2ms]
2025-12-27 17:55:24.751 [info] > git for-each-ref --sort -committerdate --format %(refname)%00%(objectname)%00%(*objectname) [1ms]
2025-12-27 17:55:24.759 [info] > git status -z -uall [12ms]
2025-12-27 17:55:29.780 [info] > git config --get commit.template [6ms]
2025-12-27 17:55:29.781 [info] > git for-each-ref --format=%(refname)%00%(upstream:short)%00%(objectname)%00%(upstream:track)%00%(upstream:remotename)%00%(upstream:remoteref) refs/heads/master refs/remotes/master [2ms]
2025-12-27 17:55:29.792 [info] > git for-each-ref --sort -committerdate --format %(refname)%00%(objectname)%00%(*objectname) [1ms]
2025-12-27 17:55:29.802 [info] > git status -z -uall [16ms]
2025-12-27 17:55:34.816 [info] > git config --get commit.template [2ms]
2025-12-27 17:55:34.825 [info] > git for-each-ref --format=%(refname)%00%(upstream:short)%00%(objectname)%00%(upstream:track)%00%(upstream:remotename)%00%(upstream:remoteref) refs/heads/master refs/remotes/master [3ms]
2025-12-27 17:55:34.838 [info] > git for-each-ref --sort -committerdate --format %(refname)%00%(objectname)%00%(*objectname) [2ms]
2025-12-27 17:55:34.845 [info] > git status -z -uall [14ms]
2025-12-27 17:55:37.867 [info] > git blame --root --incremental fdb9eb2860674a5fe1d62619af980be8c3526a2e -- hypr/hyprland.conf [1ms]
2025-12-27 17:55:39.860 [info] > git config --get commit.template [6ms]
2025-12-27 17:55:39.862 [info] > git for-each-ref --format=%(refname)%00%(upstream:short)%00%(objectname)%00%(upstream:track)%00%(upstream:remotename)%00%(upstream:remoteref) refs/heads/master refs/remotes/master [3ms]
2025-12-27 17:55:39.871 [info] > git for-each-ref --sort -committerdate --format %(refname)%00%(objectname)%00%(*objectname) [2ms]
2025-12-27 17:55:39.877 [info] > git status -z -uall [11ms]
2025-12-27 17:55:44.891 [info] > git config --get commit.template [2ms]
2025-12-27 17:55:44.898 [info] > git for-each-ref --format=%(refname)%00%(upstream:short)%00%(objectname)%00%(upstream:track)%00%(upstream:remotename)%00%(upstream:remoteref) refs/heads/master refs/remotes/master [2ms]
2025-12-27 17:55:44.907 [info] > git for-each-ref --sort -committerdate --format %(refname)%00%(objectname)%00%(*objectname) [2ms]
2025-12-27 17:55:44.912 [info] > git status -z -uall [10ms]
2025-12-27 17:55:49.933 [info] > git config --get commit.template [7ms]
2025-12-27 17:55:49.934 [info] > git for-each-ref --format=%(refname)%00%(upstream:short)%00%(objectname)%00%(upstream:track)%00%(upstream:remotename)%00%(upstream:remoteref) refs/heads/master refs/remotes/master [3ms]
2025-12-27 17:55:49.944 [info] > git for-each-ref --sort -committerdate --format %(refname)%00%(objectname)%00%(*objectname) [2ms]
2025-12-27 17:55:49.954 [info] > git status -z -uall [15ms]
2025-12-27 17:55:54.973 [info] > git config --get commit.template [6ms]
2025-12-27 17:55:54.974 [info] > git for-each-ref --format=%(refname)%00%(upstream:short)%00%(objectname)%00%(upstream:track)%00%(upstream:remotename)%00%(upstream:remoteref) refs/heads/master refs/remotes/master [2ms]
2025-12-27 17:55:54.984 [info] > git for-each-ref --sort -committerdate --format %(refname)%00%(objectname)%00%(*objectname) [2ms]
2025-12-27 17:55:54.992 [info] > git status -z -uall [14ms]
2025-12-27 17:56:00.009 [info] > git config --get commit.template [7ms]
2025-12-27 17:56:00.011 [info] > git for-each-ref --format=%(refname)%00%(upstream:short)%00%(objectname)%00%(upstream:track)%00%(upstream:remotename)%00%(upstream:remoteref) refs/heads/master refs/remotes/master [2ms]
2025-12-27 17:56:00.020 [info] > git for-each-ref --sort -committerdate --format %(refname)%00%(objectname)%00%(*objectname) [1ms]
2025-12-27 17:56:00.026 [info] > git status -z -uall [10ms]
2025-12-27 17:56:05.043 [info] > git config --get commit.template [6ms]
2025-12-27 17:56:05.045 [info] > git for-each-ref --format=%(refname)%00%(upstream:short)%00%(objectname)%00%(upstream:track)%00%(upstream:remotename)%00%(upstream:remoteref) refs/heads/master refs/remotes/master [3ms]
2025-12-27 17:56:05.056 [info] > git for-each-ref --sort -committerdate --format %(refname)%00%(objectname)%00%(*objectname) [2ms]
2025-12-27 17:56:05.062 [info] > git status -z -uall [12ms]
2025-12-27 17:56:10.084 [info] > git config --get commit.template [8ms]
2025-12-27 17:56:10.086 [info] > git for-each-ref --format=%(refname)%00%(upstream:short)%00%(objectname)%00%(upstream:track)%00%(upstream:remotename)%00%(upstream:remoteref) refs/heads/master refs/remotes/master [2ms]
2025-12-27 17:56:10.097 [info] > git for-each-ref --sort -committerdate --format %(refname)%00%(objectname)%00%(*objectname) [2ms]
2025-12-27 17:56:10.108 [info] > git status -z -uall [17ms]
2025-12-27 17:56:15.128 [info] > git config --get commit.template [5ms]
2025-12-27 17:56:15.130 [info] > git for-each-ref --format=%(refname)%00%(upstream:short)%00%(objectname)%00%(upstream:track)%00%(upstream:remotename)%00%(upstream:remoteref) refs/heads/master refs/remotes/master [2ms]
2025-12-27 17:56:15.141 [info] > git for-each-ref --sort -committerdate --format %(refname)%00%(objectname)%00%(*objectname) [1ms]
2025-12-27 17:56:15.148 [info] > git status -z -uall [12ms]
2025-12-27 17:56:20.173 [info] > git config --get commit.template [6ms]
2025-12-27 17:56:20.174 [info] > git for-each-ref --format=%(refname)%00%(upstream:short)%00%(objectname)%00%(upstream:track)%00%(upstream:remotename)%00%(upstream:remoteref) refs/heads/master refs/remotes/master [2ms]
2025-12-27 17:56:20.192 [info] > git for-each-ref --sort -committerdate --format %(refname)%00%(objectname)%00%(*objectname) [2ms]
2025-12-27 17:56:20.201 [info] > git status -z -uall [16ms]
2025-12-27 17:56:25.219 [info] > git config --get commit.template [6ms]
2025-12-27 17:56:25.220 [info] > git for-each-ref --format=%(refname)%00%(upstream:short)%00%(objectname)%00%(upstream:track)%00%(upstream:remotename)%00%(upstream:remoteref) refs/heads/master refs/remotes/master [2ms]
2025-12-27 17:56:25.231 [info] > git for-each-ref --sort -committerdate --format %(refname)%00%(objectname)%00%(*objectname) [2ms]
2025-12-27 17:56:25.238 [info] > git status -z -uall [13ms]
2025-12-27 17:56:51.620 [info] > git config --get commit.template [5ms]
2025-12-27 17:56:51.621 [info] > git for-each-ref --format=%(refname)%00%(upstream:short)%00%(objectname)%00%(upstream:track)%00%(upstream:remotename)%00%(upstream:remoteref) refs/heads/master refs/remotes/master [1ms]
2025-12-27 17:56:51.628 [info] > git for-each-ref --sort -committerdate --format %(refname)%00%(objectname)%00%(*objectname) [1ms]
2025-12-27 17:56:51.635 [info] > git status -z -uall [11ms]
2025-12-27 17:56:57.875 [info] > git config --get commit.template [6ms]
2025-12-27 17:56:57.876 [info] > git for-each-ref --format=%(refname)%00%(upstream:short)%00%(objectname)%00%(upstream:track)%00%(upstream:remotename)%00%(upstream:remoteref) refs/heads/master refs/remotes/master [1ms]
2025-12-27 17:56:57.886 [info] > git for-each-ref --sort -committerdate --format %(refname)%00%(objectname)%00%(*objectname) [2ms]
2025-12-27 17:56:57.891 [info] > git status -z -uall [10ms]
2025-12-27 17:57:02.909 [info] > git config --get commit.template [7ms]
2025-12-27 17:57:02.911 [info] > git for-each-ref --format=%(refname)%00%(upstream:short)%00%(objectname)%00%(upstream:track)%00%(upstream:remotename)%00%(upstream:remoteref) refs/heads/master refs/remotes/master [3ms]
2025-12-27 17:57:02.920 [info] > git for-each-ref --sort -committerdate --format %(refname)%00%(objectname)%00%(*objectname) [2ms]
2025-12-27 17:57:02.928 [info] > git status -z -uall [12ms]
2025-12-27 17:57:07.950 [info] > git config --get commit.template [6ms]
2025-12-27 17:57:07.951 [info] > git for-each-ref --format=%(refname)%00%(upstream:short)%00%(objectname)%00%(upstream:track)%00%(upstream:remotename)%00%(upstream:remoteref) refs/heads/master refs/remotes/master [2ms]
2025-12-27 17:57:07.961 [info] > git for-each-ref --sort -committerdate --format %(refname)%00%(objectname)%00%(*objectname) [1ms]
2025-12-27 17:57:07.969 [info] > git status -z -uall [12ms]
2025-12-27 17:57:12.988 [info] > git config --get commit.template [6ms]
2025-12-27 17:57:12.990 [info] > git for-each-ref --format=%(refname)%00%(upstream:short)%00%(objectname)%00%(upstream:track)%00%(upstream:remotename)%00%(upstream:remoteref) refs/heads/master refs/remotes/master [3ms]
2025-12-27 17:57:13.000 [info] > git for-each-ref --sort -committerdate --format %(refname)%00%(objectname)%00%(*objectname) [1ms]
2025-12-27 17:57:13.008 [info] > git status -z -uall [13ms]
2025-12-27 17:57:18.028 [info] > git config --get commit.template [6ms]
2025-12-27 17:57:18.029 [info] > git for-each-ref --format=%(refname)%00%(upstream:short)%00%(objectname)%00%(upstream:track)%00%(upstream:remotename)%00%(upstream:remoteref) refs/heads/master refs/remotes/master [2ms]
2025-12-27 17:57:18.042 [info] > git for-each-ref --sort -committerdate --format %(refname)%00%(objectname)%00%(*objectname) [2ms]
2025-12-27 17:57:18.048 [info] > git status -z -uall [12ms]
2025-12-27 17:57:23.060 [info] > git config --get commit.template [4ms]
2025-12-27 17:57:23.061 [info] > git for-each-ref --format=%(refname)%00%(upstream:short)%00%(objectname)%00%(upstream:track)%00%(upstream:remotename)%00%(upstream:remoteref) refs/heads/master refs/remotes/master [1ms]
2025-12-27 17:57:23.074 [info] > git for-each-ref --sort -committerdate --format %(refname)%00%(objectname)%00%(*objectname) [4ms]
2025-12-27 17:57:23.096 [info] > git status -z -uall [32ms]
2025-12-27 17:57:28.121 [info] > git config --get commit.template [7ms]
2025-12-27 17:57:28.121 [info] > git for-each-ref --format=%(refname)%00%(upstream:short)%00%(objectname)%00%(upstream:track)%00%(upstream:remotename)%00%(upstream:remoteref) refs/heads/master refs/remotes/master [1ms]
2025-12-27 17:57:28.131 [info] > git for-each-ref --sort -committerdate --format %(refname)%00%(objectname)%00%(*objectname) [2ms]
2025-12-27 17:57:28.140 [info] > git status -z -uall [14ms]
2025-12-27 17:57:33.159 [info] > git config --get commit.template [7ms]
2025-12-27 17:57:33.160 [info] > git for-each-ref --format=%(refname)%00%(upstream:short)%00%(objectname)%00%(upstream:track)%00%(upstream:remotename)%00%(upstream:remoteref) refs/heads/master refs/remotes/master [2ms]
2025-12-27 17:57:33.171 [info] > git for-each-ref --sort -committerdate --format %(refname)%00%(objectname)%00%(*objectname) [2ms]
2025-12-27 17:57:33.179 [info] > git status -z -uall [13ms]
2025-12-27 17:57:38.198 [info] > git config --get commit.template [6ms]
2025-12-27 17:57:38.200 [info] > git for-each-ref --format=%(refname)%00%(upstream:short)%00%(objectname)%00%(upstream:track)%00%(upstream:remotename)%00%(upstream:remoteref) refs/heads/master refs/remotes/master [2ms]
2025-12-27 17:57:38.217 [info] > git for-each-ref --sort -committerdate --format %(refname)%00%(objectname)%00%(*objectname) [2ms]
2025-12-27 17:57:38.223 [info] > git status -z -uall [13ms]
2025-12-27 17:57:43.244 [info] > git config --get commit.template [6ms]
2025-12-27 17:57:43.245 [info] > git for-each-ref --format=%(refname)%00%(upstream:short)%00%(objectname)%00%(upstream:track)%00%(upstream:remotename)%00%(upstream:remoteref) refs/heads/master refs/remotes/master [1ms]
2025-12-27 17:57:43.260 [info] > git for-each-ref --sort -committerdate --format %(refname)%00%(objectname)%00%(*objectname) [1ms]
2025-12-27 17:57:43.265 [info] > git status -z -uall [11ms]
2025-12-27 17:57:48.282 [info] > git config --get commit.template [6ms]
2025-12-27 17:57:48.284 [info] > git for-each-ref --format=%(refname)%00%(upstream:short)%00%(objectname)%00%(upstream:track)%00%(upstream:remotename)%00%(upstream:remoteref) refs/heads/master refs/remotes/master [3ms]
2025-12-27 17:57:48.294 [info] > git for-each-ref --sort -committerdate --format %(refname)%00%(objectname)%00%(*objectname) [2ms]
2025-12-27 17:57:48.300 [info] > git status -z -uall [11ms]
2025-12-27 17:57:53.322 [info] > git config --get commit.template [7ms]
2025-12-27 17:57:53.323 [info] > git for-each-ref --format=%(refname)%00%(upstream:short)%00%(objectname)%00%(upstream:track)%00%(upstream:remotename)%00%(upstream:remoteref) refs/heads/master refs/remotes/master [2ms]
2025-12-27 17:57:53.331 [info] > git for-each-ref --sort -committerdate --format %(refname)%00%(objectname)%00%(*objectname) [1ms]
2025-12-27 17:57:53.339 [info] > git status -z -uall [12ms]
2025-12-27 17:57:58.362 [info] > git config --get commit.template [7ms]
2025-12-27 17:57:58.363 [info] > git for-each-ref --format=%(refname)%00%(upstream:short)%00%(objectname)%00%(upstream:track)%00%(upstream:remotename)%00%(upstream:remoteref) refs/heads/master refs/remotes/master [2ms]
2025-12-27 17:57:58.381 [info] > git for-each-ref --sort -committerdate --format %(refname)%00%(objectname)%00%(*objectname) [2ms]
2025-12-27 17:57:58.388 [info] > git status -z -uall [14ms]
2025-12-27 17:58:04.670 [info] > git config --get commit.template [3ms]
2025-12-27 17:58:04.671 [info] > git for-each-ref --format=%(refname)%00%(upstream:short)%00%(objectname)%00%(upstream:track)%00%(upstream:remotename)%00%(upstream:remoteref) refs/heads/master refs/remotes/master [1ms]
2025-12-27 17:58:04.679 [info] > git for-each-ref --sort -committerdate --format %(refname)%00%(objectname)%00%(*objectname) [1ms]
2025-12-27 17:58:04.684 [info] > git status -z -uall [10ms]
