2025-12-27 17:58:33.220 [info] Extension host with pid 8079 started
2025-12-27 17:58:33.220 [info] Skipping acquiring lock for /home/bat/.config/Code/User/workspaceStorage/9ed39626cd4d98d7ca27e9489f47712a.
2025-12-27 17:58:33.244 [info] ExtensionService#_doActivateExtension vscode.github-authentication, startup: false, activationEvent: 'onAuthenticationRequest:github'
2025-12-27 17:58:33.266 [info] ExtensionService#_doActivateExtension vscode.emmet, startup: false, activationEvent: 'onLanguage'
2025-12-27 17:58:33.321 [info] ExtensionService#_doActivateExtension vscode.git-base, startup: true, activationEvent: '*', root cause: vscode.git
2025-12-27 17:58:33.345 [info] ExtensionService#_doActivateExtension vscode.git, startup: true, activationEvent: '*'
2025-12-27 17:58:33.389 [info] ExtensionService#_doActivateExtension vscode.github, startup: true, activationEvent: '*'
2025-12-27 17:58:33.526 [info] Eager extensions activated
2025-12-27 17:58:33.544 [warning] [Decorations] CAPPING events from decorations provider vscode.git 447
2025-12-27 17:58:33.618 [info] ExtensionService#_doActivateExtension vscode.debug-auto-launch, startup: false, activationEvent: 'onStartupFinished'
2025-12-27 17:58:33.620 [info] ExtensionService#_doActivateExtension vscode.merge-conflict, startup: false, activationEvent: 'onStartupFinished'
2025-12-27 17:58:33.636 [info] ExtensionService#_doActivateExtension aaron-bond.better-comments, startup: false, activationEvent: 'onStartupFinished'
2025-12-27 17:58:33.639 [info] ExtensionService#_doActivateExtension esbenp.prettier-vscode, startup: false, activationEvent: 'onStartupFinished'
2025-12-27 17:58:33.687 [info] ExtensionService#_doActivateExtension formulahendry.code-runner, startup: false, activationEvent: 'onStartupFinished'
2025-12-27 17:58:33.697 [info] ExtensionService#_doActivateExtension ritwickdey.LiveServer, startup: false, activationEvent: 'onStartupFinished'
2025-12-27 17:58:33.699 [info] ExtensionService#_doActivateExtension viral-team.carbon-candy, startup: false, activationEvent: 'onStartupFinished'
2025-12-27 17:58:33.701 [error] Activating extension viral-team.carbon-candy failed due to an error:
2025-12-27 17:58:33.701 [error] Error: Cannot find module '../icons/carbon-candy-icon-theme.json'
Require stack:
- /home/bat/.vscode/extensions/viral-team.carbon-candy-0.2.2/lib/config.js
- /home/bat/.vscode/extensions/viral-team.carbon-candy-0.2.2/lib/change-listener.js
- /home/bat/.vscode/extensions/viral-team.carbon-candy-0.2.2/extension.js
- /opt/visual-studio-code/resources/app/out/vs/workbench/api/node/extensionHostProcess.js
	at Module._resolveFilename (node:internal/modules/cjs/loader:1390:15)
	at n._resolveFilename (node:electron/js2c/utility_init:2:16354)
	at t._resolveFilename (file:///opt/visual-studio-code/resources/app/out/vs/workbench/api/node/extensionHostProcess.js:222:22880)
	at defaultResolveImpl (node:internal/modules/cjs/loader:1032:19)
	at resolveForCJSWithHooks (node:internal/modules/cjs/loader:1037:22)
	at Module._load (node:internal/modules/cjs/loader:1199:37)
	at c._load (node:electron/js2c/node_init:2:17993)
	at e._load (file:///opt/visual-studio-code/resources/app/out/vs/workbench/api/node/extensionHostProcess.js:404:6048)
	at t._load (file:///opt/visual-studio-code/resources/app/out/vs/workbench/api/node/extensionHostProcess.js:222:22598)
	at r._load (file:///opt/visual-studio-code/resources/app/out/vs/workbench/api/node/extensionHostProcess.js:214:24094)
	at TracingChannel.traceSync (node:diagnostics_channel:328:14)
	at wrapModuleLoad (node:internal/modules/cjs/loader:244:24)
	at Module.require (node:internal/modules/cjs/loader:1470:12)
	at require (node:internal/modules/helpers:147:16)
	at Object.<anonymous> (/home/bat/.vscode/extensions/viral-team.carbon-candy-0.2.2/lib/config.js:3:23)
	at Module._compile (node:internal/modules/cjs/loader:1714:14)
	at Module._extensions..js (node:internal/modules/cjs/loader:1848:10)
	at Module.load (node:internal/modules/cjs/loader:1448:32)
	at Module._load (node:internal/modules/cjs/loader:1270:12)
	at c._load (node:electron/js2c/node_init:2:17993)
	at e._load (file:///opt/visual-studio-code/resources/app/out/vs/workbench/api/node/extensionHostProcess.js:404:6048)
	at t._load (file:///opt/visual-studio-code/resources/app/out/vs/workbench/api/node/extensionHostProcess.js:222:22598)
	at r._load (file:///opt/visual-studio-code/resources/app/out/vs/workbench/api/node/extensionHostProcess.js:214:24094)
	at TracingChannel.traceSync (node:diagnostics_channel:328:14)
	at wrapModuleLoad (node:internal/modules/cjs/loader:244:24)
	at Module.require (node:internal/modules/cjs/loader:1470:12)
	at require (node:internal/modules/helpers:147:16)
	at Object.<anonymous> (/home/bat/.vscode/extensions/viral-team.carbon-candy-0.2.2/lib/change-listener.js:1:72)
	at Module._compile (node:internal/modules/cjs/loader:1714:14)
	at Module._extensions..js (node:internal/modules/cjs/loader:1848:10)
	at Module.load (node:internal/modules/cjs/loader:1448:32)
	at Module._load (node:internal/modules/cjs/loader:1270:12)
	at c._load (node:electron/js2c/node_init:2:17993)
	at e._load (file:///opt/visual-studio-code/resources/app/out/vs/workbench/api/node/extensionHostProcess.js:404:6048)
	at t._load (file:///opt/visual-studio-code/resources/app/out/vs/workbench/api/node/extensionHostProcess.js:222:22598)
	at r._load (file:///opt/visual-studio-code/resources/app/out/vs/workbench/api/node/extensionHostProcess.js:214:24094)
	at TracingChannel.traceSync (node:diagnostics_channel:328:14)
	at wrapModuleLoad (node:internal/modules/cjs/loader:244:24)
	at Module.require (node:internal/modules/cjs/loader:1470:12)
	at require (node:internal/modules/helpers:147:16)
	at Object.<anonymous> (/home/bat/.vscode/extensions/viral-team.carbon-candy-0.2.2/extension.js:2:34)
	at Module._compile (node:internal/modules/cjs/loader:1714:14)
	at Module._extensions..js (node:internal/modules/cjs/loader:1848:10)
	at Module.load (node:internal/modules/cjs/loader:1448:32)
	at Module._load (node:internal/modules/cjs/loader:1270:12)
	at c._load (node:electron/js2c/node_init:2:17993)
	at e._load (file:///opt/visual-studio-code/resources/app/out/vs/workbench/api/node/extensionHostProcess.js:404:6048)
	at t._load (file:///opt/visual-studio-code/resources/app/out/vs/workbench/api/node/extensionHostProcess.js:222:22598)
	at r._load (file:///opt/visual-studio-code/resources/app/out/vs/workbench/api/node/extensionHostProcess.js:214:24094)
	at TracingChannel.traceSync (node:diagnostics_channel:328:14)
	at wrapModuleLoad (node:internal/modules/cjs/loader:244:24)
	at Module.require (node:internal/modules/cjs/loader:1470:12)
	at require (node:internal/modules/helpers:147:16)
	at HX.Cb (file:///opt/visual-studio-code/resources/app/out/vs/workbench/api/node/extensionHostProcess.js:253:1253)
2025-12-27 17:58:33.823 [warning] [Decorations] CAPPING events from decorations provider vscode.git 454
2025-12-27 17:58:37.093 [warning] [Decorations] CAPPING events from decorations provider vscode.git 454
2025-12-27 17:58:37.460 [info] ExtensionService#_doActivateExtension vscode.css-language-features, startup: false, activationEvent: 'onLanguage:css'
2025-12-27 17:58:42.132 [warning] [Decorations] CAPPING events from decorations provider vscode.git 455
2025-12-27 17:58:45.335 [info] ExtensionService#_doActivateExtension vscode.configuration-editing, startup: false, activationEvent: 'onLanguage:jsonc'
2025-12-27 17:58:45.342 [info] ExtensionService#_doActivateExtension vscode.json-language-features, startup: false, activationEvent: 'onLanguage:jsonc'
2025-12-27 17:58:45.377 [info] ExtensionService#_doActivateExtension vscode.typescript-language-features, startup: false, activationEvent: 'onLanguage:jsonc'
2025-12-27 17:58:47.178 [warning] [Decorations] CAPPING events from decorations provider vscode.git 454
2025-12-27 17:58:52.222 [warning] [Decorations] CAPPING events from decorations provider vscode.git 454
2025-12-27 17:58:57.272 [warning] [Decorations] CAPPING events from decorations provider vscode.git 454
2025-12-27 17:59:02.312 [warning] [Decorations] CAPPING events from decorations provider vscode.git 455
2025-12-27 18:00:37.284 [warning] [Decorations] CAPPING events from decorations provider vscode.git 456
2025-12-27 18:00:42.321 [warning] [Decorations] CAPPING events from decorations provider vscode.git 453
2025-12-27 18:00:47.362 [warning] [Decorations] CAPPING events from decorations provider vscode.git 453
2025-12-27 18:00:52.396 [warning] [Decorations] CAPPING events from decorations provider vscode.git 453
2025-12-27 18:00:57.433 [warning] [Decorations] CAPPING events from decorations provider vscode.git 453
2025-12-27 18:01:02.471 [warning] [Decorations] CAPPING events from decorations provider vscode.git 453
2025-12-27 18:01:07.507 [warning] [Decorations] CAPPING events from decorations provider vscode.git 454
2025-12-27 18:01:12.555 [warning] [Decorations] CAPPING events from decorations provider vscode.git 454
2025-12-27 18:01:17.587 [warning] [Decorations] CAPPING events from decorations provider vscode.git 454
2025-12-27 18:01:22.621 [warning] [Decorations] CAPPING events from decorations provider vscode.git 454
2025-12-27 18:01:27.662 [warning] [Decorations] CAPPING events from decorations provider vscode.git 454
2025-12-27 18:01:32.698 [warning] [Decorations] CAPPING events from decorations provider vscode.git 455
2025-12-27 18:01:37.727 [warning] [Decorations] CAPPING events from decorations provider vscode.git 455
2025-12-27 18:01:42.765 [warning] [Decorations] CAPPING events from decorations provider vscode.git 455
2025-12-27 18:01:47.798 [warning] [Decorations] CAPPING events from decorations provider vscode.git 455
2025-12-27 18:01:52.830 [warning] [Decorations] CAPPING events from decorations provider vscode.git 455
2025-12-27 18:01:57.872 [warning] [Decorations] CAPPING events from decorations provider vscode.git 455
2025-12-27 18:02:02.913 [warning] [Decorations] CAPPING events from decorations provider vscode.git 455
2025-12-27 18:02:07.952 [warning] [Decorations] CAPPING events from decorations provider vscode.git 456
2025-12-27 18:02:12.984 [warning] [Decorations] CAPPING events from decorations provider vscode.git 456
2025-12-27 18:02:45.222 [warning] [Decorations] CAPPING events from decorations provider vscode.git 456
2025-12-27 18:02:50.267 [warning] [Decorations] CAPPING events from decorations provider vscode.git 456
2025-12-27 18:02:55.309 [warning] [Decorations] CAPPING events from decorations provider vscode.git 457
2025-12-27 18:03:00.350 [warning] [Decorations] CAPPING events from decorations provider vscode.git 457
2025-12-27 18:03:05.392 [warning] [Decorations] CAPPING events from decorations provider vscode.git 457
2025-12-27 18:03:10.430 [warning] [Decorations] CAPPING events from decorations provider vscode.git 457
2025-12-27 18:03:15.459 [warning] [Decorations] CAPPING events from decorations provider vscode.git 457
2025-12-27 18:03:20.506 [warning] [Decorations] CAPPING events from decorations provider vscode.git 457
2025-12-27 18:03:25.552 [warning] [Decorations] CAPPING events from decorations provider vscode.git 457
2025-12-27 18:03:30.587 [warning] [Decorations] CAPPING events from decorations provider vscode.git 457
2025-12-27 18:03:35.634 [warning] [Decorations] CAPPING events from decorations provider vscode.git 457
2025-12-27 18:03:40.673 [warning] [Decorations] CAPPING events from decorations provider vscode.git 457
2025-12-27 18:03:45.703 [warning] [Decorations] CAPPING events from decorations provider vscode.git 457
2025-12-27 18:03:50.736 [warning] [Decorations] CAPPING events from decorations provider vscode.git 457
2025-12-27 18:03:55.771 [warning] [Decorations] CAPPING events from decorations provider vscode.git 458
2025-12-27 18:04:29.747 [warning] [Decorations] CAPPING events from decorations provider vscode.git 458
2025-12-27 18:04:34.784 [warning] [Decorations] CAPPING events from decorations provider vscode.git 458
2025-12-27 18:04:39.818 [warning] [Decorations] CAPPING events from decorations provider vscode.git 458
2025-12-27 18:04:44.858 [warning] [Decorations] CAPPING events from decorations provider vscode.git 459
2025-12-27 18:04:49.901 [warning] [Decorations] CAPPING events from decorations provider vscode.git 459
2025-12-27 18:04:54.942 [warning] [Decorations] CAPPING events from decorations provider vscode.git 459
2025-12-27 18:04:59.980 [warning] [Decorations] CAPPING events from decorations provider vscode.git 459
2025-12-27 18:05:05.006 [warning] [Decorations] CAPPING events from decorations provider vscode.git 459
2025-12-27 18:05:10.046 [warning] [Decorations] CAPPING events from decorations provider vscode.git 459
2025-12-27 18:05:15.083 [warning] [Decorations] CAPPING events from decorations provider vscode.git 459
2025-12-27 18:05:20.125 [warning] [Decorations] CAPPING events from decorations provider vscode.git 459
2025-12-27 18:05:25.158 [warning] [Decorations] CAPPING events from decorations provider vscode.git 460
2025-12-27 18:05:30.198 [warning] [Decorations] CAPPING events from decorations provider vscode.git 460
2025-12-27 18:05:35.237 [warning] [Decorations] CAPPING events from decorations provider vscode.git 461
2025-12-27 18:05:42.484 [warning] [Decorations] CAPPING events from decorations provider vscode.git 462
2025-12-27 18:05:47.528 [warning] [Decorations] CAPPING events from decorations provider vscode.git 462
2025-12-27 18:05:52.565 [warning] [Decorations] CAPPING events from decorations provider vscode.git 463
2025-12-27 18:05:57.603 [warning] [Decorations] CAPPING events from decorations provider vscode.git 463
2025-12-27 18:06:02.645 [warning] [Decorations] CAPPING events from decorations provider vscode.git 463
2025-12-27 18:06:07.688 [warning] [Decorations] CAPPING events from decorations provider vscode.git 463
2025-12-27 18:06:12.737 [warning] [Decorations] CAPPING events from decorations provider vscode.git 463
2025-12-27 18:06:17.777 [warning] [Decorations] CAPPING events from decorations provider vscode.git 465
2025-12-27 18:06:22.820 [warning] [Decorations] CAPPING events from decorations provider vscode.git 465
2025-12-27 18:06:27.856 [warning] [Decorations] CAPPING events from decorations provider vscode.git 464
2025-12-27 18:06:32.887 [warning] [Decorations] CAPPING events from decorations provider vscode.git 464
2025-12-27 18:06:37.932 [warning] [Decorations] CAPPING events from decorations provider vscode.git 464
2025-12-27 18:06:42.970 [warning] [Decorations] CAPPING events from decorations provider vscode.git 464
2025-12-27 18:06:48.008 [warning] [Decorations] CAPPING events from decorations provider vscode.git 464
2025-12-27 18:06:53.035 [warning] [Decorations] CAPPING events from decorations provider vscode.git 465
2025-12-27 18:06:58.839 [warning] [Decorations] CAPPING events from decorations provider vscode.git 465
2025-12-27 18:07:03.878 [warning] [Decorations] CAPPING events from decorations provider vscode.git 465
2025-12-27 18:07:08.914 [warning] [Decorations] CAPPING events from decorations provider vscode.git 465
2025-12-27 18:07:13.939 [warning] [Decorations] CAPPING events from decorations provider vscode.git 465
2025-12-27 18:07:18.980 [warning] [Decorations] CAPPING events from decorations provider vscode.git 465
2025-12-27 18:07:24.035 [warning] [Decorations] CAPPING events from decorations provider vscode.git 466
2025-12-27 18:07:29.083 [warning] [Decorations] CAPPING events from decorations provider vscode.git 466
2025-12-27 18:07:34.124 [warning] [Decorations] CAPPING events from decorations provider vscode.git 466
2025-12-27 18:07:39.169 [warning] [Decorations] CAPPING events from decorations provider vscode.git 466
2025-12-27 18:07:44.210 [warning] [Decorations] CAPPING events from decorations provider vscode.git 466
2025-12-27 18:07:49.254 [warning] [Decorations] CAPPING events from decorations provider vscode.git 466
2025-12-27 18:07:54.284 [warning] [Decorations] CAPPING events from decorations provider vscode.git 466
2025-12-27 18:07:59.322 [warning] [Decorations] CAPPING events from decorations provider vscode.git 466
2025-12-27 18:08:04.360 [warning] [Decorations] CAPPING events from decorations provider vscode.git 467
2025-12-27 18:08:09.397 [warning] [Decorations] CAPPING events from decorations provider vscode.git 467
2025-12-27 18:09:13.085 [warning] [Decorations] CAPPING events from decorations provider vscode.git 467
2025-12-27 18:09:18.107 [warning] [Decorations] CAPPING events from decorations provider vscode.git 467
2025-12-27 18:09:23.148 [warning] [Decorations] CAPPING events from decorations provider vscode.git 468
2025-12-27 18:09:28.189 [warning] [Decorations] CAPPING events from decorations provider vscode.git 468
2025-12-27 18:09:33.221 [warning] [Decorations] CAPPING events from decorations provider vscode.git 469
2025-12-27 18:09:38.265 [warning] [Decorations] CAPPING events from decorations provider vscode.git 469
2025-12-27 18:09:43.307 [warning] [Decorations] CAPPING events from decorations provider vscode.git 469
2025-12-27 18:09:48.355 [warning] [Decorations] CAPPING events from decorations provider vscode.git 469
2025-12-27 18:09:53.395 [warning] [Decorations] CAPPING events from decorations provider vscode.git 470
2025-12-27 18:09:58.441 [warning] [Decorations] CAPPING events from decorations provider vscode.git 470
2025-12-27 18:10:03.487 [warning] [Decorations] CAPPING events from decorations provider vscode.git 470
2025-12-27 18:10:08.522 [warning] [Decorations] CAPPING events from decorations provider vscode.git 470
2025-12-27 18:10:13.568 [warning] [Decorations] CAPPING events from decorations provider vscode.git 470
2025-12-27 18:10:18.619 [warning] [Decorations] CAPPING events from decorations provider vscode.git 470
2025-12-27 18:10:23.669 [warning] [Decorations] CAPPING events from decorations provider vscode.git 471
2025-12-27 18:10:28.712 [warning] [Decorations] CAPPING events from decorations provider vscode.git 471
2025-12-27 18:10:33.752 [warning] [Decorations] CAPPING events from decorations provider vscode.git 472
2025-12-27 18:10:38.794 [warning] [Decorations] CAPPING events from decorations provider vscode.git 472
2025-12-27 18:10:43.833 [warning] [Decorations] CAPPING events from decorations provider vscode.git 472
2025-12-27 18:10:48.870 [warning] [Decorations] CAPPING events from decorations provider vscode.git 472
2025-12-27 18:10:57.583 [warning] [Decorations] CAPPING events from decorations provider vscode.git 472
2025-12-27 18:11:02.617 [warning] [Decorations] CAPPING events from decorations provider vscode.git 472
2025-12-27 18:11:04.910 [info] ExtensionService#_doActivateExtension vscode.debug-server-ready, startup: false, activationEvent: 'onDebugResolve'
2025-12-27 18:11:08.789 [warning] [Decorations] CAPPING events from decorations provider vscode.git 472
2025-12-27 18:11:13.825 [warning] [Decorations] CAPPING events from decorations provider vscode.git 472
2025-12-27 18:11:18.863 [warning] [Decorations] CAPPING events from decorations provider vscode.git 472
2025-12-27 18:11:23.901 [warning] [Decorations] CAPPING events from decorations provider vscode.git 472
