2025-12-26 18:50:19.256 [info] [main] Log level: Info
2025-12-26 18:50:19.256 [info] [main] Validating found git in: "git"
2025-12-26 18:50:19.256 [info] [main] Using git "2.52.0" from "git"
2025-12-26 18:50:19.256 [info] [Model][doInitialScan] Initial repository scan started
2025-12-26 18:50:19.256 [info] > git rev-parse --show-toplevel [20ms]
2025-12-26 18:50:19.256 [info] fatal: not a git repository (or any of the parent directories): .git
2025-12-26 18:50:19.256 [info] > git rev-parse --show-toplevel [6ms]
2025-12-26 18:50:19.256 [info] fatal: not a git repository (or any of the parent directories): .git
2025-12-26 18:50:19.256 [info] > git rev-parse --show-toplevel [3ms]
2025-12-26 18:50:19.256 [info] fatal: not a git repository (or any of the parent directories): .git
2025-12-26 18:50:19.256 [info] > git rev-parse --show-toplevel [3ms]
2025-12-26 18:50:19.256 [info] fatal: not a git repository (or any of the parent directories): .git
2025-12-26 18:50:19.256 [info] > git rev-parse --show-toplevel [4ms]
2025-12-26 18:50:19.256 [info] fatal: not a git repository (or any of the parent directories): .git
2025-12-26 18:50:19.256 [info] > git rev-parse --show-toplevel [3ms]
2025-12-26 18:50:19.256 [info] fatal: not a git repository (or any of the parent directories): .git
2025-12-26 18:50:19.256 [info] > git rev-parse --show-toplevel [4ms]
2025-12-26 18:50:19.256 [info] > git rev-parse --git-dir --git-common-dir --show-superproject-working-tree [7ms]
2025-12-26 18:50:19.256 [info] [Model][openRepository] Opened repository (path): /home/bat/.oh-my-zsh
2025-12-26 18:50:19.256 [info] [Model][openRepository] Opened repository (real path): /home/bat/.oh-my-zsh
2025-12-26 18:50:19.256 [info] [Model][openRepository] Opened repository (kind): repository
2025-12-26 18:50:19.256 [info] > git config --get commit.template [11ms]
2025-12-26 18:50:19.256 [info] > git rev-parse --show-toplevel [6ms]
2025-12-26 18:50:19.256 [info] fatal: not a git repository (or any of the parent directories): .git
2025-12-26 18:50:19.256 [info] > git rev-parse --show-toplevel [3ms]
2025-12-26 18:50:19.256 [info] fatal: not a git repository (or any of the parent directories): .git
2025-12-26 18:50:19.256 [info] > git for-each-ref --format=%(refname)%00%(upstream:short)%00%(objectname)%00%(upstream:track)%00%(upstream:remotename)%00%(upstream:remoteref) refs/heads/master refs/remotes/master [13ms]
2025-12-26 18:50:19.256 [info] > git for-each-ref --sort -committerdate --format %(refname)%00%(objectname)%00%(*objectname) [6ms]
2025-12-26 18:50:19.256 [info] > git rev-parse --show-toplevel [29ms]
2025-12-26 18:50:19.256 [info] fatal: not a git repository (or any of the parent directories): .git
2025-12-26 18:50:19.256 [info] [Model][doInitialScan] Initial repository scan completed - repositories (1), closed repositories (0), parent repositories (0), unsafe repositories (0)
2025-12-26 18:50:19.331 [info] > git status -z -uall [128ms]
2025-12-26 18:50:19.402 [info] > git for-each-ref --format=%(refname)%00%(upstream:short)%00%(objectname)%00%(upstream:track)%00%(upstream:remotename)%00%(upstream:remoteref) refs/heads/master refs/remotes/master [24ms]
2025-12-26 18:50:19.840 [info] > git config --get --local branch.master.vscode-merge-base [429ms]
2025-12-26 18:50:19.850 [info] > git config --get commit.template [449ms]
2025-12-26 18:50:19.957 [info] > git for-each-ref --format=%(refname)%00%(upstream:short)%00%(objectname)%00%(upstream:track)%00%(upstream:remotename)%00%(upstream:remoteref) refs/heads/origin/master refs/remotes/origin/master [108ms]
2025-12-26 18:50:19.973 [info] > git fetch [838ms]
2025-12-26 18:50:20.015 [info] > git check-ignore -v -z --stdin [30ms]
2025-12-26 18:50:20.016 [info] > git merge-base refs/heads/master refs/remotes/origin/master [45ms]
2025-12-26 18:50:20.025 [info] > git rev-parse --show-toplevel [70ms]
2025-12-26 18:50:20.025 [info] fatal: not a git repository (or any of the parent directories): .git
2025-12-26 18:50:20.028 [info] > git config --get commit.template [15ms]
2025-12-26 18:50:20.029 [info] > git for-each-ref --format=%(refname)%00%(upstream:short)%00%(objectname)%00%(upstream:track)%00%(upstream:remotename)%00%(upstream:remoteref) refs/heads/master refs/remotes/master [25ms]
2025-12-26 18:50:20.033 [info] > git diff --name-status -z --diff-filter=ADMR --find-renames=50% 0f45f82c0afdcaf71b193e349d01c069a3fb9de7...refs/remotes/origin/master -- [9ms]
2025-12-26 18:50:20.055 [info] > git for-each-ref --format=%(refname)%00%(upstream:short)%00%(objectname)%00%(upstream:track)%00%(upstream:remotename)%00%(upstream:remoteref) refs/heads/master refs/remotes/master [14ms]
2025-12-26 18:50:20.080 [info] > git for-each-ref --sort -committerdate --format %(refname)%00%(objectname)%00%(*objectname) [4ms]
2025-12-26 18:50:20.147 [info] > git status -z -uall [80ms]
2025-12-26 18:50:23.597 [info] > git rev-parse --show-toplevel [4ms]
2025-12-26 18:50:23.598 [info] fatal: not a git repository (or any of the parent directories): .git
2025-12-26 18:52:51.056 [info] > git rev-parse --show-toplevel [5ms]
2025-12-26 18:52:51.056 [info] fatal: not a git repository (or any of the parent directories): .git
2025-12-26 18:53:21.084 [info] > git fetch [916ms]
2025-12-26 18:53:21.095 [info] > git config --get commit.template [3ms]
2025-12-26 18:53:21.103 [info] > git for-each-ref --format=%(refname)%00%(upstream:short)%00%(objectname)%00%(upstream:track)%00%(upstream:remotename)%00%(upstream:remoteref) refs/heads/master refs/remotes/master [3ms]
2025-12-26 18:53:21.120 [info] > git for-each-ref --sort -committerdate --format %(refname)%00%(objectname)%00%(*objectname) [4ms]
2025-12-26 18:53:21.185 [info] > git status -z -uall [75ms]
2025-12-26 18:54:06.449 [info] > git rev-parse --show-toplevel [4ms]
2025-12-26 18:54:06.449 [info] fatal: not a git repository (or any of the parent directories): .git
2025-12-26 18:56:21.901 [info] > git fetch [703ms]
2025-12-26 18:56:21.918 [info] > git config --get commit.template [8ms]
2025-12-26 18:56:21.921 [info] > git for-each-ref --format=%(refname)%00%(upstream:short)%00%(objectname)%00%(upstream:track)%00%(upstream:remotename)%00%(upstream:remoteref) refs/heads/master refs/remotes/master [4ms]
2025-12-26 18:56:21.938 [info] > git for-each-ref --sort -committerdate --format %(refname)%00%(objectname)%00%(*objectname) [3ms]
2025-12-26 18:56:22.001 [info] > git status -z -uall [73ms]
