2025-12-26 22:35:51.726 [info] Extension host with pid 58167 started
2025-12-26 22:35:51.726 [info] Skipping acquiring lock for /home/bat/.config/Code - OSS/User/workspaceStorage/9ed39626cd4d98d7ca27e9489f47712a.
2025-12-26 22:35:52.317 [info] ExtensionService#_doActivateExtension vscode.github-authentication, startup: false, activationEvent: 'onAuthenticationRequest:github'
2025-12-26 22:35:52.383 [info] ExtensionService#_doActivateExtension vscode.emmet, startup: false, activationEvent: 'onLanguage'
2025-12-26 22:35:52.432 [info] ExtensionService#_doActivateExtension vscode.css-language-features, startup: false, activationEvent: 'onLanguage:css'
2025-12-26 22:35:53.064 [info] ExtensionService#_doActivateExtension vscode.git-base, startup: true, activationEvent: '*', root cause: vscode.git
2025-12-26 22:35:53.153 [info] ExtensionService#_doActivateExtension vscode.git, startup: true, activationEvent: '*'
2025-12-26 22:35:53.354 [info] ExtensionService#_doActivateExtension vscode.github, startup: true, activationEvent: '*'
2025-12-26 22:35:53.769 [info] Eager extensions activated
2025-12-26 22:35:53.787 [info] ExtensionService#_doActivateExtension vscode.debug-auto-launch, startup: false, activationEvent: 'onStartupFinished'
2025-12-26 22:35:53.795 [info] ExtensionService#_doActivateExtension vscode.merge-conflict, startup: false, activationEvent: 'onStartupFinished'
2025-12-26 22:35:53.868 [info] ExtensionService#_doActivateExtension aaron-bond.better-comments, startup: false, activationEvent: 'onStartupFinished'
2025-12-26 22:35:53.882 [info] ExtensionService#_doActivateExtension esbenp.prettier-vscode, startup: false, activationEvent: 'onStartupFinished'
2025-12-26 22:35:54.109 [info] ExtensionService#_doActivateExtension formulahendry.code-runner, startup: false, activationEvent: 'onStartupFinished'
2025-12-26 22:35:54.136 [info] ExtensionService#_doActivateExtension viral-team.carbon-candy, startup: false, activationEvent: 'onStartupFinished'
2025-12-26 22:35:54.145 [error] Activating extension viral-team.carbon-candy failed due to an error:
2025-12-26 22:35:54.145 [error] Error: Cannot find module '../icons/carbon-candy-icon-theme.json'
Require stack:
- /home/bat/.vscode-oss/extensions/viral-team.carbon-candy-0.2.2-universal/lib/config.js
- /home/bat/.vscode-oss/extensions/viral-team.carbon-candy-0.2.2-universal/lib/change-listener.js
- /home/bat/.vscode-oss/extensions/viral-team.carbon-candy-0.2.2-universal/extension.js
- /usr/lib/code/out/vs/workbench/api/node/extensionHostProcess.js
	at Module._resolveFilename (node:internal/modules/cjs/loader:1390:15)
	at n._resolveFilename (node:electron/js2c/utility_init:2:16319)
	at t._resolveFilename (file:///usr/lib/code/out/vs/workbench/api/node/extensionHostProcess.js:222:22880)
	at defaultResolveImpl (node:internal/modules/cjs/loader:1032:19)
	at resolveForCJSWithHooks (node:internal/modules/cjs/loader:1037:22)
	at Module._load (node:internal/modules/cjs/loader:1199:37)
	at c._load (node:electron/js2c/node_init:2:17993)
	at e._load (file:///usr/lib/code/out/vs/workbench/api/node/extensionHostProcess.js:404:6048)
	at t._load (file:///usr/lib/code/out/vs/workbench/api/node/extensionHostProcess.js:222:22598)
	at r._load (file:///usr/lib/code/out/vs/workbench/api/node/extensionHostProcess.js:214:24094)
	at TracingChannel.traceSync (node:diagnostics_channel:328:14)
	at wrapModuleLoad (node:internal/modules/cjs/loader:244:24)
	at Module.require (node:internal/modules/cjs/loader:1470:12)
	at require (node:internal/modules/helpers:147:16)
	at Object.<anonymous> (/home/bat/.vscode-oss/extensions/viral-team.carbon-candy-0.2.2-universal/lib/config.js:3:23)
	at Module._compile (node:internal/modules/cjs/loader:1714:14)
	at Module._extensions..js (node:internal/modules/cjs/loader:1848:10)
	at Module.load (node:internal/modules/cjs/loader:1448:32)
	at Module._load (node:internal/modules/cjs/loader:1270:12)
	at c._load (node:electron/js2c/node_init:2:17993)
	at e._load (file:///usr/lib/code/out/vs/workbench/api/node/extensionHostProcess.js:404:6048)
	at t._load (file:///usr/lib/code/out/vs/workbench/api/node/extensionHostProcess.js:222:22598)
	at r._load (file:///usr/lib/code/out/vs/workbench/api/node/extensionHostProcess.js:214:24094)
	at TracingChannel.traceSync (node:diagnostics_channel:328:14)
	at wrapModuleLoad (node:internal/modules/cjs/loader:244:24)
	at Module.require (node:internal/modules/cjs/loader:1470:12)
	at require (node:internal/modules/helpers:147:16)
	at Object.<anonymous> (/home/bat/.vscode-oss/extensions/viral-team.carbon-candy-0.2.2-universal/lib/change-listener.js:1:72)
	at Module._compile (node:internal/modules/cjs/loader:1714:14)
	at Module._extensions..js (node:internal/modules/cjs/loader:1848:10)
	at Module.load (node:internal/modules/cjs/loader:1448:32)
	at Module._load (node:internal/modules/cjs/loader:1270:12)
	at c._load (node:electron/js2c/node_init:2:17993)
	at e._load (file:///usr/lib/code/out/vs/workbench/api/node/extensionHostProcess.js:404:6048)
	at t._load (file:///usr/lib/code/out/vs/workbench/api/node/extensionHostProcess.js:222:22598)
	at r._load (file:///usr/lib/code/out/vs/workbench/api/node/extensionHostProcess.js:214:24094)
	at TracingChannel.traceSync (node:diagnostics_channel:328:14)
	at wrapModuleLoad (node:internal/modules/cjs/loader:244:24)
	at Module.require (node:internal/modules/cjs/loader:1470:12)
	at require (node:internal/modules/helpers:147:16)
	at Object.<anonymous> (/home/bat/.vscode-oss/extensions/viral-team.carbon-candy-0.2.2-universal/extension.js:2:34)
	at Module._compile (node:internal/modules/cjs/loader:1714:14)
	at Module._extensions..js (node:internal/modules/cjs/loader:1848:10)
	at Module.load (node:internal/modules/cjs/loader:1448:32)
	at Module._load (node:internal/modules/cjs/loader:1270:12)
	at c._load (node:electron/js2c/node_init:2:17993)
	at e._load (file:///usr/lib/code/out/vs/workbench/api/node/extensionHostProcess.js:404:6048)
	at t._load (file:///usr/lib/code/out/vs/workbench/api/node/extensionHostProcess.js:222:22598)
	at r._load (file:///usr/lib/code/out/vs/workbench/api/node/extensionHostProcess.js:214:24094)
	at TracingChannel.traceSync (node:diagnostics_channel:328:14)
	at wrapModuleLoad (node:internal/modules/cjs/loader:244:24)
	at Module.require (node:internal/modules/cjs/loader:1470:12)
	at require (node:internal/modules/helpers:147:16)
	at HX.Cb (file:///usr/lib/code/out/vs/workbench/api/node/extensionHostProcess.js:253:1253)
2025-12-26 22:44:58.444 [warning] [Decorations] CAPPING events from decorations provider vscode.git 937
2025-12-26 22:44:58.748 [warning] [Decorations] CAPPING events from decorations provider vscode.git 937
2025-12-26 23:07:53.011 [warning] [Decorations] CAPPING events from decorations provider vscode.git 937
2025-12-26 23:39:53.646 [info] ExtensionService#_doActivateExtension vscode.terminal-suggest, startup: false, activationEvent: 'onTerminalShellIntegration:*'
2025-12-26 23:55:54.382 [warning] [Decorations] CAPPING events from decorations provider vscode.git 2428
2025-12-26 23:55:59.645 [warning] [Decorations] CAPPING events from decorations provider vscode.git 2435
2025-12-26 23:56:07.011 [warning] [Decorations] CAPPING events from decorations provider vscode.git 2435
2025-12-26 23:56:11.711 [warning] [Decorations] CAPPING events from decorations provider vscode.git 2449
2025-12-26 23:56:13.841 [warning] [Decorations] CAPPING events from decorations provider vscode.git 4872
2025-12-26 23:56:35.331 [warning] [Decorations] CAPPING events from decorations provider vscode.git 4876
2025-12-26 23:56:38.716 [info] ExtensionService#_doActivateExtension vscode.npm, startup: false, activationEvent: 'onTerminalQuickFixRequest:ms-vscode.npm-command'
2025-12-26 23:56:40.398 [warning] [Decorations] CAPPING events from decorations provider vscode.git 4877
2025-12-26 23:56:44.046 [info] ExtensionService#_doActivateExtension vscode.configuration-editing, startup: false, activationEvent: 'onLanguage:json'
2025-12-26 23:56:44.240 [info] ExtensionService#_doActivateExtension vscode.extension-editing, startup: false, activationEvent: 'onLanguage:json'
2025-12-26 23:56:44.268 [info] ExtensionService#_doActivateExtension vscode.json-language-features, startup: false, activationEvent: 'onLanguage:json'
2025-12-27 00:00:29.214 [warning] [Decorations] CAPPING events from decorations provider vscode.git 2429
2025-12-27 00:00:34.318 [warning] [Decorations] CAPPING events from decorations provider vscode.git 2436
2025-12-27 00:00:41.728 [warning] [Decorations] CAPPING events from decorations provider vscode.git 2436
2025-12-27 00:02:43.462 [warning] [Decorations] CAPPING events from decorations provider vscode.git 2436
2025-12-27 00:02:44.053 [info] Extension host terminating: renderer closed the MessagePort
2025-12-27 00:02:44.128 [info] Extension host with pid 58167 exiting with code 0
