2025-12-26 20:03:38.703 [info] [main] Log level: Info
2025-12-26 20:03:38.704 [info] [main] Validating found git in: "git"
2025-12-26 20:03:38.704 [info] [main] Using git "2.52.0" from "git"
2025-12-26 20:03:38.704 [info] [Model][doInitialScan] Initial repository scan started
2025-12-26 20:03:38.704 [info] > git rev-parse --show-toplevel [27ms]
2025-12-26 20:03:38.704 [info] fatal: not a git repository (or any of the parent directories): .git
2025-12-26 20:03:38.704 [info] > git rev-parse --show-toplevel [12ms]
2025-12-26 20:03:38.704 [info] fatal: not a git repository (or any of the parent directories): .git
2025-12-26 20:03:38.704 [info] > git rev-parse --show-toplevel [6ms]
2025-12-26 20:03:38.704 [info] fatal: not a git repository (or any of the parent directories): .git
2025-12-26 20:03:38.704 [info] > git rev-parse --show-toplevel [4ms]
2025-12-26 20:03:38.704 [info] fatal: not a git repository (or any of the parent directories): .git
2025-12-26 20:03:38.704 [info] > git rev-parse --show-toplevel [4ms]
2025-12-26 20:03:38.704 [info] fatal: not a git repository (or any of the parent directories): .git
2025-12-26 20:03:38.704 [info] > git rev-parse --show-toplevel [5ms]
2025-12-26 20:03:38.704 [info] fatal: not a git repository (or any of the parent directories): .git
2025-12-26 20:03:38.704 [info] > git rev-parse --show-toplevel [6ms]
2025-12-26 20:03:38.704 [info] fatal: not a git repository (or any of the parent directories): .git
2025-12-26 20:03:38.704 [info] > git rev-parse --show-toplevel [4ms]
2025-12-26 20:03:38.704 [info] > git rev-parse --git-dir --git-common-dir --show-superproject-working-tree [6ms]
2025-12-26 20:03:38.704 [info] [Model][openRepository] Opened repository (path): /home/bat/.oh-my-zsh
2025-12-26 20:03:38.704 [info] [Model][openRepository] Opened repository (real path): /home/bat/.oh-my-zsh
2025-12-26 20:03:38.704 [info] [Model][openRepository] Opened repository (kind): repository
2025-12-26 20:03:38.704 [info] > git rev-parse --show-toplevel [4ms]
2025-12-26 20:03:38.704 [info] fatal: not a git repository (or any of the parent directories): .git
2025-12-26 20:03:38.704 [info] > git config --get commit.template [10ms]
2025-12-26 20:03:38.704 [info] > git for-each-ref --format=%(refname)%00%(upstream:short)%00%(objectname)%00%(upstream:track)%00%(upstream:remotename)%00%(upstream:remoteref) refs/heads/master refs/remotes/master [3ms]
2025-12-26 20:03:38.704 [info] > git rev-parse --show-toplevel [13ms]
2025-12-26 20:03:38.704 [info] fatal: not a git repository (or any of the parent directories): .git
2025-12-26 20:03:38.704 [info] > git rev-parse --show-toplevel [4ms]
2025-12-26 20:03:38.704 [info] fatal: not a git repository (or any of the parent directories): .git
2025-12-26 20:03:38.704 [info] [Model][doInitialScan] Initial repository scan completed - repositories (1), closed repositories (0), parent repositories (0), unsafe repositories (0)
2025-12-26 20:03:38.707 [info] > git for-each-ref --sort -committerdate --format %(refname)%00%(objectname)%00%(*objectname) [4ms]
2025-12-26 20:03:39.013 [info] > git status -z -uall [318ms]
2025-12-26 20:03:39.193 [info] > git for-each-ref --format=%(refname)%00%(upstream:short)%00%(objectname)%00%(upstream:track)%00%(upstream:remotename)%00%(upstream:remoteref) refs/heads/master refs/remotes/master [140ms]
2025-12-26 20:03:39.216 [info] > git config --get --local branch.master.vscode-merge-base [12ms]
2025-12-26 20:03:39.224 [info] > git config --get commit.template [32ms]
2025-12-26 20:03:39.227 [info] > git for-each-ref --format=%(refname)%00%(upstream:short)%00%(objectname)%00%(upstream:track)%00%(upstream:remotename)%00%(upstream:remoteref) refs/heads/origin/master refs/remotes/origin/master [4ms]
2025-12-26 20:03:39.258 [info] > git for-each-ref --format=%(refname)%00%(upstream:short)%00%(objectname)%00%(upstream:track)%00%(upstream:remotename)%00%(upstream:remoteref) refs/heads/master refs/remotes/master [14ms]
2025-12-26 20:03:39.259 [info] > git merge-base refs/heads/master refs/remotes/origin/master [23ms]
2025-12-26 20:03:39.272 [info] > git diff --name-status -z --diff-filter=ADMR --find-renames=50% 0f45f82c0afdcaf71b193e349d01c069a3fb9de7...refs/remotes/origin/master -- [5ms]
2025-12-26 20:03:39.295 [info] > git for-each-ref --sort -committerdate --format %(refname)%00%(objectname)%00%(*objectname) [3ms]
2025-12-26 20:03:39.354 [info] > git status -z -uall [72ms]
2025-12-26 20:08:11.492 [info] > git fetch [1039ms]
2025-12-26 20:08:11.514 [info] > git config --get commit.template [10ms]
2025-12-26 20:08:11.515 [info] > git for-each-ref --format=%(refname)%00%(upstream:short)%00%(objectname)%00%(upstream:track)%00%(upstream:remotename)%00%(upstream:remoteref) refs/heads/master refs/remotes/master [4ms]
2025-12-26 20:08:11.540 [info] > git for-each-ref --sort -committerdate --format %(refname)%00%(objectname)%00%(*objectname) [4ms]
2025-12-26 20:08:11.598 [info] > git status -z -uall [71ms]
2025-12-26 20:08:15.363 [info] > git rev-parse --show-toplevel [2ms]
2025-12-26 20:08:15.363 [info] fatal: not a git repository (or any of the parent directories): .git
2025-12-26 20:08:25.591 [info] > git rev-parse --show-toplevel [3ms]
2025-12-26 20:08:25.591 [info] fatal: not a git repository (or any of the parent directories): .git
2025-12-26 20:13:52.899 [info] > git fetch [1224ms]
2025-12-26 20:13:52.916 [info] > git config --get commit.template [10ms]
2025-12-26 20:13:52.918 [info] > git for-each-ref --format=%(refname)%00%(upstream:short)%00%(objectname)%00%(upstream:track)%00%(upstream:remotename)%00%(upstream:remoteref) refs/heads/master refs/remotes/master [3ms]
2025-12-26 20:13:52.938 [info] > git for-each-ref --sort -committerdate --format %(refname)%00%(objectname)%00%(*objectname) [4ms]
2025-12-26 20:13:52.995 [info] > git status -z -uall [69ms]
2025-12-26 20:16:31.311 [info] > git rev-parse --show-toplevel [4ms]
2025-12-26 20:16:31.311 [info] fatal: not a git repository (or any of the parent directories): .git
2025-12-26 20:16:32.261 [info] > git rev-parse --show-toplevel [2ms]
2025-12-26 20:16:32.261 [info] fatal: not a git repository (or any of the parent directories): .git
2025-12-26 20:16:44.399 [info] > git rev-parse --show-toplevel [3ms]
2025-12-26 20:16:44.400 [info] fatal: not a git repository (or any of the parent directories): .git
2025-12-26 20:18:05.880 [info] > git fetch [923ms]
2025-12-26 20:18:05.901 [info] > git config --get commit.template [11ms]
2025-12-26 20:18:05.903 [info] > git for-each-ref --format=%(refname)%00%(upstream:short)%00%(objectname)%00%(upstream:track)%00%(upstream:remotename)%00%(upstream:remoteref) refs/heads/master refs/remotes/master [3ms]
2025-12-26 20:18:05.924 [info] > git for-each-ref --sort -committerdate --format %(refname)%00%(objectname)%00%(*objectname) [3ms]
2025-12-26 20:18:05.985 [info] > git status -z -uall [73ms]
2025-12-26 20:18:21.181 [info] > git rev-parse --show-toplevel [2ms]
2025-12-26 20:18:21.181 [info] fatal: not a git repository (or any of the parent directories): .git
2025-12-26 20:24:50.351 [info] > git fetch [943ms]
2025-12-26 20:24:50.362 [info] > git config --get commit.template [2ms]
2025-12-26 20:24:50.371 [info] > git for-each-ref --format=%(refname)%00%(upstream:short)%00%(objectname)%00%(upstream:track)%00%(upstream:remotename)%00%(upstream:remoteref) refs/heads/master refs/remotes/master [2ms]
2025-12-26 20:24:50.387 [info] > git for-each-ref --sort -committerdate --format %(refname)%00%(objectname)%00%(*objectname) [2ms]
2025-12-26 20:24:50.448 [info] > git status -z -uall [69ms]
2025-12-26 20:24:57.317 [info] > git rev-parse --show-toplevel [5ms]
2025-12-26 20:24:57.317 [info] fatal: not a git repository (or any of the parent directories): .git
2025-12-26 20:25:13.158 [info] > git rev-parse --show-toplevel [4ms]
2025-12-26 20:25:13.158 [info] fatal: not a git repository (or any of the parent directories): .git
2025-12-26 20:27:39.424 [info] > git rev-parse --show-toplevel [4ms]
2025-12-26 20:27:39.424 [info] fatal: not a git repository (or any of the parent directories): .git
2025-12-26 20:27:48.378 [info] > git rev-parse --show-toplevel [5ms]
2025-12-26 20:27:48.378 [info] fatal: not a git repository (or any of the parent directories): .git
2025-12-26 20:27:51.601 [info] > git fetch [889ms]
2025-12-26 20:27:51.621 [info] > git config --get commit.template [8ms]
2025-12-26 20:27:51.623 [info] > git for-each-ref --format=%(refname)%00%(upstream:short)%00%(objectname)%00%(upstream:track)%00%(upstream:remotename)%00%(upstream:remoteref) refs/heads/master refs/remotes/master [3ms]
2025-12-26 20:27:51.643 [info] > git for-each-ref --sort -committerdate --format %(refname)%00%(objectname)%00%(*objectname) [3ms]
2025-12-26 20:27:51.699 [info] > git status -z -uall [68ms]
2025-12-26 20:27:59.920 [info] > git config --get commit.template [12ms]
2025-12-26 20:27:59.923 [info] > git for-each-ref --format=%(refname)%00%(upstream:short)%00%(objectname)%00%(upstream:track)%00%(upstream:remotename)%00%(upstream:remoteref) refs/heads/master refs/remotes/master [6ms]
2025-12-26 20:27:59.954 [info] > git for-each-ref --sort -committerdate --format %(refname)%00%(objectname)%00%(*objectname) [3ms]
2025-12-26 20:28:00.033 [info] > git status -z -uall [99ms]
2025-12-26 20:34:13.018 [info] > git fetch [806ms]
2025-12-26 20:34:13.038 [info] > git config --get commit.template [8ms]
2025-12-26 20:34:13.039 [info] > git for-each-ref --format=%(refname)%00%(upstream:short)%00%(objectname)%00%(upstream:track)%00%(upstream:remotename)%00%(upstream:remoteref) refs/heads/master refs/remotes/master [3ms]
2025-12-26 20:34:13.056 [info] > git for-each-ref --sort -committerdate --format %(refname)%00%(objectname)%00%(*objectname) [2ms]
2025-12-26 20:34:13.114 [info] > git status -z -uall [67ms]
2025-12-26 20:34:41.692 [info] > git rev-parse --show-toplevel [4ms]
2025-12-26 20:34:41.692 [info] fatal: not a git repository (or any of the parent directories): .git
2025-12-26 20:34:55.238 [info] > git rev-parse --show-toplevel [4ms]
2025-12-26 20:34:55.238 [info] fatal: not a git repository (or any of the parent directories): .git
2025-12-26 20:35:41.349 [info] > git rev-parse --show-toplevel [2ms]
2025-12-26 20:35:41.349 [info] fatal: not a git repository (or any of the parent directories): .git
2025-12-26 20:35:48.383 [info] > git rev-parse --show-toplevel [3ms]
2025-12-26 20:35:48.383 [info] fatal: not a git repository (or any of the parent directories): .git
2025-12-26 20:43:49.788 [info] > git fetch [877ms]
2025-12-26 20:43:49.799 [info] > git config --get commit.template [2ms]
2025-12-26 20:43:49.808 [info] > git for-each-ref --format=%(refname)%00%(upstream:short)%00%(objectname)%00%(upstream:track)%00%(upstream:remotename)%00%(upstream:remoteref) refs/heads/master refs/remotes/master [3ms]
2025-12-26 20:43:49.825 [info] > git for-each-ref --sort -committerdate --format %(refname)%00%(objectname)%00%(*objectname) [3ms]
2025-12-26 20:43:49.885 [info] > git status -z -uall [69ms]
2025-12-26 20:43:49.946 [info] > git rev-parse --show-toplevel [2ms]
2025-12-26 20:43:49.946 [info] fatal: not a git repository (or any of the parent directories): .git
2025-12-26 20:43:55.344 [info] > git rev-parse --show-toplevel [4ms]
2025-12-26 20:43:55.344 [info] fatal: not a git repository (or any of the parent directories): .git
2025-12-26 20:44:19.736 [info] > git rev-parse --show-toplevel [2ms]
2025-12-26 20:44:19.736 [info] fatal: not a git repository (or any of the parent directories): .git
2025-12-26 20:45:38.270 [info] > git rev-parse --show-toplevel [4ms]
2025-12-26 20:45:38.271 [info] fatal: not a git repository (or any of the parent directories): .git
2025-12-26 20:46:47.414 [info] > git rev-parse --show-toplevel [4ms]
2025-12-26 20:46:47.414 [info] fatal: not a git repository (or any of the parent directories): .git
2025-12-26 20:46:51.319 [info] > git fetch [1421ms]
2025-12-26 20:46:51.343 [info] > git config --get commit.template [14ms]
2025-12-26 20:46:51.346 [info] > git for-each-ref --format=%(refname)%00%(upstream:short)%00%(objectname)%00%(upstream:track)%00%(upstream:remotename)%00%(upstream:remoteref) refs/heads/master refs/remotes/master [5ms]
2025-12-26 20:46:51.375 [info] > git for-each-ref --sort -committerdate --format %(refname)%00%(objectname)%00%(*objectname) [7ms]
2025-12-26 20:46:51.447 [info] > git status -z -uall [91ms]
2025-12-26 20:46:58.159 [info] > git rev-parse --show-toplevel [4ms]
2025-12-26 20:46:58.159 [info] fatal: not a git repository (or any of the parent directories): .git
2025-12-26 20:49:52.355 [info] > git fetch [882ms]
2025-12-26 20:49:52.372 [info] > git config --get commit.template [7ms]
2025-12-26 20:49:52.374 [info] > git for-each-ref --format=%(refname)%00%(upstream:short)%00%(objectname)%00%(upstream:track)%00%(upstream:remotename)%00%(upstream:remoteref) refs/heads/master refs/remotes/master [2ms]
2025-12-26 20:49:52.389 [info] > git for-each-ref --sort -committerdate --format %(refname)%00%(objectname)%00%(*objectname) [3ms]
2025-12-26 20:49:52.450 [info] > git status -z -uall [70ms]
2025-12-26 20:52:52.497 [info] > git fetch [22ms]
2025-12-26 20:52:52.497 [info] fatal: unable to access 'https://github.com/ohmyzsh/ohmyzsh.git/': Could not resolve host: github.com
2025-12-26 20:52:52.515 [info] > git config --get commit.template [10ms]
2025-12-26 20:52:52.515 [info] > git for-each-ref --format=%(refname)%00%(upstream:short)%00%(objectname)%00%(upstream:track)%00%(upstream:remotename)%00%(upstream:remoteref) refs/heads/master refs/remotes/master [2ms]
2025-12-26 20:52:52.534 [info] > git for-each-ref --sort -committerdate --format %(refname)%00%(objectname)%00%(*objectname) [4ms]
2025-12-26 20:52:52.590 [info] > git status -z -uall [68ms]
2025-12-26 20:55:52.635 [info] > git fetch [20ms]
2025-12-26 20:55:52.635 [info] fatal: unable to access 'https://github.com/ohmyzsh/ohmyzsh.git/': Could not resolve host: github.com
2025-12-26 20:55:52.653 [info] > git config --get commit.template [8ms]
2025-12-26 20:55:52.655 [info] > git for-each-ref --format=%(refname)%00%(upstream:short)%00%(objectname)%00%(upstream:track)%00%(upstream:remotename)%00%(upstream:remoteref) refs/heads/master refs/remotes/master [2ms]
2025-12-26 20:55:52.672 [info] > git for-each-ref --sort -committerdate --format %(refname)%00%(objectname)%00%(*objectname) [2ms]
2025-12-26 20:55:52.734 [info] > git status -z -uall [71ms]
2025-12-26 20:58:52.781 [info] > git fetch [19ms]
2025-12-26 20:58:52.781 [info] fatal: unable to access 'https://github.com/ohmyzsh/ohmyzsh.git/': Could not resolve host: github.com
2025-12-26 20:58:52.798 [info] > git config --get commit.template [8ms]
2025-12-26 20:58:52.799 [info] > git for-each-ref --format=%(refname)%00%(upstream:short)%00%(objectname)%00%(upstream:track)%00%(upstream:remotename)%00%(upstream:remoteref) refs/heads/master refs/remotes/master [2ms]
2025-12-26 20:58:52.815 [info] > git for-each-ref --sort -committerdate --format %(refname)%00%(objectname)%00%(*objectname) [3ms]
2025-12-26 20:58:52.875 [info] > git status -z -uall [68ms]
2025-12-26 21:01:53.845 [info] > git fetch [944ms]
2025-12-26 21:01:53.860 [info] > git config --get commit.template [8ms]
2025-12-26 21:01:53.862 [info] > git for-each-ref --format=%(refname)%00%(upstream:short)%00%(objectname)%00%(upstream:track)%00%(upstream:remotename)%00%(upstream:remoteref) refs/heads/master refs/remotes/master [2ms]
2025-12-26 21:01:53.881 [info] > git for-each-ref --sort -committerdate --format %(refname)%00%(objectname)%00%(*objectname) [3ms]
2025-12-26 21:01:53.937 [info] > git status -z -uall [66ms]
2025-12-26 21:04:54.782 [info] > git fetch [820ms]
2025-12-26 21:04:54.800 [info] > git config --get commit.template [8ms]
2025-12-26 21:04:54.801 [info] > git for-each-ref --format=%(refname)%00%(upstream:short)%00%(objectname)%00%(upstream:track)%00%(upstream:remotename)%00%(upstream:remoteref) refs/heads/master refs/remotes/master [2ms]
2025-12-26 21:04:54.820 [info] > git for-each-ref --sort -committerdate --format %(refname)%00%(objectname)%00%(*objectname) [4ms]
2025-12-26 21:04:54.875 [info] > git status -z -uall [66ms]
2025-12-26 21:07:55.722 [info] > git fetch [821ms]
2025-12-26 21:07:55.740 [info] > git config --get commit.template [9ms]
2025-12-26 21:07:55.741 [info] > git for-each-ref --format=%(refname)%00%(upstream:short)%00%(objectname)%00%(upstream:track)%00%(upstream:remotename)%00%(upstream:remoteref) refs/heads/master refs/remotes/master [3ms]
2025-12-26 21:07:55.760 [info] > git for-each-ref --sort -committerdate --format %(refname)%00%(objectname)%00%(*objectname) [4ms]
2025-12-26 21:07:55.814 [info] > git status -z -uall [66ms]
2025-12-26 21:10:56.768 [info] > git fetch [927ms]
2025-12-26 21:10:56.787 [info] > git config --get commit.template [10ms]
2025-12-26 21:10:56.789 [info] > git for-each-ref --format=%(refname)%00%(upstream:short)%00%(objectname)%00%(upstream:track)%00%(upstream:remotename)%00%(upstream:remoteref) refs/heads/master refs/remotes/master [3ms]
2025-12-26 21:10:56.809 [info] > git for-each-ref --sort -committerdate --format %(refname)%00%(objectname)%00%(*objectname) [3ms]
2025-12-26 21:10:56.864 [info] > git status -z -uall [67ms]
2025-12-26 21:13:57.702 [info] > git fetch [810ms]
2025-12-26 21:13:57.717 [info] > git config --get commit.template [7ms]
2025-12-26 21:13:57.719 [info] > git for-each-ref --format=%(refname)%00%(upstream:short)%00%(objectname)%00%(upstream:track)%00%(upstream:remotename)%00%(upstream:remoteref) refs/heads/master refs/remotes/master [2ms]
2025-12-26 21:13:57.736 [info] > git for-each-ref --sort -committerdate --format %(refname)%00%(objectname)%00%(*objectname) [3ms]
2025-12-26 21:13:57.792 [info] > git status -z -uall [66ms]
2025-12-26 21:16:58.850 [info] > git fetch [1028ms]
2025-12-26 21:16:58.870 [info] > git config --get commit.template [10ms]
2025-12-26 21:16:58.871 [info] > git for-each-ref --format=%(refname)%00%(upstream:short)%00%(objectname)%00%(upstream:track)%00%(upstream:remotename)%00%(upstream:remoteref) refs/heads/master refs/remotes/master [2ms]
2025-12-26 21:16:58.890 [info] > git for-each-ref --sort -committerdate --format %(refname)%00%(objectname)%00%(*objectname) [4ms]
2025-12-26 21:16:58.947 [info] > git status -z -uall [68ms]
