2025-12-26 18:50:18.635 [info] Reading sessions from keychain...
2025-12-26 18:50:18.635 [info] Getting sessions for all scopes...
2025-12-26 18:50:18.636 [info] Got 0 sessions for ...
2025-12-26 18:50:18.636 [info] Getting sessions for all scopes...
2025-12-26 18:50:18.636 [info] Got 0 sessions for ...
2025-12-26 18:50:18.636 [info] Getting sessions for all scopes...
2025-12-26 18:50:18.636 [info] Got 0 sessions for ...
2025-12-26 18:50:18.636 [info] Getting sessions for all scopes...
2025-12-26 18:50:18.636 [info] Got 0 sessions for ...
2025-12-26 18:50:18.636 [info] Getting sessions for all scopes...
2025-12-26 18:50:18.636 [info] Got 0 sessions for ...
2025-12-26 18:50:18.636 [info] Getting sessions for all scopes...
2025-12-26 18:50:18.636 [info] Got 0 sessions for ...
2025-12-26 18:50:18.636 [info] Getting sessions for all scopes...
2025-12-26 18:50:18.636 [info] Got 0 sessions for ...
2025-12-26 18:50:18.636 [info] Getting sessions for all scopes...
2025-12-26 18:50:18.636 [info] Got 0 sessions for ...
2025-12-26 18:50:18.636 [info] Getting sessions for all scopes...
2025-12-26 18:50:18.636 [info] Got 0 sessions for ...
2025-12-26 18:50:18.636 [info] Getting sessions for all scopes...
2025-12-26 18:50:18.636 [info] Got 0 sessions for ...
2025-12-26 18:50:18.636 [info] Getting sessions for all scopes...
2025-12-26 18:50:18.636 [info] Got 0 sessions for ...
2025-12-26 18:50:18.636 [info] Getting sessions for all scopes...
2025-12-26 18:50:18.636 [info] Got 0 sessions for ...
2025-12-26 18:50:18.636 [info] Getting sessions for all scopes...
2025-12-26 18:50:18.636 [info] Got 0 sessions for ...
2025-12-26 18:50:18.636 [info] Getting sessions for all scopes...
2025-12-26 18:50:18.636 [info] Got 0 sessions for ...
2025-12-26 18:50:19.889 [info] Getting sessions for all scopes...
2025-12-26 18:50:19.889 [info] Got 0 sessions for ...
2025-12-26 18:50:20.077 [info] Getting sessions for read:user,repo,user:email,workflow...
2025-12-26 18:50:20.077 [info] Got 0 sessions for read:user,repo,user:email,workflow...
