2025-12-27 17:58:33.326 [info] Reading sessions from keychain...
2025-12-27 17:58:33.326 [info] Getting sessions for all scopes...
2025-12-27 17:58:33.326 [info] Got 0 sessions for ...
2025-12-27 17:58:33.326 [info] Getting sessions for all scopes...
2025-12-27 17:58:33.326 [info] Got 0 sessions for ...
2025-12-27 17:58:33.326 [info] Getting sessions for all scopes...
2025-12-27 17:58:33.326 [info] Got 0 sessions for ...
2025-12-27 17:58:33.326 [info] Getting sessions for all scopes...
2025-12-27 17:58:33.326 [info] Got 0 sessions for ...
2025-12-27 17:58:33.326 [info] Getting sessions for all scopes...
2025-12-27 17:58:33.326 [info] Got 0 sessions for ...
2025-12-27 17:58:33.326 [info] Getting sessions for all scopes...
2025-12-27 17:58:33.326 [info] Got 0 sessions for ...
2025-12-27 17:58:33.326 [info] Getting sessions for all scopes...
2025-12-27 17:58:33.326 [info] Got 0 sessions for ...
2025-12-27 17:58:33.326 [info] Getting sessions for all scopes...
2025-12-27 17:58:33.326 [info] Got 0 sessions for ...
2025-12-27 17:58:33.341 [info] Getting sessions for all scopes...
2025-12-27 17:58:33.341 [info] Got 0 sessions for ...
2025-12-27 17:58:33.341 [info] Getting sessions for all scopes...
2025-12-27 17:58:33.341 [info] Got 0 sessions for ...
2025-12-27 17:58:33.341 [info] Getting sessions for all scopes...
2025-12-27 17:58:33.341 [info] Got 0 sessions for ...
2025-12-27 17:58:33.341 [info] Getting sessions for all scopes...
2025-12-27 17:58:33.341 [info] Got 0 sessions for ...
2025-12-27 17:58:33.342 [info] Getting sessions for all scopes...
2025-12-27 17:58:33.342 [info] Got 0 sessions for ...
2025-12-27 17:58:33.342 [info] Getting sessions for all scopes...
2025-12-27 17:58:33.342 [info] Got 0 sessions for ...
2025-12-27 17:58:33.409 [info] Getting sessions for all scopes...
2025-12-27 17:58:33.409 [info] Got 0 sessions for ...
2025-12-27 17:58:33.409 [info] Getting sessions for all scopes...
2025-12-27 17:58:33.409 [info] Got 0 sessions for ...
2025-12-27 17:58:33.838 [info] Getting sessions for read:user,repo,user:email,workflow...
2025-12-27 17:58:33.838 [info] Got 0 sessions for read:user,repo,user:email,workflow...
2025-12-27 17:58:33.887 [info] Getting sessions for read:user,repo,user:email,workflow...
2025-12-27 17:58:33.887 [info] Got 0 sessions for read:user,repo,user:email,workflow...
2025-12-27 17:58:35.236 [info] Getting sessions for all scopes...
2025-12-27 17:58:35.236 [info] Got 0 sessions for ...
