2025-12-27 17:42:01.511 [info] Reading sessions from keychain...
2025-12-27 17:42:01.511 [info] Getting sessions for all scopes...
2025-12-27 17:42:01.511 [info] Got 0 sessions for ...
2025-12-27 17:42:01.511 [info] Getting sessions for all scopes...
2025-12-27 17:42:01.511 [info] Got 0 sessions for ...
2025-12-27 17:42:01.511 [info] Getting sessions for all scopes...
2025-12-27 17:42:01.511 [info] Got 0 sessions for ...
2025-12-27 17:42:01.511 [info] Getting sessions for all scopes...
2025-12-27 17:42:01.511 [info] Got 0 sessions for ...
2025-12-27 17:42:01.511 [info] Getting sessions for all scopes...
2025-12-27 17:42:01.511 [info] Got 0 sessions for ...
2025-12-27 17:42:01.511 [info] Getting sessions for all scopes...
2025-12-27 17:42:01.511 [info] Got 0 sessions for ...
2025-12-27 17:42:01.511 [info] Getting sessions for all scopes...
2025-12-27 17:42:01.511 [info] Got 0 sessions for ...
2025-12-27 17:42:01.511 [info] Getting sessions for all scopes...
2025-12-27 17:42:01.511 [info] Got 0 sessions for ...
2025-12-27 17:42:01.511 [info] Getting sessions for all scopes...
2025-12-27 17:42:01.511 [info] Got 0 sessions for ...
2025-12-27 17:42:01.511 [info] Getting sessions for all scopes...
2025-12-27 17:42:01.511 [info] Got 0 sessions for ...
2025-12-27 17:42:01.511 [info] Getting sessions for all scopes...
2025-12-27 17:42:01.511 [info] Got 0 sessions for ...
2025-12-27 17:42:01.511 [info] Getting sessions for all scopes...
2025-12-27 17:42:01.511 [info] Got 0 sessions for ...
2025-12-27 17:42:01.511 [info] Getting sessions for all scopes...
2025-12-27 17:42:01.511 [info] Got 0 sessions for ...
2025-12-27 17:42:01.511 [info] Getting sessions for all scopes...
2025-12-27 17:42:01.511 [info] Got 0 sessions for ...
2025-12-27 17:42:01.511 [info] Getting sessions for all scopes...
2025-12-27 17:42:01.511 [info] Got 0 sessions for ...
2025-12-27 17:42:02.983 [info] Getting sessions for all scopes...
2025-12-27 17:42:02.983 [info] Got 0 sessions for ...
2025-12-27 17:42:02.990 [info] Getting sessions for all scopes...
2025-12-27 17:42:02.990 [info] Got 0 sessions for ...
2025-12-27 17:42:05.576 [info] Getting sessions for all scopes...
2025-12-27 17:42:05.576 [info] Got 0 sessions for ...
2025-12-27 17:43:02.854 [info] Reading sessions from keychain...
2025-12-27 17:43:02.854 [info] Getting sessions for all scopes...
2025-12-27 17:43:02.854 [info] Got 0 sessions for ...
2025-12-27 17:43:02.854 [info] Getting sessions for all scopes...
2025-12-27 17:43:02.854 [info] Got 0 sessions for ...
2025-12-27 17:43:02.854 [info] Getting sessions for all scopes...
2025-12-27 17:43:02.854 [info] Got 0 sessions for ...
2025-12-27 17:43:02.854 [info] Getting sessions for all scopes...
2025-12-27 17:43:02.854 [info] Got 0 sessions for ...
2025-12-27 17:43:02.854 [info] Getting sessions for all scopes...
2025-12-27 17:43:02.854 [info] Got 0 sessions for ...
2025-12-27 17:43:02.854 [info] Getting sessions for all scopes...
2025-12-27 17:43:02.854 [info] Got 0 sessions for ...
2025-12-27 17:43:02.854 [info] Getting sessions for all scopes...
2025-12-27 17:43:02.854 [info] Got 0 sessions for ...
2025-12-27 17:43:02.854 [info] Getting sessions for all scopes...
2025-12-27 17:43:02.854 [info] Got 0 sessions for ...
2025-12-27 17:43:02.854 [info] Getting sessions for all scopes...
2025-12-27 17:43:02.854 [info] Got 0 sessions for ...
2025-12-27 17:43:02.854 [info] Getting sessions for all scopes...
2025-12-27 17:43:02.854 [info] Got 0 sessions for ...
2025-12-27 17:43:02.859 [info] Getting sessions for all scopes...
2025-12-27 17:43:02.859 [info] Got 0 sessions for ...
2025-12-27 17:43:02.860 [info] Getting sessions for all scopes...
2025-12-27 17:43:02.860 [info] Got 0 sessions for ...
2025-12-27 17:43:02.860 [info] Getting sessions for all scopes...
2025-12-27 17:43:02.860 [info] Got 0 sessions for ...
2025-12-27 17:43:02.860 [info] Getting sessions for all scopes...
2025-12-27 17:43:02.860 [info] Got 0 sessions for ...
2025-12-27 17:43:02.860 [info] Getting sessions for all scopes...
2025-12-27 17:43:02.860 [info] Got 0 sessions for ...
2025-12-27 17:43:02.860 [info] Getting sessions for all scopes...
2025-12-27 17:43:02.860 [info] Got 0 sessions for ...
2025-12-27 17:43:04.517 [info] Getting sessions for read:user,repo,user:email,workflow...
2025-12-27 17:43:04.517 [info] Got 0 sessions for read:user,repo,user:email,workflow...
2025-12-27 17:43:04.638 [info] Getting sessions for read:user,repo,user:email,workflow...
2025-12-27 17:43:04.638 [info] Got 0 sessions for read:user,repo,user:email,workflow...
2025-12-27 17:43:04.889 [info] Getting sessions for all scopes...
2025-12-27 17:43:04.889 [info] Got 0 sessions for ...
