2025-12-26 22:29:06.864 [info] [main] Log level: Info
2025-12-26 22:29:06.864 [info] [main] Validating found git in: "git"
2025-12-26 22:29:06.864 [info] [main] Using git "2.52.0" from "git"
2025-12-26 22:29:06.864 [info] [Model][doInitialScan] Initial repository scan started
2025-12-26 22:29:06.864 [info] > git rev-parse --show-toplevel [13ms]
2025-12-26 22:29:06.864 [info] fatal: not a git repository (or any of the parent directories): .git
2025-12-26 22:29:06.864 [info] > git rev-parse --show-toplevel [3ms]
2025-12-26 22:29:06.864 [info] fatal: not a git repository (or any of the parent directories): .git
2025-12-26 22:29:06.864 [info] > git rev-parse --show-toplevel [3ms]
2025-12-26 22:29:06.864 [info] fatal: not a git repository (or any of the parent directories): .git
2025-12-26 22:29:06.864 [info] > git rev-parse --show-toplevel [2ms]
2025-12-26 22:29:06.864 [info] fatal: not a git repository (or any of the parent directories): .git
2025-12-26 22:29:06.864 [info] > git rev-parse --show-toplevel [3ms]
2025-12-26 22:29:06.864 [info] fatal: not a git repository (or any of the parent directories): .git
2025-12-26 22:29:06.864 [info] > git rev-parse --show-toplevel [2ms]
2025-12-26 22:29:06.864 [info] fatal: not a git repository (or any of the parent directories): .git
2025-12-26 22:29:06.864 [info] > git rev-parse --show-toplevel [3ms]
2025-12-26 22:29:06.864 [info] > git rev-parse --git-dir --git-common-dir --show-superproject-working-tree [5ms]
2025-12-26 22:29:06.864 [info] [Model][openRepository] Opened repository (path): /home/bat/.oh-my-zsh
2025-12-26 22:29:06.864 [info] [Model][openRepository] Opened repository (real path): /home/bat/.oh-my-zsh
2025-12-26 22:29:06.864 [info] [Model][openRepository] Opened repository (kind): repository
2025-12-26 22:29:06.864 [info] > git rev-parse --show-toplevel [5ms]
2025-12-26 22:29:06.864 [info] fatal: not a git repository (or any of the parent directories): .git
2025-12-26 22:29:06.864 [info] > git config --get commit.template [13ms]
2025-12-26 22:29:06.865 [info] > git rev-parse --show-toplevel [28ms]
2025-12-26 22:29:06.865 [info] fatal: not a git repository (or any of the parent directories): .git
2025-12-26 22:29:06.878 [info] > git for-each-ref --format=%(refname)%00%(upstream:short)%00%(objectname)%00%(upstream:track)%00%(upstream:remotename)%00%(upstream:remoteref) refs/heads/master refs/remotes/master [16ms]
2025-12-26 22:29:06.881 [info] > git rev-parse --show-toplevel [5ms]
2025-12-26 22:29:06.881 [info] fatal: not a git repository (or any of the parent directories): .git
2025-12-26 22:29:06.882 [info] [Model][doInitialScan] Initial repository scan completed - repositories (1), closed repositories (0), parent repositories (0), unsafe repositories (0)
2025-12-26 22:29:06.915 [info] > git for-each-ref --sort -committerdate --format %(refname)%00%(objectname)%00%(*objectname) [13ms]
2025-12-26 22:29:07.235 [info] > git status -z -uall [343ms]
2025-12-26 22:29:07.291 [info] > git for-each-ref --format=%(refname)%00%(upstream:short)%00%(objectname)%00%(upstream:track)%00%(upstream:remotename)%00%(upstream:remoteref) refs/heads/master refs/remotes/master [14ms]
2025-12-26 22:29:07.357 [info] > git config --get --local branch.master.vscode-merge-base [58ms]
2025-12-26 22:29:07.366 [info] > git config --get commit.template [75ms]
2025-12-26 22:29:07.453 [info] > git for-each-ref --format=%(refname)%00%(upstream:short)%00%(objectname)%00%(upstream:track)%00%(upstream:remotename)%00%(upstream:remoteref) refs/heads/origin/master refs/remotes/origin/master [88ms]
2025-12-26 22:29:07.504 [info] > git merge-base refs/heads/master refs/remotes/origin/master [41ms]
2025-12-26 22:29:07.516 [info] > git for-each-ref --format=%(refname)%00%(upstream:short)%00%(objectname)%00%(upstream:track)%00%(upstream:remotename)%00%(upstream:remoteref) refs/heads/master refs/remotes/master [14ms]
2025-12-26 22:29:07.522 [info] > git diff --name-status -z --diff-filter=ADMR --find-renames=50% 0f45f82c0afdcaf71b193e349d01c069a3fb9de7...refs/remotes/origin/master -- [9ms]
2025-12-26 22:29:07.558 [info] > git for-each-ref --sort -committerdate --format %(refname)%00%(objectname)%00%(*objectname) [5ms]
2025-12-26 22:29:07.602 [info] > git fetch [806ms]
2025-12-26 22:29:07.617 [info] > git status -z -uall [74ms] (cancelled)
2025-12-26 22:29:07.617 [info] > git rev-parse --show-toplevel [16ms]
2025-12-26 22:29:07.617 [info] fatal: not a git repository (or any of the parent directories): .git
2025-12-26 22:29:07.618 [info] > git config --get commit.template [2ms]
2025-12-26 22:29:07.630 [info] > git for-each-ref --format=%(refname)%00%(upstream:short)%00%(objectname)%00%(upstream:track)%00%(upstream:remotename)%00%(upstream:remoteref) refs/heads/master refs/remotes/master [4ms]
2025-12-26 22:29:07.654 [info] > git for-each-ref --sort -committerdate --format %(refname)%00%(objectname)%00%(*objectname) [5ms]
2025-12-26 22:29:07.715 [info] > git status -z -uall [75ms]
2025-12-26 22:29:10.978 [info] > git rev-parse --show-toplevel [5ms]
2025-12-26 22:29:10.978 [info] fatal: not a git repository (or any of the parent directories): .git
2025-12-26 22:29:16.914 [info] > git rev-parse --show-toplevel [3ms]
2025-12-26 22:29:16.914 [info] fatal: not a git repository (or any of the parent directories): .git
2025-12-26 22:29:20.139 [info] > git check-ignore -v -z --stdin [3ms]
2025-12-26 22:29:21.269 [info] > git rev-parse --show-toplevel [2ms]
2025-12-26 22:29:21.269 [info] fatal: not a git repository (or any of the parent directories): .git
2025-12-26 22:30:24.967 [info] > git rev-parse --show-toplevel [4ms]
2025-12-26 22:30:24.967 [info] fatal: not a git repository (or any of the parent directories): .git
2025-12-26 22:30:30.735 [info] > git rev-parse --show-toplevel [2ms]
2025-12-26 22:30:30.736 [info] fatal: not a git repository (or any of the parent directories): .git
2025-12-26 22:30:33.318 [info] > git rev-parse --show-toplevel [2ms]
2025-12-26 22:30:33.318 [info] fatal: not a git repository (or any of the parent directories): .git
2025-12-26 22:30:35.935 [info] > git rev-parse --show-toplevel [3ms]
2025-12-26 22:30:35.935 [info] fatal: not a git repository (or any of the parent directories): .git
2025-12-26 22:32:53.597 [info] > git fetch [1055ms]
2025-12-26 22:32:53.616 [info] > git config --get commit.template [10ms]
2025-12-26 22:32:53.617 [info] > git for-each-ref --format=%(refname)%00%(upstream:short)%00%(objectname)%00%(upstream:track)%00%(upstream:remotename)%00%(upstream:remoteref) refs/heads/master refs/remotes/master [3ms]
2025-12-26 22:32:53.635 [info] > git for-each-ref --sort -committerdate --format %(refname)%00%(objectname)%00%(*objectname) [2ms]
2025-12-26 22:32:53.706 [info] > git status -z -uall [80ms]
