2025-12-26 18:59:33.531 [info] [main] Log level: Info
2025-12-26 18:59:33.531 [info] [main] Validating found git in: "git"
2025-12-26 18:59:33.531 [info] [main] Using git "2.52.0" from "git"
2025-12-26 18:59:33.531 [info] [Model][doInitialScan] Initial repository scan started
2025-12-26 18:59:33.531 [info] > git rev-parse --show-toplevel [42ms]
2025-12-26 18:59:33.531 [info] fatal: not a git repository (or any of the parent directories): .git
2025-12-26 18:59:33.531 [info] > git rev-parse --show-toplevel [4ms]
2025-12-26 18:59:33.531 [info] fatal: not a git repository (or any of the parent directories): .git
2025-12-26 18:59:33.531 [info] > git rev-parse --show-toplevel [13ms]
2025-12-26 18:59:33.531 [info] fatal: not a git repository (or any of the parent directories): .git
2025-12-26 18:59:33.531 [info] > git rev-parse --show-toplevel [3ms]
2025-12-26 18:59:33.531 [info] fatal: not a git repository (or any of the parent directories): .git
2025-12-26 18:59:33.531 [info] > git rev-parse --show-toplevel [4ms]
2025-12-26 18:59:33.531 [info] fatal: not a git repository (or any of the parent directories): .git
2025-12-26 18:59:33.531 [info] > git rev-parse --show-toplevel [3ms]
2025-12-26 18:59:33.531 [info] fatal: not a git repository (or any of the parent directories): .git
2025-12-26 18:59:33.531 [info] > git rev-parse --show-toplevel [4ms]
2025-12-26 18:59:33.531 [info] fatal: not a git repository (or any of the parent directories): .git
2025-12-26 18:59:33.531 [info] > git rev-parse --show-toplevel [3ms]
2025-12-26 18:59:33.531 [info] > git rev-parse --git-dir --git-common-dir --show-superproject-working-tree [6ms]
2025-12-26 18:59:33.531 [info] [Model][openRepository] Opened repository (path): /home/bat/.oh-my-zsh
2025-12-26 18:59:33.531 [info] [Model][openRepository] Opened repository (real path): /home/bat/.oh-my-zsh
2025-12-26 18:59:33.531 [info] [Model][openRepository] Opened repository (kind): repository
2025-12-26 18:59:33.531 [info] > git rev-parse --show-toplevel [5ms]
2025-12-26 18:59:33.531 [info] fatal: not a git repository (or any of the parent directories): .git
2025-12-26 18:59:33.531 [info] > git config --get commit.template [12ms]
2025-12-26 18:59:33.531 [info] > git for-each-ref --format=%(refname)%00%(upstream:short)%00%(objectname)%00%(upstream:track)%00%(upstream:remotename)%00%(upstream:remoteref) refs/heads/master refs/remotes/master [6ms]
2025-12-26 18:59:33.531 [info] > git rev-parse --show-toplevel [13ms]
2025-12-26 18:59:33.531 [info] fatal: not a git repository (or any of the parent directories): .git
2025-12-26 18:59:33.532 [info] > git rev-parse --show-toplevel [27ms]
2025-12-26 18:59:33.532 [info] fatal: not a git repository (or any of the parent directories): .git
2025-12-26 18:59:33.534 [info] [Model][doInitialScan] Initial repository scan completed - repositories (1), closed repositories (0), parent repositories (0), unsafe repositories (0)
2025-12-26 18:59:33.562 [info] > git for-each-ref --sort -committerdate --format %(refname)%00%(objectname)%00%(*objectname) [3ms]
2025-12-26 18:59:33.638 [info] > git status -z -uall [87ms]
2025-12-26 18:59:34.000 [info] > git for-each-ref --format=%(refname)%00%(upstream:short)%00%(objectname)%00%(upstream:track)%00%(upstream:remotename)%00%(upstream:remoteref) refs/heads/master refs/remotes/master [303ms]
2025-12-26 18:59:34.131 [info] > git config --get --local branch.master.vscode-merge-base [121ms]
2025-12-26 18:59:34.141 [info] > git config --get commit.template [142ms]
2025-12-26 18:59:34.159 [info] > git for-each-ref --format=%(refname)%00%(upstream:short)%00%(objectname)%00%(upstream:track)%00%(upstream:remotename)%00%(upstream:remoteref) refs/heads/origin/master refs/remotes/origin/master [19ms]
2025-12-26 18:59:34.174 [info] > git rev-parse --show-toplevel [46ms]
2025-12-26 18:59:34.175 [info] fatal: not a git repository (or any of the parent directories): .git
2025-12-26 18:59:34.197 [info] > git merge-base refs/heads/master refs/remotes/origin/master [25ms]
2025-12-26 18:59:34.212 [info] > git rev-parse --show-toplevel [16ms]
2025-12-26 18:59:34.213 [info] fatal: not a git repository (or any of the parent directories): .git
2025-12-26 18:59:34.213 [info] > git for-each-ref --format=%(refname)%00%(upstream:short)%00%(objectname)%00%(upstream:track)%00%(upstream:remotename)%00%(upstream:remoteref) refs/heads/master refs/remotes/master [27ms]
2025-12-26 18:59:34.213 [info] > git fetch [766ms]
2025-12-26 18:59:34.233 [info] > git diff --name-status -z --diff-filter=ADMR --find-renames=50% 0f45f82c0afdcaf71b193e349d01c069a3fb9de7...refs/remotes/origin/master -- [26ms]
2025-12-26 18:59:34.241 [info] > git config --get commit.template [10ms]
2025-12-26 18:59:34.265 [info] > git for-each-ref --format=%(refname)%00%(upstream:short)%00%(objectname)%00%(upstream:track)%00%(upstream:remotename)%00%(upstream:remoteref) refs/heads/master refs/remotes/master [5ms]
2025-12-26 18:59:34.286 [info] > git for-each-ref --sort -committerdate --format %(refname)%00%(objectname)%00%(*objectname) [4ms]
2025-12-26 18:59:34.344 [info] > git status -z -uall [69ms]
2025-12-26 19:01:36.015 [info] > git rev-parse --show-toplevel [3ms]
2025-12-26 19:01:36.015 [info] fatal: not a git repository (or any of the parent directories): .git
2025-12-26 19:02:35.256 [info] > git fetch [893ms]
2025-12-26 19:02:35.273 [info] > git config --get commit.template [8ms]
2025-12-26 19:02:35.275 [info] > git for-each-ref --format=%(refname)%00%(upstream:short)%00%(objectname)%00%(upstream:track)%00%(upstream:remotename)%00%(upstream:remoteref) refs/heads/master refs/remotes/master [2ms]
2025-12-26 19:02:35.293 [info] > git for-each-ref --sort -committerdate --format %(refname)%00%(objectname)%00%(*objectname) [4ms]
2025-12-26 19:02:35.349 [info] > git status -z -uall [67ms]
2025-12-26 19:04:55.892 [info] > git rev-parse --show-toplevel [2ms]
2025-12-26 19:04:55.892 [info] fatal: not a git repository (or any of the parent directories): .git
2025-12-26 19:05:36.508 [info] > git fetch [910ms]
2025-12-26 19:05:36.523 [info] > git config --get commit.template [7ms]
2025-12-26 19:05:36.524 [info] > git for-each-ref --format=%(refname)%00%(upstream:short)%00%(objectname)%00%(upstream:track)%00%(upstream:remotename)%00%(upstream:remoteref) refs/heads/master refs/remotes/master [2ms]
2025-12-26 19:05:36.539 [info] > git for-each-ref --sort -committerdate --format %(refname)%00%(objectname)%00%(*objectname) [2ms]
2025-12-26 19:05:36.596 [info] > git status -z -uall [65ms]
