2025-12-27 17:40:42.751 [info] read schema from vscode: vscode://schemas/settings/user
2025-12-27 17:40:42.752 [info] cancelled
2025-12-27 17:40:42.880 [info] read schema from vscode: vscode://schemas/settings/resourceLanguage
2025-12-27 17:40:42.881 [info] read schema from vscode: vscode://schemas/ignoredSettings
2025-12-27 17:40:42.887 [info] read schema from vscode: vscode://schemas/launch
2025-12-27 17:40:42.892 [info] read schema from vscode: vscode://schemas/token-styling
2025-12-27 17:40:42.894 [info] read schema from vscode: vscode://schemas/textmate-colors
2025-12-27 17:40:42.895 [info] read schema from vscode: vscode://schemas/workbench-colors
2025-12-27 17:40:44.201 [info] schema change detected vscode://schemas/settings/resourceLanguage
2025-12-27 17:40:44.203 [info] read schema from vscode: vscode://schemas/settings/user
2025-12-27 17:40:44.207 [info] schema change detected vscode://schemas/ignoredSettings
2025-12-27 17:40:44.260 [info] read schema from vscode: vscode://schemas/settings/resourceLanguage
2025-12-27 17:40:44.260 [info] read schema from vscode: vscode://schemas/ignoredSettings
2025-12-27 17:40:44.260 [info] schema change detected vscode://schemas/settings/user
2025-12-27 17:40:44.341 [info] cancelled
2025-12-27 17:40:44.343 [info] cancelled
2025-12-27 17:40:44.344 [info] read schema from vscode: vscode://schemas/settings/user
2025-12-27 17:40:44.370 [info] schema change detected vscode://schemas/settings/user
2025-12-27 17:40:44.386 [info] read schema from vscode: vscode://schemas/settings/resourceLanguage
2025-12-27 17:40:44.386 [info] read schema from vscode: vscode://schemas/ignoredSettings
2025-12-27 17:40:44.388 [info] read schema from vscode: vscode://schemas/launch
2025-12-27 17:40:44.391 [info] read schema from vscode: vscode://schemas/token-styling
2025-12-27 17:40:44.392 [info] read schema from vscode: vscode://schemas/textmate-colors
2025-12-27 17:40:44.392 [info] read schema from vscode: vscode://schemas/workbench-colors
2025-12-27 17:40:44.472 [info] cancelled
2025-12-27 17:40:44.473 [info] read schema from vscode: vscode://schemas/settings/user
2025-12-27 17:40:45.107 [info] schema change detected vscode://schemas/settings/user
2025-12-27 17:40:45.110 [info] read schema from vscode: vscode://schemas/settings/user
2025-12-27 17:40:47.589 [info] schema change detected vscode://schemas/launch
2025-12-27 17:40:47.591 [info] read schema from vscode: vscode://schemas/settings/user
2025-12-27 17:40:47.635 [info] read schema from vscode: vscode://schemas/launch
2025-12-27 17:40:50.247 [info] schema change detected vscode://schemas/settings/user
2025-12-27 17:40:50.252 [info] read schema from vscode: vscode://schemas/settings/user
