2025-12-26 22:33:57.743 [info] Reading sessions from keychain...
2025-12-26 22:33:57.743 [info] Getting sessions for all scopes...
2025-12-26 22:33:57.763 [info] Got 0 sessions for ...
2025-12-26 22:33:57.763 [info] Getting sessions for all scopes...
2025-12-26 22:33:57.763 [info] Got 0 sessions for ...
2025-12-26 22:33:57.763 [info] Getting sessions for all scopes...
2025-12-26 22:33:57.763 [info] Got 0 sessions for ...
2025-12-26 22:33:57.763 [info] Getting sessions for all scopes...
2025-12-26 22:33:57.763 [info] Got 0 sessions for ...
2025-12-26 22:33:57.764 [info] Getting sessions for all scopes...
2025-12-26 22:33:57.764 [info] Got 0 sessions for ...
2025-12-26 22:33:57.764 [info] Getting sessions for all scopes...
2025-12-26 22:33:57.764 [info] Got 0 sessions for ...
2025-12-26 22:33:57.764 [info] Getting sessions for all scopes...
2025-12-26 22:33:57.764 [info] Got 0 sessions for ...
2025-12-26 22:33:57.764 [info] Getting sessions for all scopes...
2025-12-26 22:33:57.764 [info] Got 0 sessions for ...
2025-12-26 22:33:57.768 [info] Getting sessions for all scopes...
2025-12-26 22:33:57.768 [info] Got 0 sessions for ...
2025-12-26 22:33:57.770 [info] Getting sessions for all scopes...
2025-12-26 22:33:57.770 [info] Got 0 sessions for ...
2025-12-26 22:33:57.770 [info] Getting sessions for all scopes...
2025-12-26 22:33:57.770 [info] Got 0 sessions for ...
2025-12-26 22:33:57.770 [info] Getting sessions for all scopes...
2025-12-26 22:33:57.770 [info] Got 0 sessions for ...
2025-12-26 22:33:57.771 [info] Getting sessions for all scopes...
2025-12-26 22:33:57.771 [info] Got 0 sessions for ...
2025-12-26 22:33:57.771 [info] Getting sessions for all scopes...
2025-12-26 22:33:57.771 [info] Got 0 sessions for ...
2025-12-26 22:33:57.929 [info] Getting sessions for all scopes...
2025-12-26 22:33:57.929 [info] Got 0 sessions for ...
2025-12-26 22:33:59.305 [info] Getting sessions for all scopes...
2025-12-26 22:33:59.305 [info] Got 0 sessions for ...
2025-12-26 22:33:59.424 [info] Getting sessions for read:user,repo,user:email,workflow...
2025-12-26 22:33:59.424 [info] Got 0 sessions for read:user,repo,user:email,workflow...
