2025-12-27 18:12:23.082 [info] Reading sessions from keychain...
2025-12-27 18:12:23.082 [info] Getting sessions for all scopes...
2025-12-27 18:12:23.082 [info] Got 0 sessions for ...
2025-12-27 18:12:23.082 [info] Getting sessions for all scopes...
2025-12-27 18:12:23.082 [info] Got 0 sessions for ...
2025-12-27 18:12:23.082 [info] Getting sessions for all scopes...
2025-12-27 18:12:23.082 [info] Got 0 sessions for ...
2025-12-27 18:12:23.082 [info] Getting sessions for all scopes...
2025-12-27 18:12:23.082 [info] Got 0 sessions for ...
2025-12-27 18:12:23.082 [info] Getting sessions for all scopes...
2025-12-27 18:12:23.082 [info] Got 0 sessions for ...
2025-12-27 18:12:23.082 [info] Getting sessions for all scopes...
2025-12-27 18:12:23.082 [info] Got 0 sessions for ...
2025-12-27 18:12:23.082 [info] Getting sessions for all scopes...
2025-12-27 18:12:23.082 [info] Got 0 sessions for ...
2025-12-27 18:12:23.082 [info] Getting sessions for all scopes...
2025-12-27 18:12:23.082 [info] Got 0 sessions for ...
2025-12-27 18:12:23.082 [info] Getting sessions for all scopes...
2025-12-27 18:12:23.082 [info] Got 0 sessions for ...
2025-12-27 18:12:23.142 [info] Getting sessions for all scopes...
2025-12-27 18:12:23.143 [info] Got 0 sessions for ...
2025-12-27 18:12:23.145 [info] Getting sessions for all scopes...
2025-12-27 18:12:23.145 [info] Got 0 sessions for ...
2025-12-27 18:12:23.146 [info] Getting sessions for all scopes...
2025-12-27 18:12:23.146 [info] Got 0 sessions for ...
2025-12-27 18:12:23.146 [info] Getting sessions for all scopes...
2025-12-27 18:12:23.146 [info] Got 0 sessions for ...
2025-12-27 18:12:23.147 [info] Getting sessions for all scopes...
2025-12-27 18:12:23.147 [info] Got 0 sessions for ...
2025-12-27 18:12:23.148 [info] Getting sessions for all scopes...
2025-12-27 18:12:23.148 [info] Got 0 sessions for ...
2025-12-27 18:12:25.405 [info] Getting sessions for read:user,repo,user:email,workflow...
2025-12-27 18:12:25.405 [info] Got 0 sessions for read:user,repo,user:email,workflow...
2025-12-27 18:12:25.721 [info] Getting sessions for read:user,repo,user:email,workflow...
2025-12-27 18:12:25.721 [info] Got 0 sessions for read:user,repo,user:email,workflow...
2025-12-27 18:12:26.073 [info] Getting sessions for all scopes...
2025-12-27 18:12:26.073 [info] Got 0 sessions for ...
2025-12-27 18:14:25.600 [info] Getting sessions for read:user,repo,user:email,workflow...
2025-12-27 18:14:25.601 [info] Got 0 sessions for read:user,repo,user:email,workflow...
