2025-12-27 18:12:20.875 [info] Extension host with pid 1091 started
2025-12-27 18:12:20.875 [info] Skipping acquiring lock for /home/bat/.config/Code/User/workspaceStorage/9ed39626cd4d98d7ca27e9489f47712a.
2025-12-27 18:12:21.536 [info] ExtensionService#_doActivateExtension vscode.github-authentication, startup: false, activationEvent: 'onAuthenticationRequest:github'
2025-12-27 18:12:21.599 [info] ExtensionService#_doActivateExtension vscode.emmet, startup: false, activationEvent: 'onLanguage'
2025-12-27 18:12:21.640 [info] ExtensionService#_doActivateExtension vscode.configuration-editing, startup: false, activationEvent: 'onLanguage:jsonc'
2025-12-27 18:12:21.659 [info] ExtensionService#_doActivateExtension vscode.json-language-features, startup: false, activationEvent: 'onLanguage:jsonc'
2025-12-27 18:12:21.859 [info] ExtensionService#_doActivateExtension vscode.typescript-language-features, startup: false, activationEvent: 'onLanguage:jsonc'
2025-12-27 18:12:22.804 [info] ExtensionService#_doActivateExtension vscode.git-base, startup: true, activationEvent: '*', root cause: vscode.git
2025-12-27 18:12:22.935 [info] ExtensionService#_doActivateExtension vscode.css-language-features, startup: false, activationEvent: 'onLanguage:css'
2025-12-27 18:12:23.150 [info] ExtensionService#_doActivateExtension vscode.git, startup: true, activationEvent: '*'
2025-12-27 18:12:23.358 [info] ExtensionService#_doActivateExtension vscode.github, startup: true, activationEvent: '*'
2025-12-27 18:12:24.089 [info] Eager extensions activated
2025-12-27 18:12:24.126 [info] ExtensionService#_doActivateExtension vscode.debug-auto-launch, startup: false, activationEvent: 'onStartupFinished'
2025-12-27 18:12:24.134 [info] ExtensionService#_doActivateExtension vscode.merge-conflict, startup: false, activationEvent: 'onStartupFinished'
2025-12-27 18:12:24.183 [info] ExtensionService#_doActivateExtension aaron-bond.better-comments, startup: false, activationEvent: 'onStartupFinished'
2025-12-27 18:12:24.198 [info] ExtensionService#_doActivateExtension esbenp.prettier-vscode, startup: false, activationEvent: 'onStartupFinished'
2025-12-27 18:12:24.386 [info] ExtensionService#_doActivateExtension formulahendry.code-runner, startup: false, activationEvent: 'onStartupFinished'
2025-12-27 18:12:24.445 [info] ExtensionService#_doActivateExtension ritwickdey.LiveServer, startup: false, activationEvent: 'onStartupFinished'
2025-12-27 18:12:24.470 [info] ExtensionService#_doActivateExtension viral-team.carbon-candy, startup: false, activationEvent: 'onStartupFinished'
2025-12-27 18:12:24.484 [error] Activating extension viral-team.carbon-candy failed due to an error:
2025-12-27 18:12:24.484 [error] Error: Cannot find module '../icons/carbon-candy-icon-theme.json'
Require stack:
- /home/bat/.vscode/extensions/viral-team.carbon-candy-0.2.2/lib/config.js
- /home/bat/.vscode/extensions/viral-team.carbon-candy-0.2.2/lib/change-listener.js
- /home/bat/.vscode/extensions/viral-team.carbon-candy-0.2.2/extension.js
- /opt/visual-studio-code/resources/app/out/vs/workbench/api/node/extensionHostProcess.js
	at Module._resolveFilename (node:internal/modules/cjs/loader:1390:15)
	at n._resolveFilename (node:electron/js2c/utility_init:2:16354)
	at t._resolveFilename (file:///opt/visual-studio-code/resources/app/out/vs/workbench/api/node/extensionHostProcess.js:222:22880)
	at defaultResolveImpl (node:internal/modules/cjs/loader:1032:19)
	at resolveForCJSWithHooks (node:internal/modules/cjs/loader:1037:22)
	at Module._load (node:internal/modules/cjs/loader:1199:37)
	at c._load (node:electron/js2c/node_init:2:17993)
	at e._load (file:///opt/visual-studio-code/resources/app/out/vs/workbench/api/node/extensionHostProcess.js:404:6048)
	at t._load (file:///opt/visual-studio-code/resources/app/out/vs/workbench/api/node/extensionHostProcess.js:222:22598)
	at r._load (file:///opt/visual-studio-code/resources/app/out/vs/workbench/api/node/extensionHostProcess.js:214:24094)
	at TracingChannel.traceSync (node:diagnostics_channel:328:14)
	at wrapModuleLoad (node:internal/modules/cjs/loader:244:24)
	at Module.require (node:internal/modules/cjs/loader:1470:12)
	at require (node:internal/modules/helpers:147:16)
	at Object.<anonymous> (/home/bat/.vscode/extensions/viral-team.carbon-candy-0.2.2/lib/config.js:3:23)
	at Module._compile (node:internal/modules/cjs/loader:1714:14)
	at Module._extensions..js (node:internal/modules/cjs/loader:1848:10)
	at Module.load (node:internal/modules/cjs/loader:1448:32)
	at Module._load (node:internal/modules/cjs/loader:1270:12)
	at c._load (node:electron/js2c/node_init:2:17993)
	at e._load (file:///opt/visual-studio-code/resources/app/out/vs/workbench/api/node/extensionHostProcess.js:404:6048)
	at t._load (file:///opt/visual-studio-code/resources/app/out/vs/workbench/api/node/extensionHostProcess.js:222:22598)
	at r._load (file:///opt/visual-studio-code/resources/app/out/vs/workbench/api/node/extensionHostProcess.js:214:24094)
	at TracingChannel.traceSync (node:diagnostics_channel:328:14)
	at wrapModuleLoad (node:internal/modules/cjs/loader:244:24)
	at Module.require (node:internal/modules/cjs/loader:1470:12)
	at require (node:internal/modules/helpers:147:16)
	at Object.<anonymous> (/home/bat/.vscode/extensions/viral-team.carbon-candy-0.2.2/lib/change-listener.js:1:72)
	at Module._compile (node:internal/modules/cjs/loader:1714:14)
	at Module._extensions..js (node:internal/modules/cjs/loader:1848:10)
	at Module.load (node:internal/modules/cjs/loader:1448:32)
	at Module._load (node:internal/modules/cjs/loader:1270:12)
	at c._load (node:electron/js2c/node_init:2:17993)
	at e._load (file:///opt/visual-studio-code/resources/app/out/vs/workbench/api/node/extensionHostProcess.js:404:6048)
	at t._load (file:///opt/visual-studio-code/resources/app/out/vs/workbench/api/node/extensionHostProcess.js:222:22598)
	at r._load (file:///opt/visual-studio-code/resources/app/out/vs/workbench/api/node/extensionHostProcess.js:214:24094)
	at TracingChannel.traceSync (node:diagnostics_channel:328:14)
	at wrapModuleLoad (node:internal/modules/cjs/loader:244:24)
	at Module.require (node:internal/modules/cjs/loader:1470:12)
	at require (node:internal/modules/helpers:147:16)
	at Object.<anonymous> (/home/bat/.vscode/extensions/viral-team.carbon-candy-0.2.2/extension.js:2:34)
	at Module._compile (node:internal/modules/cjs/loader:1714:14)
	at Module._extensions..js (node:internal/modules/cjs/loader:1848:10)
	at Module.load (node:internal/modules/cjs/loader:1448:32)
	at Module._load (node:internal/modules/cjs/loader:1270:12)
	at c._load (node:electron/js2c/node_init:2:17993)
	at e._load (file:///opt/visual-studio-code/resources/app/out/vs/workbench/api/node/extensionHostProcess.js:404:6048)
	at t._load (file:///opt/visual-studio-code/resources/app/out/vs/workbench/api/node/extensionHostProcess.js:222:22598)
	at r._load (file:///opt/visual-studio-code/resources/app/out/vs/workbench/api/node/extensionHostProcess.js:214:24094)
	at TracingChannel.traceSync (node:diagnostics_channel:328:14)
	at wrapModuleLoad (node:internal/modules/cjs/loader:244:24)
	at Module.require (node:internal/modules/cjs/loader:1470:12)
	at require (node:internal/modules/helpers:147:16)
	at HX.Cb (file:///opt/visual-studio-code/resources/app/out/vs/workbench/api/node/extensionHostProcess.js:253:1253)
2025-12-27 18:12:24.752 [warning] [Decorations] CAPPING events from decorations provider vscode.git 492
2025-12-27 18:12:25.327 [warning] [Decorations] CAPPING events from decorations provider vscode.git 496
2025-12-27 18:12:26.761 [warning] [Decorations] CAPPING events from decorations provider vscode.git 496
2025-12-27 18:12:42.869 [warning] [Decorations] CAPPING events from decorations provider vscode.git 496
2025-12-27 18:12:47.937 [warning] [Decorations] CAPPING events from decorations provider vscode.git 496
2025-12-27 18:12:53.015 [warning] [Decorations] CAPPING events from decorations provider vscode.git 497
2025-12-27 18:12:58.087 [warning] [Decorations] CAPPING events from decorations provider vscode.git 497
2025-12-27 18:13:03.161 [warning] [Decorations] CAPPING events from decorations provider vscode.git 497
2025-12-27 18:13:08.241 [warning] [Decorations] CAPPING events from decorations provider vscode.git 498
2025-12-27 18:13:13.319 [warning] [Decorations] CAPPING events from decorations provider vscode.git 498
2025-12-27 18:13:25.862 [warning] [Decorations] CAPPING events from decorations provider vscode.git 498
2025-12-27 18:13:30.943 [warning] [Decorations] CAPPING events from decorations provider vscode.git 498
2025-12-27 18:13:36.021 [warning] [Decorations] CAPPING events from decorations provider vscode.git 498
2025-12-27 18:13:41.101 [warning] [Decorations] CAPPING events from decorations provider vscode.git 498
2025-12-27 18:13:46.171 [warning] [Decorations] CAPPING events from decorations provider vscode.git 498
2025-12-27 18:13:51.255 [warning] [Decorations] CAPPING events from decorations provider vscode.git 498
2025-12-27 18:13:56.333 [warning] [Decorations] CAPPING events from decorations provider vscode.git 498
2025-12-27 18:14:01.411 [warning] [Decorations] CAPPING events from decorations provider vscode.git 498
2025-12-27 18:14:06.483 [warning] [Decorations] CAPPING events from decorations provider vscode.git 498
2025-12-27 18:14:11.566 [warning] [Decorations] CAPPING events from decorations provider vscode.git 498
2025-12-27 18:14:16.637 [warning] [Decorations] CAPPING events from decorations provider vscode.git 498
2025-12-27 18:14:21.725 [warning] [Decorations] CAPPING events from decorations provider vscode.git 498
2025-12-27 18:14:26.803 [warning] [Decorations] CAPPING events from decorations provider vscode.git 498
2025-12-27 18:16:17.555 [warning] [Decorations] CAPPING events from decorations provider vscode.git 499
