2025-12-26 22:35:52.743 [info] Reading sessions from keychain...
2025-12-26 22:35:52.743 [info] Getting sessions for all scopes...
2025-12-26 22:35:52.743 [info] Got 0 sessions for ...
2025-12-26 22:35:52.743 [info] Getting sessions for all scopes...
2025-12-26 22:35:52.743 [info] Got 0 sessions for ...
2025-12-26 22:35:52.743 [info] Getting sessions for all scopes...
2025-12-26 22:35:52.743 [info] Got 0 sessions for ...
2025-12-26 22:35:52.743 [info] Getting sessions for all scopes...
2025-12-26 22:35:52.743 [info] Got 0 sessions for ...
2025-12-26 22:35:52.743 [info] Getting sessions for all scopes...
2025-12-26 22:35:52.743 [info] Got 0 sessions for ...
2025-12-26 22:35:52.743 [info] Getting sessions for all scopes...
2025-12-26 22:35:52.743 [info] Got 0 sessions for ...
2025-12-26 22:35:52.743 [info] Getting sessions for all scopes...
2025-12-26 22:35:52.743 [info] Got 0 sessions for ...
2025-12-26 22:35:52.743 [info] Getting sessions for all scopes...
2025-12-26 22:35:52.743 [info] Got 0 sessions for ...
2025-12-26 22:35:52.745 [info] Getting sessions for all scopes...
2025-12-26 22:35:52.745 [info] Got 0 sessions for ...
2025-12-26 22:35:52.748 [info] Getting sessions for all scopes...
2025-12-26 22:35:52.748 [info] Got 0 sessions for ...
2025-12-26 22:35:52.749 [info] Getting sessions for all scopes...
2025-12-26 22:35:52.750 [info] Got 0 sessions for ...
2025-12-26 22:35:52.751 [info] Getting sessions for all scopes...
2025-12-26 22:35:52.751 [info] Got 0 sessions for ...
2025-12-26 22:35:52.752 [info] Getting sessions for all scopes...
2025-12-26 22:35:52.752 [info] Got 0 sessions for ...
2025-12-26 22:35:52.753 [info] Getting sessions for all scopes...
2025-12-26 22:35:52.753 [info] Got 0 sessions for ...
2025-12-26 22:35:52.754 [info] Getting sessions for all scopes...
2025-12-26 22:35:52.754 [info] Got 0 sessions for ...
2025-12-26 22:35:54.172 [info] Getting sessions for all scopes...
2025-12-26 22:35:54.172 [info] Got 0 sessions for ...
2025-12-26 22:35:54.563 [info] Getting sessions for read:user,repo,user:email,workflow...
2025-12-26 22:35:54.563 [info] Got 0 sessions for read:user,repo,user:email,workflow...
