2025-12-26 21:18:18.429 [info] Reading sessions from keychain...
2025-12-26 21:18:18.429 [info] Getting sessions for all scopes...
2025-12-26 21:18:18.429 [info] Got 0 sessions for ...
2025-12-26 21:18:18.429 [info] Getting sessions for all scopes...
2025-12-26 21:18:18.429 [info] Got 0 sessions for ...
2025-12-26 21:18:18.429 [info] Getting sessions for all scopes...
2025-12-26 21:18:18.429 [info] Got 0 sessions for ...
2025-12-26 21:18:18.429 [info] Getting sessions for all scopes...
2025-12-26 21:18:18.429 [info] Got 0 sessions for ...
2025-12-26 21:18:18.429 [info] Getting sessions for all scopes...
2025-12-26 21:18:18.429 [info] Got 0 sessions for ...
2025-12-26 21:18:18.429 [info] Getting sessions for all scopes...
2025-12-26 21:18:18.429 [info] Got 0 sessions for ...
2025-12-26 21:18:18.429 [info] Getting sessions for all scopes...
2025-12-26 21:18:18.429 [info] Got 0 sessions for ...
2025-12-26 21:18:18.429 [info] Getting sessions for all scopes...
2025-12-26 21:18:18.429 [info] Got 0 sessions for ...
2025-12-26 21:18:18.429 [info] Getting sessions for all scopes...
2025-12-26 21:18:18.429 [info] Got 0 sessions for ...
2025-12-26 21:18:18.429 [info] Getting sessions for all scopes...
2025-12-26 21:18:18.429 [info] Got 0 sessions for ...
2025-12-26 21:18:18.429 [info] Getting sessions for all scopes...
2025-12-26 21:18:18.429 [info] Got 0 sessions for ...
2025-12-26 21:18:18.429 [info] Getting sessions for all scopes...
2025-12-26 21:18:18.429 [info] Got 0 sessions for ...
2025-12-26 21:18:18.429 [info] Getting sessions for all scopes...
2025-12-26 21:18:18.429 [info] Got 0 sessions for ...
2025-12-26 21:18:18.429 [info] Getting sessions for all scopes...
2025-12-26 21:18:18.429 [info] Got 0 sessions for ...
2025-12-26 21:18:18.429 [info] Getting sessions for all scopes...
2025-12-26 21:18:18.429 [info] Got 0 sessions for ...
2025-12-26 21:18:19.828 [info] Getting sessions for all scopes...
2025-12-26 21:18:19.828 [info] Got 0 sessions for ...
2025-12-26 21:18:20.256 [info] Getting sessions for read:user,repo,user:email,workflow...
2025-12-26 21:18:20.256 [info] Got 0 sessions for read:user,repo,user:email,workflow...
