2025-12-27 17:58:33.531 [info] [main] Log level: Info
2025-12-27 17:58:33.531 [info] [main] Validating found git in: "git"
2025-12-27 17:58:33.531 [info] [main] Using git "2.52.0" from "git"
2025-12-27 17:58:33.531 [info] [Model][doInitialScan] Initial repository scan started
2025-12-27 17:58:33.531 [info] > git rev-parse --show-toplevel [3ms]
2025-12-27 17:58:33.531 [info] fatal: not a git repository (or any of the parent directories): .git
2025-12-27 17:58:33.531 [info] > git rev-parse --show-toplevel [1ms]
2025-12-27 17:58:33.531 [info] > git rev-parse --git-dir --git-common-dir --show-superproject-working-tree [2ms]
2025-12-27 17:58:33.531 [info] [Model][openRepository] Opened repository (path): /home/bat/.config
2025-12-27 17:58:33.531 [info] [Model][openRepository] Opened repository (real path): /home/bat/.config
2025-12-27 17:58:33.531 [info] [Model][openRepository] Opened repository (kind): repository
2025-12-27 17:58:33.531 [info] > git rev-parse --show-toplevel [2ms]
2025-12-27 17:58:33.531 [info] fatal: not a git repository (or any of the parent directories): .git
2025-12-27 17:58:33.531 [info] > git config --get commit.template [5ms]
2025-12-27 17:58:33.531 [info] > git for-each-ref --format=%(refname)%00%(upstream:short)%00%(objectname)%00%(upstream:track)%00%(upstream:remotename)%00%(upstream:remoteref) refs/heads/master refs/remotes/master [2ms]
2025-12-27 17:58:33.531 [info] > git rev-parse --show-toplevel [4ms]
2025-12-27 17:58:33.531 [info] fatal: not a git repository (or any of the parent directories): .git
2025-12-27 17:58:33.531 [info] > git rev-parse --show-toplevel [11ms]
2025-12-27 17:58:33.531 [info] fatal: not a git repository (or any of the parent directories): .git
2025-12-27 17:58:33.531 [info] > git for-each-ref --sort -committerdate --format %(refname)%00%(objectname)%00%(*objectname) [29ms]
2025-12-27 17:58:33.532 [info] > git status -z -uall [39ms]
2025-12-27 17:58:33.573 [info] > git for-each-ref --format=%(refname)%00%(upstream:short)%00%(objectname)%00%(upstream:track)%00%(upstream:remotename)%00%(upstream:remoteref) refs/heads/master refs/remotes/master [13ms]
2025-12-27 17:58:33.576 [info] > git rev-parse --show-toplevel [46ms]
2025-12-27 17:58:33.576 [info] fatal: not a git repository (or any of the parent directories): .git
2025-12-27 17:58:33.707 [info] > git config --get --local branch.master.vscode-merge-base [131ms]
2025-12-27 17:58:33.710 [info] > git config --get commit.template [137ms]
2025-12-27 17:58:33.766 [info] > git for-each-ref --format=%(refname)%00%(upstream:short)%00%(objectname)%00%(upstream:track)%00%(upstream:remotename)%00%(upstream:remoteref) refs/heads/origin/master refs/remotes/origin/master [57ms]
2025-12-27 17:58:33.771 [info] > git rev-parse --show-toplevel [64ms]
2025-12-27 17:58:33.771 [info] fatal: not a git repository (or any of the parent directories): .git
2025-12-27 17:58:33.783 [info] > git merge-base refs/heads/master refs/remotes/origin/master [13ms]
2025-12-27 17:58:33.787 [info] > git rev-parse --show-toplevel [7ms]
2025-12-27 17:58:33.787 [info] fatal: not a git repository (or any of the parent directories): .git
2025-12-27 17:58:33.787 [info] > git for-each-ref --format=%(refname)%00%(upstream:short)%00%(objectname)%00%(upstream:track)%00%(upstream:remotename)%00%(upstream:remoteref) refs/heads/master refs/remotes/master [11ms]
2025-12-27 17:58:33.791 [info] > git diff --name-status -z --diff-filter=ADMR --find-renames=50% fdb9eb2860674a5fe1d62619af980be8c3526a2e...refs/remotes/origin/master -- [5ms]
2025-12-27 17:58:33.795 [info] > git rev-parse --show-toplevel [4ms]
2025-12-27 17:58:33.803 [info] > git rev-parse --git-dir --git-common-dir --show-superproject-working-tree [5ms]
2025-12-27 17:58:33.806 [info] [Model][openRepository] Opened repository (path): /home/bat/.oh-my-zsh
2025-12-27 17:58:33.806 [info] [Model][openRepository] Opened repository (real path): /home/bat/.oh-my-zsh
2025-12-27 17:58:33.806 [info] [Model][openRepository] Opened repository (kind): repository
2025-12-27 17:58:33.811 [info] > git for-each-ref --sort -committerdate --format %(refname)%00%(objectname)%00%(*objectname) [9ms]
2025-12-27 17:58:33.812 [info] > git rev-parse --show-toplevel [1ms]
2025-12-27 17:58:33.812 [info] fatal: not a git repository (or any of the parent directories): .git
2025-12-27 17:58:33.812 [info] > git config --get commit.template [3ms]
2025-12-27 17:58:33.818 [info] > git status -z -uall [18ms]
2025-12-27 17:58:33.825 [info] > git rev-parse --show-toplevel [10ms]
2025-12-27 17:58:33.825 [info] fatal: not a git repository (or any of the parent directories): .git
2025-12-27 17:58:33.827 [info] > git for-each-ref --format=%(refname)%00%(upstream:short)%00%(objectname)%00%(upstream:track)%00%(upstream:remotename)%00%(upstream:remoteref) refs/heads/master refs/remotes/master [10ms]
2025-12-27 17:58:33.828 [info] > git rev-parse --show-toplevel [1ms]
2025-12-27 17:58:33.828 [info] fatal: not a git repository (or any of the parent directories): .git
2025-12-27 17:58:33.839 [info] > git rev-parse --show-toplevel [7ms]
2025-12-27 17:58:33.839 [info] fatal: not a git repository (or any of the parent directories): .git
2025-12-27 17:58:33.841 [info] [Model][doInitialScan] Initial repository scan completed - repositories (2), closed repositories (0), parent repositories (0), unsafe repositories (0)
2025-12-27 17:58:33.844 [info] > git for-each-ref --sort -committerdate --format %(refname)%00%(objectname)%00%(*objectname) [6ms]
2025-12-27 17:58:33.845 [info] > git rev-parse --show-toplevel [1ms]
2025-12-27 17:58:33.845 [info] fatal: not a git repository (or any of the parent directories): .git
2025-12-27 17:58:33.849 [info] > git rev-parse --show-toplevel [1ms]
2025-12-27 17:58:33.849 [info] fatal: not a git repository (or any of the parent directories): .git
2025-12-27 17:58:33.871 [info] > git status -z -uall [36ms]
2025-12-27 17:58:33.880 [info] > git for-each-ref --format=%(refname)%00%(upstream:short)%00%(objectname)%00%(upstream:track)%00%(upstream:remotename)%00%(upstream:remoteref) refs/heads/master refs/remotes/master [4ms]
2025-12-27 17:58:33.884 [info] > git config --get --local branch.master.vscode-merge-base [2ms]
2025-12-27 17:58:33.887 [info] > git config --get commit.template [7ms]
2025-12-27 17:58:33.890 [info] > git for-each-ref --format=%(refname)%00%(upstream:short)%00%(objectname)%00%(upstream:track)%00%(upstream:remotename)%00%(upstream:remoteref) refs/heads/origin/master refs/remotes/origin/master [3ms]
2025-12-27 17:58:33.894 [info] > git for-each-ref --format=%(refname)%00%(upstream:short)%00%(objectname)%00%(upstream:track)%00%(upstream:remotename)%00%(upstream:remoteref) refs/heads/master refs/remotes/master [3ms]
2025-12-27 17:58:33.894 [info] > git merge-base refs/heads/master refs/remotes/origin/master [1ms]
2025-12-27 17:58:33.899 [info] > git diff --name-status -z --diff-filter=ADMR --find-renames=50% 0f45f82c0afdcaf71b193e349d01c069a3fb9de7...refs/remotes/origin/master -- [2ms]
2025-12-27 17:58:33.910 [info] > git for-each-ref --sort -committerdate --format %(refname)%00%(objectname)%00%(*objectname) [2ms]
2025-12-27 17:58:33.978 [info] > git status -z -uall [76ms]
2025-12-27 17:58:33.991 [info] > git check-ignore -v -z --stdin [2ms]
2025-12-27 17:58:35.196 [info] > git rev-parse --show-toplevel [0ms]
2025-12-27 17:58:35.196 [info] fatal: not a git repository (or any of the parent directories): .git
2025-12-27 17:58:37.065 [info] > git config --get commit.template [2ms]
2025-12-27 17:58:37.070 [info] > git for-each-ref --format=%(refname)%00%(upstream:short)%00%(objectname)%00%(upstream:track)%00%(upstream:remotename)%00%(upstream:remoteref) refs/heads/master refs/remotes/master [1ms]
2025-12-27 17:58:37.077 [info] > git for-each-ref --sort -committerdate --format %(refname)%00%(objectname)%00%(*objectname) [1ms]
2025-12-27 17:58:37.088 [info] > git status -z -uall [15ms]
2025-12-27 17:58:37.655 [info] > git show --textconv :waybar/style.css [5ms]
2025-12-27 17:58:37.665 [info] > git ls-files --stage -- waybar/style.css [11ms]
2025-12-27 17:58:37.671 [info] > git cat-file -s 0c73cabe316e00a26767012253ba18ec906d7836 [3ms]
2025-12-27 17:58:37.697 [info] > git blame --root --incremental fdb9eb2860674a5fe1d62619af980be8c3526a2e -- waybar/style.css [1ms]
2025-12-27 17:58:39.992 [info] > git check-ignore -v -z --stdin [2ms]
2025-12-27 17:58:42.111 [info] > git config --get commit.template [7ms]
2025-12-27 17:58:42.113 [info] > git for-each-ref --format=%(refname)%00%(upstream:short)%00%(objectname)%00%(upstream:track)%00%(upstream:remotename)%00%(upstream:remoteref) refs/heads/master refs/remotes/master [3ms]
2025-12-27 17:58:42.122 [info] > git for-each-ref --sort -committerdate --format %(refname)%00%(objectname)%00%(*objectname) [1ms]
2025-12-27 17:58:42.129 [info] > git status -z -uall [11ms]
2025-12-27 17:58:44.042 [info] > git check-ignore -v -z --stdin [2ms]
2025-12-27 17:58:45.514 [info] > git ls-files --stage -- waybar/config.jsonc [1ms]
2025-12-27 17:58:45.687 [info] > git show --textconv :waybar/config.jsonc [177ms]
2025-12-27 17:58:45.688 [info] > git cat-file -s 735e347f0a04b5caa5de111b1047934e5aa0d1ac [172ms]
2025-12-27 17:58:47.152 [info] > git config --get commit.template [8ms]
2025-12-27 17:58:47.153 [info] > git for-each-ref --format=%(refname)%00%(upstream:short)%00%(objectname)%00%(upstream:track)%00%(upstream:remotename)%00%(upstream:remoteref) refs/heads/master refs/remotes/master [2ms]
2025-12-27 17:58:47.167 [info] > git for-each-ref --sort -committerdate --format %(refname)%00%(objectname)%00%(*objectname) [2ms]
2025-12-27 17:58:47.172 [info] > git status -z -uall [12ms]
2025-12-27 17:58:52.197 [info] > git config --get commit.template [7ms]
2025-12-27 17:58:52.198 [info] > git for-each-ref --format=%(refname)%00%(upstream:short)%00%(objectname)%00%(upstream:track)%00%(upstream:remotename)%00%(upstream:remoteref) refs/heads/master refs/remotes/master [2ms]
2025-12-27 17:58:52.210 [info] > git for-each-ref --sort -committerdate --format %(refname)%00%(objectname)%00%(*objectname) [1ms]
2025-12-27 17:58:52.216 [info] > git status -z -uall [12ms]
2025-12-27 17:58:57.239 [info] > git config --get commit.template [7ms]
2025-12-27 17:58:57.241 [info] > git for-each-ref --format=%(refname)%00%(upstream:short)%00%(objectname)%00%(upstream:track)%00%(upstream:remotename)%00%(upstream:remoteref) refs/heads/master refs/remotes/master [3ms]
2025-12-27 17:58:57.257 [info] > git for-each-ref --sort -committerdate --format %(refname)%00%(objectname)%00%(*objectname) [1ms]
2025-12-27 17:58:57.266 [info] > git status -z -uall [13ms]
2025-12-27 17:58:59.869 [info] > git blame --root --incremental fdb9eb2860674a5fe1d62619af980be8c3526a2e -- waybar/config.jsonc [2ms]
2025-12-27 17:59:02.291 [info] > git config --get commit.template [5ms]
2025-12-27 17:59:02.292 [info] > git for-each-ref --format=%(refname)%00%(upstream:short)%00%(objectname)%00%(upstream:track)%00%(upstream:remotename)%00%(upstream:remoteref) refs/heads/master refs/remotes/master [2ms]
2025-12-27 17:59:02.300 [info] > git for-each-ref --sort -committerdate --format %(refname)%00%(objectname)%00%(*objectname) [1ms]
2025-12-27 17:59:02.306 [info] > git status -z -uall [10ms]
2025-12-27 18:00:37.255 [info] > git config --get commit.template [4ms]
2025-12-27 18:00:37.256 [info] > git for-each-ref --format=%(refname)%00%(upstream:short)%00%(objectname)%00%(upstream:track)%00%(upstream:remotename)%00%(upstream:remoteref) refs/heads/master refs/remotes/master [1ms]
2025-12-27 18:00:37.271 [info] > git for-each-ref --sort -committerdate --format %(refname)%00%(objectname)%00%(*objectname) [1ms]
2025-12-27 18:00:37.278 [info] > git status -z -uall [12ms]
2025-12-27 18:00:42.295 [info] > git config --get commit.template [2ms]
2025-12-27 18:00:42.299 [info] > git for-each-ref --format=%(refname)%00%(upstream:short)%00%(objectname)%00%(upstream:track)%00%(upstream:remotename)%00%(upstream:remoteref) refs/heads/master refs/remotes/master [1ms]
2025-12-27 18:00:42.307 [info] > git for-each-ref --sort -committerdate --format %(refname)%00%(objectname)%00%(*objectname) [1ms]
2025-12-27 18:00:42.316 [info] > git status -z -uall [13ms]
2025-12-27 18:00:47.339 [info] > git config --get commit.template [7ms]
2025-12-27 18:00:47.340 [info] > git for-each-ref --format=%(refname)%00%(upstream:short)%00%(objectname)%00%(upstream:track)%00%(upstream:remotename)%00%(upstream:remoteref) refs/heads/master refs/remotes/master [2ms]
2025-12-27 18:00:47.349 [info] > git for-each-ref --sort -committerdate --format %(refname)%00%(objectname)%00%(*objectname) [0ms]
2025-12-27 18:00:47.359 [info] > git status -z -uall [14ms]
2025-12-27 18:00:52.376 [info] > git config --get commit.template [6ms]
2025-12-27 18:00:52.377 [info] > git for-each-ref --format=%(refname)%00%(upstream:short)%00%(objectname)%00%(upstream:track)%00%(upstream:remotename)%00%(upstream:remoteref) refs/heads/master refs/remotes/master [2ms]
2025-12-27 18:00:52.383 [info] > git for-each-ref --sort -committerdate --format %(refname)%00%(objectname)%00%(*objectname) [0ms]
2025-12-27 18:00:52.393 [info] > git status -z -uall [13ms]
2025-12-27 18:00:57.411 [info] > git config --get commit.template [2ms]
2025-12-27 18:00:57.418 [info] > git for-each-ref --format=%(refname)%00%(upstream:short)%00%(objectname)%00%(upstream:track)%00%(upstream:remotename)%00%(upstream:remoteref) refs/heads/master refs/remotes/master [2ms]
2025-12-27 18:00:57.424 [info] > git for-each-ref --sort -committerdate --format %(refname)%00%(objectname)%00%(*objectname) [1ms]
2025-12-27 18:00:57.430 [info] > git status -z -uall [9ms]
2025-12-27 18:01:02.449 [info] > git config --get commit.template [7ms]
2025-12-27 18:01:02.450 [info] > git for-each-ref --format=%(refname)%00%(upstream:short)%00%(objectname)%00%(upstream:track)%00%(upstream:remotename)%00%(upstream:remoteref) refs/heads/master refs/remotes/master [1ms]
2025-12-27 18:01:02.461 [info] > git for-each-ref --sort -committerdate --format %(refname)%00%(objectname)%00%(*objectname) [2ms]
2025-12-27 18:01:02.468 [info] > git status -z -uall [13ms]
2025-12-27 18:01:07.485 [info] > git config --get commit.template [5ms]
2025-12-27 18:01:07.486 [info] > git for-each-ref --format=%(refname)%00%(upstream:short)%00%(objectname)%00%(upstream:track)%00%(upstream:remotename)%00%(upstream:remoteref) refs/heads/master refs/remotes/master [2ms]
2025-12-27 18:01:07.493 [info] > git for-each-ref --sort -committerdate --format %(refname)%00%(objectname)%00%(*objectname) [1ms]
2025-12-27 18:01:07.504 [info] > git status -z -uall [15ms]
2025-12-27 18:01:12.527 [info] > git config --get commit.template [7ms]
2025-12-27 18:01:12.529 [info] > git for-each-ref --format=%(refname)%00%(upstream:short)%00%(objectname)%00%(upstream:track)%00%(upstream:remotename)%00%(upstream:remoteref) refs/heads/master refs/remotes/master [3ms]
2025-12-27 18:01:12.542 [info] > git for-each-ref --sort -committerdate --format %(refname)%00%(objectname)%00%(*objectname) [1ms]
2025-12-27 18:01:12.550 [info] > git status -z -uall [14ms]
2025-12-27 18:01:17.569 [info] > git config --get commit.template [5ms]
2025-12-27 18:01:17.570 [info] > git for-each-ref --format=%(refname)%00%(upstream:short)%00%(objectname)%00%(upstream:track)%00%(upstream:remotename)%00%(upstream:remoteref) refs/heads/master refs/remotes/master [2ms]
2025-12-27 18:01:17.579 [info] > git for-each-ref --sort -committerdate --format %(refname)%00%(objectname)%00%(*objectname) [1ms]
2025-12-27 18:01:17.584 [info] > git status -z -uall [10ms]
2025-12-27 18:01:22.598 [info] > git config --get commit.template [3ms]
2025-12-27 18:01:22.604 [info] > git for-each-ref --format=%(refname)%00%(upstream:short)%00%(objectname)%00%(upstream:track)%00%(upstream:remotename)%00%(upstream:remoteref) refs/heads/master refs/remotes/master [1ms]
2025-12-27 18:01:22.611 [info] > git for-each-ref --sort -committerdate --format %(refname)%00%(objectname)%00%(*objectname) [0ms]
2025-12-27 18:01:22.619 [info] > git status -z -uall [12ms]
2025-12-27 18:01:27.639 [info] > git config --get commit.template [8ms]
2025-12-27 18:01:27.641 [info] > git for-each-ref --format=%(refname)%00%(upstream:short)%00%(objectname)%00%(upstream:track)%00%(upstream:remotename)%00%(upstream:remoteref) refs/heads/master refs/remotes/master [2ms]
2025-12-27 18:01:27.652 [info] > git for-each-ref --sort -committerdate --format %(refname)%00%(objectname)%00%(*objectname) [1ms]
2025-12-27 18:01:27.659 [info] > git status -z -uall [14ms]
2025-12-27 18:01:32.677 [info] > git config --get commit.template [6ms]
2025-12-27 18:01:32.679 [info] > git for-each-ref --format=%(refname)%00%(upstream:short)%00%(objectname)%00%(upstream:track)%00%(upstream:remotename)%00%(upstream:remoteref) refs/heads/master refs/remotes/master [2ms]
2025-12-27 18:01:32.687 [info] > git for-each-ref --sort -committerdate --format %(refname)%00%(objectname)%00%(*objectname) [1ms]
2025-12-27 18:01:32.695 [info] > git status -z -uall [12ms]
2025-12-27 18:01:37.710 [info] > git config --get commit.template [5ms]
2025-12-27 18:01:37.710 [info] > git for-each-ref --format=%(refname)%00%(upstream:short)%00%(objectname)%00%(upstream:track)%00%(upstream:remotename)%00%(upstream:remoteref) refs/heads/master refs/remotes/master [1ms]
2025-12-27 18:01:37.718 [info] > git for-each-ref --sort -committerdate --format %(refname)%00%(objectname)%00%(*objectname) [1ms]
2025-12-27 18:01:37.723 [info] > git status -z -uall [9ms]
2025-12-27 18:01:42.742 [info] > git config --get commit.template [7ms]
2025-12-27 18:01:42.743 [info] > git for-each-ref --format=%(refname)%00%(upstream:short)%00%(objectname)%00%(upstream:track)%00%(upstream:remotename)%00%(upstream:remoteref) refs/heads/master refs/remotes/master [2ms]
2025-12-27 18:01:42.756 [info] > git for-each-ref --sort -committerdate --format %(refname)%00%(objectname)%00%(*objectname) [1ms]
2025-12-27 18:01:42.762 [info] > git status -z -uall [12ms]
2025-12-27 18:01:47.777 [info] > git config --get commit.template [4ms]
2025-12-27 18:01:47.778 [info] > git for-each-ref --format=%(refname)%00%(upstream:short)%00%(objectname)%00%(upstream:track)%00%(upstream:remotename)%00%(upstream:remoteref) refs/heads/master refs/remotes/master [2ms]
2025-12-27 18:01:47.785 [info] > git for-each-ref --sort -committerdate --format %(refname)%00%(objectname)%00%(*objectname) [1ms]
2025-12-27 18:01:47.795 [info] > git status -z -uall [13ms]
2025-12-27 18:01:52.813 [info] > git config --get commit.template [5ms]
2025-12-27 18:01:52.813 [info] > git for-each-ref --format=%(refname)%00%(upstream:short)%00%(objectname)%00%(upstream:track)%00%(upstream:remotename)%00%(upstream:remoteref) refs/heads/master refs/remotes/master [1ms]
2025-12-27 18:01:52.819 [info] > git for-each-ref --sort -committerdate --format %(refname)%00%(objectname)%00%(*objectname) [1ms]
2025-12-27 18:01:52.827 [info] > git status -z -uall [11ms]
2025-12-27 18:01:57.844 [info] > git config --get commit.template [2ms]
2025-12-27 18:01:57.852 [info] > git for-each-ref --format=%(refname)%00%(upstream:short)%00%(objectname)%00%(upstream:track)%00%(upstream:remotename)%00%(upstream:remoteref) refs/heads/master refs/remotes/master [2ms]
2025-12-27 18:01:57.864 [info] > git for-each-ref --sort -committerdate --format %(refname)%00%(objectname)%00%(*objectname) [2ms]
2025-12-27 18:01:57.869 [info] > git status -z -uall [12ms]
2025-12-27 18:02:02.889 [info] > git config --get commit.template [7ms]
2025-12-27 18:02:02.890 [info] > git for-each-ref --format=%(refname)%00%(upstream:short)%00%(objectname)%00%(upstream:track)%00%(upstream:remotename)%00%(upstream:remoteref) refs/heads/master refs/remotes/master [2ms]
2025-12-27 18:02:02.901 [info] > git for-each-ref --sort -committerdate --format %(refname)%00%(objectname)%00%(*objectname) [1ms]
2025-12-27 18:02:02.910 [info] > git status -z -uall [14ms]
2025-12-27 18:02:07.927 [info] > git config --get commit.template [3ms]
2025-12-27 18:02:07.935 [info] > git for-each-ref --format=%(refname)%00%(upstream:short)%00%(objectname)%00%(upstream:track)%00%(upstream:remotename)%00%(upstream:remoteref) refs/heads/master refs/remotes/master [2ms]
2025-12-27 18:02:07.943 [info] > git for-each-ref --sort -committerdate --format %(refname)%00%(objectname)%00%(*objectname) [1ms]
2025-12-27 18:02:07.950 [info] > git status -z -uall [12ms]
2025-12-27 18:02:12.966 [info] > git config --get commit.template [3ms]
2025-12-27 18:02:12.967 [info] > git for-each-ref --format=%(refname)%00%(upstream:short)%00%(objectname)%00%(upstream:track)%00%(upstream:remotename)%00%(upstream:remoteref) refs/heads/master refs/remotes/master [1ms]
2025-12-27 18:02:12.977 [info] > git for-each-ref --sort -committerdate --format %(refname)%00%(objectname)%00%(*objectname) [2ms]
2025-12-27 18:02:12.982 [info] > git status -z -uall [12ms]
2025-12-27 18:02:45.178 [info] > git config --get commit.template [1ms]
2025-12-27 18:02:45.188 [info] > git for-each-ref --format=%(refname)%00%(upstream:short)%00%(objectname)%00%(upstream:track)%00%(upstream:remotename)%00%(upstream:remoteref) refs/heads/master refs/remotes/master [1ms]
2025-12-27 18:02:45.209 [info] > git for-each-ref --sort -committerdate --format %(refname)%00%(objectname)%00%(*objectname) [4ms]
2025-12-27 18:02:45.218 [info] > git status -z -uall [21ms]
2025-12-27 18:02:50.236 [info] > git config --get commit.template [5ms]
2025-12-27 18:02:50.237 [info] > git for-each-ref --format=%(refname)%00%(upstream:short)%00%(objectname)%00%(upstream:track)%00%(upstream:remotename)%00%(upstream:remoteref) refs/heads/master refs/remotes/master [2ms]
2025-12-27 18:02:50.253 [info] > git for-each-ref --sort -committerdate --format %(refname)%00%(objectname)%00%(*objectname) [1ms]
2025-12-27 18:02:50.264 [info] > git status -z -uall [17ms]
2025-12-27 18:02:55.285 [info] > git config --get commit.template [8ms]
2025-12-27 18:02:55.286 [info] > git for-each-ref --format=%(refname)%00%(upstream:short)%00%(objectname)%00%(upstream:track)%00%(upstream:remotename)%00%(upstream:remoteref) refs/heads/master refs/remotes/master [2ms]
2025-12-27 18:02:55.295 [info] > git for-each-ref --sort -committerdate --format %(refname)%00%(objectname)%00%(*objectname) [1ms]
2025-12-27 18:02:55.304 [info] > git status -z -uall [14ms]
2025-12-27 18:03:00.329 [info] > git config --get commit.template [7ms]
2025-12-27 18:03:00.331 [info] > git for-each-ref --format=%(refname)%00%(upstream:short)%00%(objectname)%00%(upstream:track)%00%(upstream:remotename)%00%(upstream:remoteref) refs/heads/master refs/remotes/master [2ms]
2025-12-27 18:03:00.340 [info] > git for-each-ref --sort -committerdate --format %(refname)%00%(objectname)%00%(*objectname) [2ms]
2025-12-27 18:03:00.347 [info] > git status -z -uall [12ms]
2025-12-27 18:03:05.369 [info] > git config --get commit.template [7ms]
2025-12-27 18:03:05.370 [info] > git for-each-ref --format=%(refname)%00%(upstream:short)%00%(objectname)%00%(upstream:track)%00%(upstream:remotename)%00%(upstream:remoteref) refs/heads/master refs/remotes/master [2ms]
2025-12-27 18:03:05.381 [info] > git for-each-ref --sort -committerdate --format %(refname)%00%(objectname)%00%(*objectname) [1ms]
2025-12-27 18:03:05.388 [info] > git status -z -uall [12ms]
2025-12-27 18:03:10.410 [info] > git config --get commit.template [8ms]
2025-12-27 18:03:10.411 [info] > git for-each-ref --format=%(refname)%00%(upstream:short)%00%(objectname)%00%(upstream:track)%00%(upstream:remotename)%00%(upstream:remoteref) refs/heads/master refs/remotes/master [2ms]
2025-12-27 18:03:10.420 [info] > git for-each-ref --sort -committerdate --format %(refname)%00%(objectname)%00%(*objectname) [1ms]
2025-12-27 18:03:10.427 [info] > git status -z -uall [12ms]
2025-12-27 18:03:15.441 [info] > git config --get commit.template [4ms]
2025-12-27 18:03:15.441 [info] > git for-each-ref --format=%(refname)%00%(upstream:short)%00%(objectname)%00%(upstream:track)%00%(upstream:remotename)%00%(upstream:remoteref) refs/heads/master refs/remotes/master [1ms]
2025-12-27 18:03:15.448 [info] > git for-each-ref --sort -committerdate --format %(refname)%00%(objectname)%00%(*objectname) [1ms]
2025-12-27 18:03:15.455 [info] > git status -z -uall [10ms]
2025-12-27 18:03:20.477 [info] > git config --get commit.template [6ms]
2025-12-27 18:03:20.478 [info] > git for-each-ref --format=%(refname)%00%(upstream:short)%00%(objectname)%00%(upstream:track)%00%(upstream:remotename)%00%(upstream:remoteref) refs/heads/master refs/remotes/master [1ms]
2025-12-27 18:03:20.493 [info] > git for-each-ref --sort -committerdate --format %(refname)%00%(objectname)%00%(*objectname) [1ms]
2025-12-27 18:03:20.502 [info] > git status -z -uall [15ms]
2025-12-27 18:03:25.524 [info] > git config --get commit.template [7ms]
2025-12-27 18:03:25.525 [info] > git for-each-ref --format=%(refname)%00%(upstream:short)%00%(objectname)%00%(upstream:track)%00%(upstream:remotename)%00%(upstream:remoteref) refs/heads/master refs/remotes/master [2ms]
2025-12-27 18:03:25.543 [info] > git for-each-ref --sort -committerdate --format %(refname)%00%(objectname)%00%(*objectname) [2ms]
2025-12-27 18:03:25.549 [info] > git status -z -uall [13ms]
2025-12-27 18:03:30.570 [info] > git config --get commit.template [7ms]
2025-12-27 18:03:30.570 [info] > git for-each-ref --format=%(refname)%00%(upstream:short)%00%(objectname)%00%(upstream:track)%00%(upstream:remotename)%00%(upstream:remoteref) refs/heads/master refs/remotes/master [1ms]
2025-12-27 18:03:30.579 [info] > git for-each-ref --sort -committerdate --format %(refname)%00%(objectname)%00%(*objectname) [2ms]
2025-12-27 18:03:30.585 [info] > git status -z -uall [12ms]
2025-12-27 18:03:35.605 [info] > git config --get commit.template [7ms]
2025-12-27 18:03:35.606 [info] > git for-each-ref --format=%(refname)%00%(upstream:short)%00%(objectname)%00%(upstream:track)%00%(upstream:remotename)%00%(upstream:remoteref) refs/heads/master refs/remotes/master [2ms]
2025-12-27 18:03:35.624 [info] > git for-each-ref --sort -committerdate --format %(refname)%00%(objectname)%00%(*objectname) [2ms]
2025-12-27 18:03:35.631 [info] > git status -z -uall [14ms]
2025-12-27 18:03:40.653 [info] > git config --get commit.template [7ms]
2025-12-27 18:03:40.654 [info] > git for-each-ref --format=%(refname)%00%(upstream:short)%00%(objectname)%00%(upstream:track)%00%(upstream:remotename)%00%(upstream:remoteref) refs/heads/master refs/remotes/master [2ms]
2025-12-27 18:03:40.661 [info] > git for-each-ref --sort -committerdate --format %(refname)%00%(objectname)%00%(*objectname) [0ms]
2025-12-27 18:03:40.669 [info] > git status -z -uall [11ms]
2025-12-27 18:03:45.682 [info] > git config --get commit.template [3ms]
2025-12-27 18:03:45.682 [info] > git for-each-ref --format=%(refname)%00%(upstream:short)%00%(objectname)%00%(upstream:track)%00%(upstream:remotename)%00%(upstream:remoteref) refs/heads/master refs/remotes/master [0ms]
2025-12-27 18:03:45.688 [info] > git for-each-ref --sort -committerdate --format %(refname)%00%(objectname)%00%(*objectname) [1ms]
2025-12-27 18:03:45.699 [info] > git status -z -uall [14ms]
2025-12-27 18:03:50.718 [info] > git config --get commit.template [7ms]
2025-12-27 18:03:50.718 [info] > git for-each-ref --format=%(refname)%00%(upstream:short)%00%(objectname)%00%(upstream:track)%00%(upstream:remotename)%00%(upstream:remoteref) refs/heads/master refs/remotes/master [1ms]
2025-12-27 18:03:50.728 [info] > git for-each-ref --sort -committerdate --format %(refname)%00%(objectname)%00%(*objectname) [2ms]
2025-12-27 18:03:50.733 [info] > git status -z -uall [11ms]
2025-12-27 18:03:55.747 [info] > git config --get commit.template [1ms]
2025-12-27 18:03:55.755 [info] > git for-each-ref --format=%(refname)%00%(upstream:short)%00%(objectname)%00%(upstream:track)%00%(upstream:remotename)%00%(upstream:remoteref) refs/heads/master refs/remotes/master [2ms]
2025-12-27 18:03:55.763 [info] > git for-each-ref --sort -committerdate --format %(refname)%00%(objectname)%00%(*objectname) [1ms]
2025-12-27 18:03:55.768 [info] > git status -z -uall [9ms]
2025-12-27 18:04:29.720 [info] > git config --get commit.template [1ms]
2025-12-27 18:04:29.724 [info] > git for-each-ref --format=%(refname)%00%(upstream:short)%00%(objectname)%00%(upstream:track)%00%(upstream:remotename)%00%(upstream:remoteref) refs/heads/master refs/remotes/master [1ms]
2025-12-27 18:04:29.733 [info] > git for-each-ref --sort -committerdate --format %(refname)%00%(objectname)%00%(*objectname) [1ms]
2025-12-27 18:04:29.742 [info] > git status -z -uall [14ms]
2025-12-27 18:04:34.764 [info] > git config --get commit.template [7ms]
2025-12-27 18:04:34.765 [info] > git for-each-ref --format=%(refname)%00%(upstream:short)%00%(objectname)%00%(upstream:track)%00%(upstream:remotename)%00%(upstream:remoteref) refs/heads/master refs/remotes/master [2ms]
2025-12-27 18:04:34.772 [info] > git for-each-ref --sort -committerdate --format %(refname)%00%(objectname)%00%(*objectname) [1ms]
2025-12-27 18:04:34.781 [info] > git status -z -uall [13ms]
2025-12-27 18:04:39.801 [info] > git config --get commit.template [7ms]
2025-12-27 18:04:39.802 [info] > git for-each-ref --format=%(refname)%00%(upstream:short)%00%(objectname)%00%(upstream:track)%00%(upstream:remotename)%00%(upstream:remoteref) refs/heads/master refs/remotes/master [2ms]
2025-12-27 18:04:39.810 [info] > git for-each-ref --sort -committerdate --format %(refname)%00%(objectname)%00%(*objectname) [1ms]
2025-12-27 18:04:39.815 [info] > git status -z -uall [9ms]
2025-12-27 18:04:44.835 [info] > git config --get commit.template [6ms]
2025-12-27 18:04:44.835 [info] > git for-each-ref --format=%(refname)%00%(upstream:short)%00%(objectname)%00%(upstream:track)%00%(upstream:remotename)%00%(upstream:remoteref) refs/heads/master refs/remotes/master [2ms]
2025-12-27 18:04:44.845 [info] > git for-each-ref --sort -committerdate --format %(refname)%00%(objectname)%00%(*objectname) [1ms]
2025-12-27 18:04:44.854 [info] > git status -z -uall [14ms]
2025-12-27 18:04:49.876 [info] > git config --get commit.template [8ms]
2025-12-27 18:04:49.877 [info] > git for-each-ref --format=%(refname)%00%(upstream:short)%00%(objectname)%00%(upstream:track)%00%(upstream:remotename)%00%(upstream:remoteref) refs/heads/master refs/remotes/master [2ms]
2025-12-27 18:04:49.890 [info] > git for-each-ref --sort -committerdate --format %(refname)%00%(objectname)%00%(*objectname) [2ms]
2025-12-27 18:04:49.897 [info] > git status -z -uall [14ms]
2025-12-27 18:04:54.922 [info] > git config --get commit.template [6ms]
2025-12-27 18:04:54.924 [info] > git for-each-ref --format=%(refname)%00%(upstream:short)%00%(objectname)%00%(upstream:track)%00%(upstream:remotename)%00%(upstream:remoteref) refs/heads/master refs/remotes/master [3ms]
2025-12-27 18:04:54.934 [info] > git for-each-ref --sort -committerdate --format %(refname)%00%(objectname)%00%(*objectname) [2ms]
2025-12-27 18:04:54.939 [info] > git status -z -uall [11ms]
2025-12-27 18:04:59.958 [info] > git config --get commit.template [7ms]
2025-12-27 18:04:59.959 [info] > git for-each-ref --format=%(refname)%00%(upstream:short)%00%(objectname)%00%(upstream:track)%00%(upstream:remotename)%00%(upstream:remoteref) refs/heads/master refs/remotes/master [3ms]
2025-12-27 18:04:59.969 [info] > git for-each-ref --sort -committerdate --format %(refname)%00%(objectname)%00%(*objectname) [0ms]
2025-12-27 18:04:59.978 [info] > git status -z -uall [13ms]
2025-12-27 18:05:04.990 [info] > git config --get commit.template [4ms]
2025-12-27 18:05:04.991 [info] > git for-each-ref --format=%(refname)%00%(upstream:short)%00%(objectname)%00%(upstream:track)%00%(upstream:remotename)%00%(upstream:remoteref) refs/heads/master refs/remotes/master [1ms]
2025-12-27 18:05:04.997 [info] > git for-each-ref --sort -committerdate --format %(refname)%00%(objectname)%00%(*objectname) [1ms]
2025-12-27 18:05:05.004 [info] > git status -z -uall [10ms]
2025-12-27 18:05:10.023 [info] > git config --get commit.template [6ms]
2025-12-27 18:05:10.024 [info] > git for-each-ref --format=%(refname)%00%(upstream:short)%00%(objectname)%00%(upstream:track)%00%(upstream:remotename)%00%(upstream:remoteref) refs/heads/master refs/remotes/master [2ms]
2025-12-27 18:05:10.035 [info] > git for-each-ref --sort -committerdate --format %(refname)%00%(objectname)%00%(*objectname) [1ms]
2025-12-27 18:05:10.043 [info] > git status -z -uall [14ms]
2025-12-27 18:05:15.063 [info] > git config --get commit.template [7ms]
2025-12-27 18:05:15.064 [info] > git for-each-ref --format=%(refname)%00%(upstream:short)%00%(objectname)%00%(upstream:track)%00%(upstream:remotename)%00%(upstream:remoteref) refs/heads/master refs/remotes/master [2ms]
2025-12-27 18:05:15.075 [info] > git for-each-ref --sort -committerdate --format %(refname)%00%(objectname)%00%(*objectname) [1ms]
2025-12-27 18:05:15.081 [info] > git status -z -uall [11ms]
2025-12-27 18:05:20.100 [info] > git config --get commit.template [8ms]
2025-12-27 18:05:20.103 [info] > git for-each-ref --format=%(refname)%00%(upstream:short)%00%(objectname)%00%(upstream:track)%00%(upstream:remotename)%00%(upstream:remoteref) refs/heads/master refs/remotes/master [4ms]
2025-12-27 18:05:20.112 [info] > git for-each-ref --sort -committerdate --format %(refname)%00%(objectname)%00%(*objectname) [1ms]
2025-12-27 18:05:20.122 [info] > git status -z -uall [14ms]
2025-12-27 18:05:25.141 [info] > git config --get commit.template [6ms]
2025-12-27 18:05:25.142 [info] > git for-each-ref --format=%(refname)%00%(upstream:short)%00%(objectname)%00%(upstream:track)%00%(upstream:remotename)%00%(upstream:remoteref) refs/heads/master refs/remotes/master [2ms]
2025-12-27 18:05:25.150 [info] > git for-each-ref --sort -committerdate --format %(refname)%00%(objectname)%00%(*objectname) [1ms]
2025-12-27 18:05:25.155 [info] > git status -z -uall [10ms]
2025-12-27 18:05:30.177 [info] > git config --get commit.template [8ms]
2025-12-27 18:05:30.178 [info] > git for-each-ref --format=%(refname)%00%(upstream:short)%00%(objectname)%00%(upstream:track)%00%(upstream:remotename)%00%(upstream:remoteref) refs/heads/master refs/remotes/master [2ms]
2025-12-27 18:05:30.191 [info] > git for-each-ref --sort -committerdate --format %(refname)%00%(objectname)%00%(*objectname) [2ms]
2025-12-27 18:05:30.196 [info] > git status -z -uall [12ms]
2025-12-27 18:05:35.217 [info] > git config --get commit.template [6ms]
2025-12-27 18:05:35.218 [info] > git for-each-ref --format=%(refname)%00%(upstream:short)%00%(objectname)%00%(upstream:track)%00%(upstream:remotename)%00%(upstream:remoteref) refs/heads/master refs/remotes/master [2ms]
2025-12-27 18:05:35.229 [info] > git for-each-ref --sort -committerdate --format %(refname)%00%(objectname)%00%(*objectname) [1ms]
2025-12-27 18:05:35.235 [info] > git status -z -uall [10ms]
2025-12-27 18:05:42.463 [info] > git config --get commit.template [4ms]
2025-12-27 18:05:42.464 [info] > git for-each-ref --format=%(refname)%00%(upstream:short)%00%(objectname)%00%(upstream:track)%00%(upstream:remotename)%00%(upstream:remoteref) refs/heads/master refs/remotes/master [1ms]
2025-12-27 18:05:42.471 [info] > git for-each-ref --sort -committerdate --format %(refname)%00%(objectname)%00%(*objectname) [1ms]
2025-12-27 18:05:42.481 [info] > git status -z -uall [14ms]
2025-12-27 18:05:47.501 [info] > git config --get commit.template [7ms]
2025-12-27 18:05:47.503 [info] > git for-each-ref --format=%(refname)%00%(upstream:short)%00%(objectname)%00%(upstream:track)%00%(upstream:remotename)%00%(upstream:remoteref) refs/heads/master refs/remotes/master [3ms]
2025-12-27 18:05:47.517 [info] > git for-each-ref --sort -committerdate --format %(refname)%00%(objectname)%00%(*objectname) [2ms]
2025-12-27 18:05:47.525 [info] > git status -z -uall [15ms]
2025-12-27 18:05:52.543 [info] > git config --get commit.template [4ms]
2025-12-27 18:05:52.544 [info] > git for-each-ref --format=%(refname)%00%(upstream:short)%00%(objectname)%00%(upstream:track)%00%(upstream:remotename)%00%(upstream:remoteref) refs/heads/master refs/remotes/master [1ms]
2025-12-27 18:05:52.550 [info] > git for-each-ref --sort -committerdate --format %(refname)%00%(objectname)%00%(*objectname) [1ms]
2025-12-27 18:05:52.561 [info] > git status -z -uall [14ms]
2025-12-27 18:05:57.576 [info] > git config --get commit.template [2ms]
2025-12-27 18:05:57.581 [info] > git for-each-ref --format=%(refname)%00%(upstream:short)%00%(objectname)%00%(upstream:track)%00%(upstream:remotename)%00%(upstream:remoteref) refs/heads/master refs/remotes/master [1ms]
2025-12-27 18:05:57.592 [info] > git for-each-ref --sort -committerdate --format %(refname)%00%(objectname)%00%(*objectname) [1ms]
2025-12-27 18:05:57.599 [info] > git status -z -uall [14ms]
2025-12-27 18:06:02.619 [info] > git config --get commit.template [7ms]
2025-12-27 18:06:02.620 [info] > git for-each-ref --format=%(refname)%00%(upstream:short)%00%(objectname)%00%(upstream:track)%00%(upstream:remotename)%00%(upstream:remoteref) refs/heads/master refs/remotes/master [3ms]
2025-12-27 18:06:02.637 [info] > git for-each-ref --sort -committerdate --format %(refname)%00%(objectname)%00%(*objectname) [1ms]
2025-12-27 18:06:02.643 [info] > git status -z -uall [12ms]
2025-12-27 18:06:07.662 [info] > git config --get commit.template [5ms]
2025-12-27 18:06:07.662 [info] > git for-each-ref --format=%(refname)%00%(upstream:short)%00%(objectname)%00%(upstream:track)%00%(upstream:remotename)%00%(upstream:remoteref) refs/heads/master refs/remotes/master [1ms]
2025-12-27 18:06:07.677 [info] > git for-each-ref --sort -committerdate --format %(refname)%00%(objectname)%00%(*objectname) [1ms]
2025-12-27 18:06:07.686 [info] > git status -z -uall [14ms]
2025-12-27 18:06:12.710 [info] > git config --get commit.template [5ms]
2025-12-27 18:06:12.710 [info] > git for-each-ref --format=%(refname)%00%(upstream:short)%00%(objectname)%00%(upstream:track)%00%(upstream:remotename)%00%(upstream:remoteref) refs/heads/master refs/remotes/master [1ms]
2025-12-27 18:06:12.726 [info] > git for-each-ref --sort -committerdate --format %(refname)%00%(objectname)%00%(*objectname) [2ms]
2025-12-27 18:06:12.735 [info] > git status -z -uall [14ms]
2025-12-27 18:06:17.747 [info] > git config --get commit.template [2ms]
2025-12-27 18:06:17.753 [info] > git for-each-ref --format=%(refname)%00%(upstream:short)%00%(objectname)%00%(upstream:track)%00%(upstream:remotename)%00%(upstream:remoteref) refs/heads/master refs/remotes/master [1ms]
2025-12-27 18:06:17.765 [info] > git for-each-ref --sort -committerdate --format %(refname)%00%(objectname)%00%(*objectname) [2ms]
2025-12-27 18:06:17.773 [info] > git status -z -uall [14ms]
2025-12-27 18:06:22.795 [info] > git config --get commit.template [2ms]
2025-12-27 18:06:22.801 [info] > git for-each-ref --format=%(refname)%00%(upstream:short)%00%(objectname)%00%(upstream:track)%00%(upstream:remotename)%00%(upstream:remoteref) refs/heads/master refs/remotes/master [2ms]
2025-12-27 18:06:22.811 [info] > git for-each-ref --sort -committerdate --format %(refname)%00%(objectname)%00%(*objectname) [1ms]
2025-12-27 18:06:22.816 [info] > git status -z -uall [10ms]
2025-12-27 18:06:27.831 [info] > git config --get commit.template [3ms]
2025-12-27 18:06:27.832 [info] > git for-each-ref --format=%(refname)%00%(upstream:short)%00%(objectname)%00%(upstream:track)%00%(upstream:remotename)%00%(upstream:remoteref) refs/heads/master refs/remotes/master [1ms]
2025-12-27 18:06:27.842 [info] > git for-each-ref --sort -committerdate --format %(refname)%00%(objectname)%00%(*objectname) [1ms]
2025-12-27 18:06:27.853 [info] > git status -z -uall [14ms]
2025-12-27 18:06:32.867 [info] > git config --get commit.template [6ms]
2025-12-27 18:06:32.869 [info] > git for-each-ref --format=%(refname)%00%(upstream:short)%00%(objectname)%00%(upstream:track)%00%(upstream:remotename)%00%(upstream:remoteref) refs/heads/master refs/remotes/master [3ms]
2025-12-27 18:06:32.879 [info] > git for-each-ref --sort -committerdate --format %(refname)%00%(objectname)%00%(*objectname) [2ms]
2025-12-27 18:06:32.883 [info] > git status -z -uall [9ms]
2025-12-27 18:06:35.044 [info] > git show --textconv :waybar/style.css [7ms]
2025-12-27 18:06:35.045 [info] > git ls-files --stage -- waybar/style.css [1ms]
2025-12-27 18:06:35.049 [info] > git cat-file -s 0c73cabe316e00a26767012253ba18ec906d7836 [1ms]
2025-12-27 18:06:37.906 [info] > git config --get commit.template [7ms]
2025-12-27 18:06:37.907 [info] > git for-each-ref --format=%(refname)%00%(upstream:short)%00%(objectname)%00%(upstream:track)%00%(upstream:remotename)%00%(upstream:remoteref) refs/heads/master refs/remotes/master [2ms]
2025-12-27 18:06:37.919 [info] > git for-each-ref --sort -committerdate --format %(refname)%00%(objectname)%00%(*objectname) [3ms]
2025-12-27 18:06:37.929 [info] > git status -z -uall [17ms]
2025-12-27 18:06:42.947 [info] > git config --get commit.template [6ms]
2025-12-27 18:06:42.948 [info] > git for-each-ref --format=%(refname)%00%(upstream:short)%00%(objectname)%00%(upstream:track)%00%(upstream:remotename)%00%(upstream:remoteref) refs/heads/master refs/remotes/master [2ms]
2025-12-27 18:06:42.962 [info] > git for-each-ref --sort -committerdate --format %(refname)%00%(objectname)%00%(*objectname) [3ms]
2025-12-27 18:06:42.968 [info] > git status -z -uall [13ms]
2025-12-27 18:06:47.987 [info] > git config --get commit.template [7ms]
2025-12-27 18:06:47.988 [info] > git for-each-ref --format=%(refname)%00%(upstream:short)%00%(objectname)%00%(upstream:track)%00%(upstream:remotename)%00%(upstream:remoteref) refs/heads/master refs/remotes/master [2ms]
2025-12-27 18:06:47.997 [info] > git for-each-ref --sort -committerdate --format %(refname)%00%(objectname)%00%(*objectname) [1ms]
2025-12-27 18:06:48.006 [info] > git status -z -uall [12ms]
2025-12-27 18:06:53.020 [info] > git config --get commit.template [4ms]
2025-12-27 18:06:53.021 [info] > git for-each-ref --format=%(refname)%00%(upstream:short)%00%(objectname)%00%(upstream:track)%00%(upstream:remotename)%00%(upstream:remoteref) refs/heads/master refs/remotes/master [2ms]
2025-12-27 18:06:53.027 [info] > git for-each-ref --sort -committerdate --format %(refname)%00%(objectname)%00%(*objectname) [1ms]
2025-12-27 18:06:53.032 [info] > git status -z -uall [8ms]
2025-12-27 18:06:58.816 [info] > git config --get commit.template [6ms]
2025-12-27 18:06:58.818 [info] > git for-each-ref --format=%(refname)%00%(upstream:short)%00%(objectname)%00%(upstream:track)%00%(upstream:remotename)%00%(upstream:remoteref) refs/heads/master refs/remotes/master [3ms]
2025-12-27 18:06:58.828 [info] > git for-each-ref --sort -committerdate --format %(refname)%00%(objectname)%00%(*objectname) [1ms]
2025-12-27 18:06:58.837 [info] > git status -z -uall [13ms]
2025-12-27 18:07:03.854 [info] > git config --get commit.template [6ms]
2025-12-27 18:07:03.855 [info] > git for-each-ref --format=%(refname)%00%(upstream:short)%00%(objectname)%00%(upstream:track)%00%(upstream:remotename)%00%(upstream:remoteref) refs/heads/master refs/remotes/master [2ms]
2025-12-27 18:07:03.866 [info] > git for-each-ref --sort -committerdate --format %(refname)%00%(objectname)%00%(*objectname) [1ms]
2025-12-27 18:07:03.875 [info] > git status -z -uall [14ms]
2025-12-27 18:07:08.894 [info] > git config --get commit.template [5ms]
2025-12-27 18:07:08.895 [info] > git for-each-ref --format=%(refname)%00%(upstream:short)%00%(objectname)%00%(upstream:track)%00%(upstream:remotename)%00%(upstream:remoteref) refs/heads/master refs/remotes/master [2ms]
2025-12-27 18:07:08.904 [info] > git for-each-ref --sort -committerdate --format %(refname)%00%(objectname)%00%(*objectname) [2ms]
2025-12-27 18:07:08.912 [info] > git status -z -uall [13ms]
2025-12-27 18:07:13.924 [info] > git config --get commit.template [4ms]
2025-12-27 18:07:13.924 [info] > git for-each-ref --format=%(refname)%00%(upstream:short)%00%(objectname)%00%(upstream:track)%00%(upstream:remotename)%00%(upstream:remoteref) refs/heads/master refs/remotes/master [1ms]
2025-12-27 18:07:13.931 [info] > git for-each-ref --sort -committerdate --format %(refname)%00%(objectname)%00%(*objectname) [1ms]
2025-12-27 18:07:13.937 [info] > git status -z -uall [10ms]
2025-12-27 18:07:18.954 [info] > git config --get commit.template [7ms]
2025-12-27 18:07:18.955 [info] > git for-each-ref --format=%(refname)%00%(upstream:short)%00%(objectname)%00%(upstream:track)%00%(upstream:remotename)%00%(upstream:remoteref) refs/heads/master refs/remotes/master [2ms]
2025-12-27 18:07:18.968 [info] > git for-each-ref --sort -committerdate --format %(refname)%00%(objectname)%00%(*objectname) [0ms]
2025-12-27 18:07:18.977 [info] > git status -z -uall [13ms]
2025-12-27 18:07:24.001 [info] > git config --get commit.template [9ms]
2025-12-27 18:07:24.003 [info] > git for-each-ref --format=%(refname)%00%(upstream:short)%00%(objectname)%00%(upstream:track)%00%(upstream:remotename)%00%(upstream:remoteref) refs/heads/master refs/remotes/master [3ms]
2025-12-27 18:07:24.017 [info] > git for-each-ref --sort -committerdate --format %(refname)%00%(objectname)%00%(*objectname) [4ms]
2025-12-27 18:07:24.027 [info] > git status -z -uall [18ms]
2025-12-27 18:07:29.058 [info] > git config --get commit.template [7ms]
2025-12-27 18:07:29.059 [info] > git for-each-ref --format=%(refname)%00%(upstream:short)%00%(objectname)%00%(upstream:track)%00%(upstream:remotename)%00%(upstream:remoteref) refs/heads/master refs/remotes/master [2ms]
2025-12-27 18:07:29.073 [info] > git for-each-ref --sort -committerdate --format %(refname)%00%(objectname)%00%(*objectname) [2ms]
2025-12-27 18:07:29.080 [info] > git status -z -uall [12ms]
2025-12-27 18:07:34.099 [info] > git config --get commit.template [6ms]
2025-12-27 18:07:34.100 [info] > git for-each-ref --format=%(refname)%00%(upstream:short)%00%(objectname)%00%(upstream:track)%00%(upstream:remotename)%00%(upstream:remoteref) refs/heads/master refs/remotes/master [2ms]
2025-12-27 18:07:34.116 [info] > git for-each-ref --sort -committerdate --format %(refname)%00%(objectname)%00%(*objectname) [2ms]
2025-12-27 18:07:34.122 [info] > git status -z -uall [13ms]
2025-12-27 18:07:39.142 [info] > git config --get commit.template [6ms]
2025-12-27 18:07:39.144 [info] > git for-each-ref --format=%(refname)%00%(upstream:short)%00%(objectname)%00%(upstream:track)%00%(upstream:remotename)%00%(upstream:remoteref) refs/heads/master refs/remotes/master [3ms]
2025-12-27 18:07:39.161 [info] > git for-each-ref --sort -committerdate --format %(refname)%00%(objectname)%00%(*objectname) [2ms]
2025-12-27 18:07:39.167 [info] > git status -z -uall [13ms]
2025-12-27 18:07:44.188 [info] > git config --get commit.template [8ms]
2025-12-27 18:07:44.189 [info] > git for-each-ref --format=%(refname)%00%(upstream:short)%00%(objectname)%00%(upstream:track)%00%(upstream:remotename)%00%(upstream:remoteref) refs/heads/master refs/remotes/master [2ms]
2025-12-27 18:07:44.201 [info] > git for-each-ref --sort -committerdate --format %(refname)%00%(objectname)%00%(*objectname) [3ms]
2025-12-27 18:07:44.207 [info] > git status -z -uall [13ms]
2025-12-27 18:07:49.233 [info] > git config --get commit.template [7ms]
2025-12-27 18:07:49.233 [info] > git for-each-ref --format=%(refname)%00%(upstream:short)%00%(objectname)%00%(upstream:track)%00%(upstream:remotename)%00%(upstream:remoteref) refs/heads/master refs/remotes/master [1ms]
2025-12-27 18:07:49.243 [info] > git for-each-ref --sort -committerdate --format %(refname)%00%(objectname)%00%(*objectname) [1ms]
2025-12-27 18:07:49.252 [info] > git status -z -uall [14ms]
2025-12-27 18:07:53.967 [info] > git show --textconv :waybar/config.jsonc [6ms]
2025-12-27 18:07:53.968 [info] > git ls-files --stage -- waybar/config.jsonc [1ms]
2025-12-27 18:07:53.972 [info] > git cat-file -s 735e347f0a04b5caa5de111b1047934e5aa0d1ac [1ms]
2025-12-27 18:07:54.263 [info] > git config --get commit.template [4ms]
2025-12-27 18:07:54.264 [info] > git for-each-ref --format=%(refname)%00%(upstream:short)%00%(objectname)%00%(upstream:track)%00%(upstream:remotename)%00%(upstream:remoteref) refs/heads/master refs/remotes/master [2ms]
2025-12-27 18:07:54.272 [info] > git for-each-ref --sort -committerdate --format %(refname)%00%(objectname)%00%(*objectname) [1ms]
2025-12-27 18:07:54.282 [info] > git status -z -uall [14ms]
2025-12-27 18:07:59.299 [info] > git config --get commit.template [6ms]
2025-12-27 18:07:59.301 [info] > git for-each-ref --format=%(refname)%00%(upstream:short)%00%(objectname)%00%(upstream:track)%00%(upstream:remotename)%00%(upstream:remoteref) refs/heads/master refs/remotes/master [3ms]
2025-12-27 18:07:59.310 [info] > git for-each-ref --sort -committerdate --format %(refname)%00%(objectname)%00%(*objectname) [1ms]
2025-12-27 18:07:59.320 [info] > git status -z -uall [15ms]
2025-12-27 18:08:04.337 [info] > git config --get commit.template [7ms]
2025-12-27 18:08:04.338 [info] > git for-each-ref --format=%(refname)%00%(upstream:short)%00%(objectname)%00%(upstream:track)%00%(upstream:remotename)%00%(upstream:remoteref) refs/heads/master refs/remotes/master [2ms]
2025-12-27 18:08:04.351 [info] > git for-each-ref --sort -committerdate --format %(refname)%00%(objectname)%00%(*objectname) [1ms]
2025-12-27 18:08:04.358 [info] > git status -z -uall [13ms]
2025-12-27 18:08:09.379 [info] > git config --get commit.template [4ms]
2025-12-27 18:08:09.379 [info] > git for-each-ref --format=%(refname)%00%(upstream:short)%00%(objectname)%00%(upstream:track)%00%(upstream:remotename)%00%(upstream:remoteref) refs/heads/master refs/remotes/master [1ms]
2025-12-27 18:08:09.388 [info] > git for-each-ref --sort -committerdate --format %(refname)%00%(objectname)%00%(*objectname) [1ms]
2025-12-27 18:08:09.395 [info] > git status -z -uall [11ms]
2025-12-27 18:09:13.063 [info] > git config --get commit.template [6ms]
2025-12-27 18:09:13.065 [info] > git for-each-ref --format=%(refname)%00%(upstream:short)%00%(objectname)%00%(upstream:track)%00%(upstream:remotename)%00%(upstream:remoteref) refs/heads/master refs/remotes/master [2ms]
2025-12-27 18:09:13.076 [info] > git for-each-ref --sort -committerdate --format %(refname)%00%(objectname)%00%(*objectname) [2ms]
2025-12-27 18:09:13.081 [info] > git status -z -uall [11ms]
2025-12-27 18:09:18.092 [info] > git config --get commit.template [3ms]
2025-12-27 18:09:18.093 [info] > git for-each-ref --format=%(refname)%00%(upstream:short)%00%(objectname)%00%(upstream:track)%00%(upstream:remotename)%00%(upstream:remoteref) refs/heads/master refs/remotes/master [1ms]
2025-12-27 18:09:18.100 [info] > git for-each-ref --sort -committerdate --format %(refname)%00%(objectname)%00%(*objectname) [1ms]
2025-12-27 18:09:18.105 [info] > git status -z -uall [9ms]
2025-12-27 18:09:23.127 [info] > git config --get commit.template [7ms]
2025-12-27 18:09:23.129 [info] > git for-each-ref --format=%(refname)%00%(upstream:short)%00%(objectname)%00%(upstream:track)%00%(upstream:remotename)%00%(upstream:remoteref) refs/heads/master refs/remotes/master [3ms]
2025-12-27 18:09:23.138 [info] > git for-each-ref --sort -committerdate --format %(refname)%00%(objectname)%00%(*objectname) [2ms]
2025-12-27 18:09:23.145 [info] > git status -z -uall [12ms]
2025-12-27 18:09:28.162 [info] > git config --get commit.template [6ms]
2025-12-27 18:09:28.163 [info] > git for-each-ref --format=%(refname)%00%(upstream:short)%00%(objectname)%00%(upstream:track)%00%(upstream:remotename)%00%(upstream:remoteref) refs/heads/master refs/remotes/master [2ms]
2025-12-27 18:09:28.178 [info] > git for-each-ref --sort -committerdate --format %(refname)%00%(objectname)%00%(*objectname) [2ms]
2025-12-27 18:09:28.187 [info] > git status -z -uall [14ms]
2025-12-27 18:09:33.201 [info] > git config --get commit.template [5ms]
2025-12-27 18:09:33.202 [info] > git for-each-ref --format=%(refname)%00%(upstream:short)%00%(objectname)%00%(upstream:track)%00%(upstream:remotename)%00%(upstream:remoteref) refs/heads/master refs/remotes/master [2ms]
2025-12-27 18:09:33.210 [info] > git for-each-ref --sort -committerdate --format %(refname)%00%(objectname)%00%(*objectname) [1ms]
2025-12-27 18:09:33.217 [info] > git status -z -uall [11ms]
2025-12-27 18:09:38.242 [info] > git config --get commit.template [6ms]
2025-12-27 18:09:38.244 [info] > git for-each-ref --format=%(refname)%00%(upstream:short)%00%(objectname)%00%(upstream:track)%00%(upstream:remotename)%00%(upstream:remoteref) refs/heads/master refs/remotes/master [3ms]
2025-12-27 18:09:38.257 [info] > git for-each-ref --sort -committerdate --format %(refname)%00%(objectname)%00%(*objectname) [1ms]
2025-12-27 18:09:38.262 [info] > git status -z -uall [10ms]
2025-12-27 18:09:43.279 [info] > git config --get commit.template [5ms]
2025-12-27 18:09:43.280 [info] > git for-each-ref --format=%(refname)%00%(upstream:short)%00%(objectname)%00%(upstream:track)%00%(upstream:remotename)%00%(upstream:remoteref) refs/heads/master refs/remotes/master [2ms]
2025-12-27 18:09:43.297 [info] > git for-each-ref --sort -committerdate --format %(refname)%00%(objectname)%00%(*objectname) [2ms]
2025-12-27 18:09:43.304 [info] > git status -z -uall [15ms]
2025-12-27 18:09:48.327 [info] > git config --get commit.template [7ms]
2025-12-27 18:09:48.329 [info] > git for-each-ref --format=%(refname)%00%(upstream:short)%00%(objectname)%00%(upstream:track)%00%(upstream:remotename)%00%(upstream:remoteref) refs/heads/master refs/remotes/master [2ms]
2025-12-27 18:09:48.346 [info] > git for-each-ref --sort -committerdate --format %(refname)%00%(objectname)%00%(*objectname) [2ms]
2025-12-27 18:09:48.352 [info] > git status -z -uall [13ms]
2025-12-27 18:09:53.371 [info] > git config --get commit.template [8ms]
2025-12-27 18:09:53.372 [info] > git for-each-ref --format=%(refname)%00%(upstream:short)%00%(objectname)%00%(upstream:track)%00%(upstream:remotename)%00%(upstream:remoteref) refs/heads/master refs/remotes/master [2ms]
2025-12-27 18:09:53.384 [info] > git for-each-ref --sort -committerdate --format %(refname)%00%(objectname)%00%(*objectname) [2ms]
2025-12-27 18:09:53.390 [info] > git status -z -uall [12ms]
2025-12-27 18:09:58.406 [info] > git config --get commit.template [2ms]
2025-12-27 18:09:58.412 [info] > git for-each-ref --format=%(refname)%00%(upstream:short)%00%(objectname)%00%(upstream:track)%00%(upstream:remotename)%00%(upstream:remoteref) refs/heads/master refs/remotes/master [1ms]
2025-12-27 18:09:58.427 [info] > git for-each-ref --sort -committerdate --format %(refname)%00%(objectname)%00%(*objectname) [3ms]
2025-12-27 18:09:58.439 [info] > git status -z -uall [23ms]
2025-12-27 18:10:03.458 [info] > git config --get commit.template [2ms]
2025-12-27 18:10:03.467 [info] > git for-each-ref --format=%(refname)%00%(upstream:short)%00%(objectname)%00%(upstream:track)%00%(upstream:remotename)%00%(upstream:remoteref) refs/heads/master refs/remotes/master [2ms]
2025-12-27 18:10:03.477 [info] > git for-each-ref --sort -committerdate --format %(refname)%00%(objectname)%00%(*objectname) [1ms]
2025-12-27 18:10:03.485 [info] > git status -z -uall [13ms]
2025-12-27 18:10:08.503 [info] > git config --get commit.template [4ms]
2025-12-27 18:10:08.504 [info] > git for-each-ref --format=%(refname)%00%(upstream:short)%00%(objectname)%00%(upstream:track)%00%(upstream:remotename)%00%(upstream:remoteref) refs/heads/master refs/remotes/master [1ms]
2025-12-27 18:10:08.510 [info] > git for-each-ref --sort -committerdate --format %(refname)%00%(objectname)%00%(*objectname) [1ms]
2025-12-27 18:10:08.519 [info] > git status -z -uall [12ms]
2025-12-27 18:10:13.541 [info] > git config --get commit.template [7ms]
2025-12-27 18:10:13.543 [info] > git for-each-ref --format=%(refname)%00%(upstream:short)%00%(objectname)%00%(upstream:track)%00%(upstream:remotename)%00%(upstream:remoteref) refs/heads/master refs/remotes/master [3ms]
2025-12-27 18:10:13.557 [info] > git for-each-ref --sort -committerdate --format %(refname)%00%(objectname)%00%(*objectname) [2ms]
2025-12-27 18:10:13.565 [info] > git status -z -uall [15ms]
2025-12-27 18:10:18.587 [info] > git config --get commit.template [9ms]
2025-12-27 18:10:18.588 [info] > git for-each-ref --format=%(refname)%00%(upstream:short)%00%(objectname)%00%(upstream:track)%00%(upstream:remotename)%00%(upstream:remoteref) refs/heads/master refs/remotes/master [2ms]
2025-12-27 18:10:18.608 [info] > git for-each-ref --sort -committerdate --format %(refname)%00%(objectname)%00%(*objectname) [3ms]
2025-12-27 18:10:18.616 [info] > git status -z -uall [17ms]
2025-12-27 18:10:23.645 [info] > git config --get commit.template [12ms]
2025-12-27 18:10:23.647 [info] > git for-each-ref --format=%(refname)%00%(upstream:short)%00%(objectname)%00%(upstream:track)%00%(upstream:remotename)%00%(upstream:remoteref) refs/heads/master refs/remotes/master [3ms]
2025-12-27 18:10:23.656 [info] > git for-each-ref --sort -committerdate --format %(refname)%00%(objectname)%00%(*objectname) [2ms]
2025-12-27 18:10:23.666 [info] > git status -z -uall [15ms]
2025-12-27 18:10:28.689 [info] > git config --get commit.template [7ms]
2025-12-27 18:10:28.691 [info] > git for-each-ref --format=%(refname)%00%(upstream:short)%00%(objectname)%00%(upstream:track)%00%(upstream:remotename)%00%(upstream:remoteref) refs/heads/master refs/remotes/master [3ms]
2025-12-27 18:10:28.704 [info] > git for-each-ref --sort -committerdate --format %(refname)%00%(objectname)%00%(*objectname) [2ms]
2025-12-27 18:10:28.710 [info] > git status -z -uall [11ms]
2025-12-27 18:10:33.730 [info] > git config --get commit.template [7ms]
2025-12-27 18:10:33.732 [info] > git for-each-ref --format=%(refname)%00%(upstream:short)%00%(objectname)%00%(upstream:track)%00%(upstream:remotename)%00%(upstream:remoteref) refs/heads/master refs/remotes/master [3ms]
2025-12-27 18:10:33.744 [info] > git for-each-ref --sort -committerdate --format %(refname)%00%(objectname)%00%(*objectname) [2ms]
2025-12-27 18:10:33.749 [info] > git status -z -uall [11ms]
2025-12-27 18:10:38.770 [info] > git config --get commit.template [8ms]
2025-12-27 18:10:38.772 [info] > git for-each-ref --format=%(refname)%00%(upstream:short)%00%(objectname)%00%(upstream:track)%00%(upstream:remotename)%00%(upstream:remoteref) refs/heads/master refs/remotes/master [3ms]
2025-12-27 18:10:38.782 [info] > git for-each-ref --sort -committerdate --format %(refname)%00%(objectname)%00%(*objectname) [2ms]
2025-12-27 18:10:38.792 [info] > git status -z -uall [16ms]
2025-12-27 18:10:43.811 [info] > git config --get commit.template [7ms]
2025-12-27 18:10:43.812 [info] > git for-each-ref --format=%(refname)%00%(upstream:short)%00%(objectname)%00%(upstream:track)%00%(upstream:remotename)%00%(upstream:remoteref) refs/heads/master refs/remotes/master [2ms]
2025-12-27 18:10:43.823 [info] > git for-each-ref --sort -committerdate --format %(refname)%00%(objectname)%00%(*objectname) [2ms]
2025-12-27 18:10:43.830 [info] > git status -z -uall [14ms]
2025-12-27 18:10:48.850 [info] > git config --get commit.template [7ms]
2025-12-27 18:10:48.850 [info] > git for-each-ref --format=%(refname)%00%(upstream:short)%00%(objectname)%00%(upstream:track)%00%(upstream:remotename)%00%(upstream:remoteref) refs/heads/master refs/remotes/master [1ms]
2025-12-27 18:10:48.861 [info] > git for-each-ref --sort -committerdate --format %(refname)%00%(objectname)%00%(*objectname) [1ms]
2025-12-27 18:10:48.867 [info] > git status -z -uall [11ms]
2025-12-27 18:10:57.561 [info] > git config --get commit.template [1ms]
2025-12-27 18:10:57.565 [info] > git for-each-ref --format=%(refname)%00%(upstream:short)%00%(objectname)%00%(upstream:track)%00%(upstream:remotename)%00%(upstream:remoteref) refs/heads/master refs/remotes/master [1ms]
2025-12-27 18:10:57.573 [info] > git for-each-ref --sort -committerdate --format %(refname)%00%(objectname)%00%(*objectname) [0ms]
2025-12-27 18:10:57.580 [info] > git status -z -uall [11ms]
2025-12-27 18:11:02.600 [info] > git config --get commit.template [6ms]
2025-12-27 18:11:02.601 [info] > git for-each-ref --format=%(refname)%00%(upstream:short)%00%(objectname)%00%(upstream:track)%00%(upstream:remotename)%00%(upstream:remoteref) refs/heads/master refs/remotes/master [2ms]
2025-12-27 18:11:02.610 [info] > git for-each-ref --sort -committerdate --format %(refname)%00%(objectname)%00%(*objectname) [1ms]
2025-12-27 18:11:02.615 [info] > git status -z -uall [10ms]
2025-12-27 18:11:08.769 [info] > git config --get commit.template [1ms]
2025-12-27 18:11:08.773 [info] > git for-each-ref --format=%(refname)%00%(upstream:short)%00%(objectname)%00%(upstream:track)%00%(upstream:remotename)%00%(upstream:remoteref) refs/heads/master refs/remotes/master [2ms]
2025-12-27 18:11:08.780 [info] > git for-each-ref --sort -committerdate --format %(refname)%00%(objectname)%00%(*objectname) [2ms]
2025-12-27 18:11:08.785 [info] > git status -z -uall [9ms]
2025-12-27 18:11:13.806 [info] > git config --get commit.template [7ms]
2025-12-27 18:11:13.807 [info] > git for-each-ref --format=%(refname)%00%(upstream:short)%00%(objectname)%00%(upstream:track)%00%(upstream:remotename)%00%(upstream:remoteref) refs/heads/master refs/remotes/master [2ms]
2025-12-27 18:11:13.817 [info] > git for-each-ref --sort -committerdate --format %(refname)%00%(objectname)%00%(*objectname) [2ms]
2025-12-27 18:11:13.823 [info] > git status -z -uall [11ms]
2025-12-27 18:11:18.838 [info] > git config --get commit.template [2ms]
2025-12-27 18:11:18.843 [info] > git for-each-ref --format=%(refname)%00%(upstream:short)%00%(objectname)%00%(upstream:track)%00%(upstream:remotename)%00%(upstream:remoteref) refs/heads/master refs/remotes/master [1ms]
2025-12-27 18:11:18.852 [info] > git for-each-ref --sort -committerdate --format %(refname)%00%(objectname)%00%(*objectname) [1ms]
2025-12-27 18:11:18.860 [info] > git status -z -uall [13ms]
2025-12-27 18:11:23.879 [info] > git config --get commit.template [5ms]
2025-12-27 18:11:23.880 [info] > git for-each-ref --format=%(refname)%00%(upstream:short)%00%(objectname)%00%(upstream:track)%00%(upstream:remotename)%00%(upstream:remoteref) refs/heads/master refs/remotes/master [2ms]
2025-12-27 18:11:23.893 [info] > git for-each-ref --sort -committerdate --format %(refname)%00%(objectname)%00%(*objectname) [1ms]
2025-12-27 18:11:23.898 [info] > git status -z -uall [10ms]
