2025-12-27 17:38:45.774 [info] Getting Manifest... viral-team.carbon-candy
2025-12-27 17:38:45.927 [info] Installing extension: viral-team.carbon-candy {"isMachineScoped":false,"installPreReleaseVersion":false,"pinned":false,"profileLocation":{"$mid":1,"external":"vscode-userdata:/home/bat/.vscode/extensions/extensions.json","path":"/home/bat/.vscode/extensions/extensions.json","scheme":"vscode-userdata"},"isApplicationScoped":false,"productVersion":{"version":"1.107.1","date":"2025-12-17T14:15:14.850Z"}}
2025-12-27 17:38:50.949 [info] Extension signature verification result for viral-team.carbon-candy: Success. Internal Code: 0. Executed: true. Duration: 1800ms.
2025-12-27 17:38:51.034 [info] Extracted extension to file:///home/bat/.vscode/extensions/viral-team.carbon-candy-0.2.2: viral-team.carbon-candy
2025-12-27 17:38:51.222 [info] Renamed to /home/bat/.vscode/extensions/viral-team.carbon-candy-0.2.2
2025-12-27 17:38:51.245 [info] Extension installed successfully: viral-team.carbon-candy vscode-userdata:/home/bat/.vscode/extensions/extensions.json
2025-12-27 17:39:08.146 [info] Getting Manifest... formulahendry.code-runner
2025-12-27 17:39:08.347 [info] Installing extension: formulahendry.code-runner {"isMachineScoped":false,"installPreReleaseVersion":false,"pinned":false,"profileLocation":{"$mid":1,"external":"vscode-userdata:/home/bat/.vscode/extensions/extensions.json","path":"/home/bat/.vscode/extensions/extensions.json","scheme":"vscode-userdata"},"isApplicationScoped":false,"productVersion":{"version":"1.107.1","date":"2025-12-17T14:15:14.850Z"}}
2025-12-27 17:39:09.702 [info] Extension signature verification result for formulahendry.code-runner: Success. Internal Code: 0. Executed: true. Duration: 394ms.
2025-12-27 17:39:09.744 [info] Extracted extension to file:///home/bat/.vscode/extensions/formulahendry.code-runner-0.12.2: formulahendry.code-runner
2025-12-27 17:39:09.925 [info] Renamed to /home/bat/.vscode/extensions/formulahendry.code-runner-0.12.2
2025-12-27 17:39:09.945 [info] Extension installed successfully: formulahendry.code-runner vscode-userdata:/home/bat/.vscode/extensions/extensions.json
2025-12-27 17:39:19.452 [info] Getting Manifest... esbenp.prettier-vscode
2025-12-27 17:39:19.712 [info] Installing extension: esbenp.prettier-vscode {"isMachineScoped":false,"installPreReleaseVersion":false,"pinned":false,"profileLocation":{"$mid":1,"external":"vscode-userdata:/home/bat/.vscode/extensions/extensions.json","path":"/home/bat/.vscode/extensions/extensions.json","scheme":"vscode-userdata"},"isApplicationScoped":false,"productVersion":{"version":"1.107.1","date":"2025-12-17T14:15:14.850Z"}}
2025-12-27 17:39:21.361 [info] Extension signature verification result for esbenp.prettier-vscode: Success. Internal Code: 0. Executed: true. Duration: 397ms.
2025-12-27 17:39:21.439 [info] Extracted extension to file:///home/bat/.vscode/extensions/esbenp.prettier-vscode-11.0.2: esbenp.prettier-vscode
2025-12-27 17:39:21.442 [info] Renamed to /home/bat/.vscode/extensions/esbenp.prettier-vscode-11.0.2
2025-12-27 17:39:21.451 [info] Extension installed successfully: esbenp.prettier-vscode vscode-userdata:/home/bat/.vscode/extensions/extensions.json
2025-12-27 17:39:29.277 [info] Getting Manifest... aaron-bond.better-comments
2025-12-27 17:39:29.481 [info] Installing extension: aaron-bond.better-comments {"isMachineScoped":false,"installPreReleaseVersion":false,"pinned":false,"profileLocation":{"$mid":1,"external":"vscode-userdata:/home/bat/.vscode/extensions/extensions.json","path":"/home/bat/.vscode/extensions/extensions.json","scheme":"vscode-userdata"},"isApplicationScoped":false,"productVersion":{"version":"1.107.1","date":"2025-12-17T14:15:14.850Z"}}
2025-12-27 17:39:30.897 [info] Extension signature verification result for aaron-bond.better-comments: Success. Internal Code: 0. Executed: true. Duration: 382ms.
2025-12-27 17:39:30.909 [info] Extracted extension to file:///home/bat/.vscode/extensions/aaron-bond.better-comments-3.0.2: aaron-bond.better-comments
2025-12-27 17:39:31.088 [info] Renamed to /home/bat/.vscode/extensions/aaron-bond.better-comments-3.0.2
2025-12-27 17:39:31.108 [info] Extension installed successfully: aaron-bond.better-comments vscode-userdata:/home/bat/.vscode/extensions/extensions.json
2025-12-27 17:39:39.590 [info] Getting Manifest... ritwickdey.liveserver
2025-12-27 17:39:39.879 [info] Installing extension: ritwickdey.liveserver {"isMachineScoped":false,"installPreReleaseVersion":false,"pinned":false,"profileLocation":{"$mid":1,"external":"vscode-userdata:/home/bat/.vscode/extensions/extensions.json","path":"/home/bat/.vscode/extensions/extensions.json","scheme":"vscode-userdata"},"isApplicationScoped":false,"productVersion":{"version":"1.107.1","date":"2025-12-17T14:15:14.850Z"}}
2025-12-27 17:39:42.238 [info] Extension signature verification result for ritwickdey.liveserver: Success. Internal Code: 0. Executed: true. Duration: 488ms.
2025-12-27 17:39:43.241 [info] Extracted extension to file:///home/bat/.vscode/extensions/ritwickdey.liveserver-5.7.9: ritwickdey.liveserver
2025-12-27 17:39:43.513 [info] Renamed to /home/bat/.vscode/extensions/ritwickdey.liveserver-5.7.9
2025-12-27 17:39:43.531 [info] Extension installed successfully: ritwickdey.liveserver vscode-userdata:/home/bat/.vscode/extensions/extensions.json
