2025-12-26 22:29:06.304 [info] Reading sessions from keychain...
2025-12-26 22:29:06.304 [info] Getting sessions for all scopes...
2025-12-26 22:29:06.304 [info] Got 0 sessions for ...
2025-12-26 22:29:06.304 [info] Getting sessions for all scopes...
2025-12-26 22:29:06.304 [info] Got 0 sessions for ...
2025-12-26 22:29:06.304 [info] Getting sessions for all scopes...
2025-12-26 22:29:06.304 [info] Got 0 sessions for ...
2025-12-26 22:29:06.304 [info] Getting sessions for all scopes...
2025-12-26 22:29:06.304 [info] Got 0 sessions for ...
2025-12-26 22:29:06.304 [info] Getting sessions for all scopes...
2025-12-26 22:29:06.304 [info] Got 0 sessions for ...
2025-12-26 22:29:06.304 [info] Getting sessions for all scopes...
2025-12-26 22:29:06.304 [info] Got 0 sessions for ...
2025-12-26 22:29:06.304 [info] Getting sessions for all scopes...
2025-12-26 22:29:06.304 [info] Got 0 sessions for ...
2025-12-26 22:29:06.304 [info] Getting sessions for all scopes...
2025-12-26 22:29:06.304 [info] Got 0 sessions for ...
2025-12-26 22:29:06.304 [info] Getting sessions for all scopes...
2025-12-26 22:29:06.304 [info] Got 0 sessions for ...
2025-12-26 22:29:06.312 [info] Getting sessions for all scopes...
2025-12-26 22:29:06.312 [info] Got 0 sessions for ...
2025-12-26 22:29:06.313 [info] Getting sessions for all scopes...
2025-12-26 22:29:06.313 [info] Got 0 sessions for ...
2025-12-26 22:29:06.313 [info] Getting sessions for all scopes...
2025-12-26 22:29:06.313 [info] Got 0 sessions for ...
2025-12-26 22:29:06.313 [info] Getting sessions for all scopes...
2025-12-26 22:29:06.313 [info] Got 0 sessions for ...
2025-12-26 22:29:06.314 [info] Getting sessions for all scopes...
2025-12-26 22:29:06.314 [info] Got 0 sessions for ...
2025-12-26 22:29:06.314 [info] Getting sessions for all scopes...
2025-12-26 22:29:06.314 [info] Got 0 sessions for ...
2025-12-26 22:29:07.669 [info] Getting sessions for read:user,repo,user:email,workflow...
2025-12-26 22:29:07.669 [info] Got 0 sessions for read:user,repo,user:email,workflow...
2025-12-26 22:29:07.690 [info] Getting sessions for all scopes...
2025-12-26 22:29:07.690 [info] Got 0 sessions for ...
