2025-12-26 18:59:32.905 [info] Reading sessions from keychain...
2025-12-26 18:59:32.905 [info] Getting sessions for all scopes...
2025-12-26 18:59:32.905 [info] Got 0 sessions for ...
2025-12-26 18:59:32.905 [info] Getting sessions for all scopes...
2025-12-26 18:59:32.905 [info] Got 0 sessions for ...
2025-12-26 18:59:32.905 [info] Getting sessions for all scopes...
2025-12-26 18:59:32.905 [info] Got 0 sessions for ...
2025-12-26 18:59:32.905 [info] Getting sessions for all scopes...
2025-12-26 18:59:32.905 [info] Got 0 sessions for ...
2025-12-26 18:59:32.905 [info] Getting sessions for all scopes...
2025-12-26 18:59:32.905 [info] Got 0 sessions for ...
2025-12-26 18:59:32.905 [info] Getting sessions for all scopes...
2025-12-26 18:59:32.905 [info] Got 0 sessions for ...
2025-12-26 18:59:32.905 [info] Getting sessions for all scopes...
2025-12-26 18:59:32.905 [info] Got 0 sessions for ...
2025-12-26 18:59:32.905 [info] Getting sessions for all scopes...
2025-12-26 18:59:32.905 [info] Got 0 sessions for ...
2025-12-26 18:59:32.905 [info] Getting sessions for all scopes...
2025-12-26 18:59:32.905 [info] Got 0 sessions for ...
2025-12-26 18:59:32.905 [info] Getting sessions for all scopes...
2025-12-26 18:59:32.905 [info] Got 0 sessions for ...
2025-12-26 18:59:32.905 [info] Getting sessions for all scopes...
2025-12-26 18:59:32.905 [info] Got 0 sessions for ...
2025-12-26 18:59:32.905 [info] Getting sessions for all scopes...
2025-12-26 18:59:32.905 [info] Got 0 sessions for ...
2025-12-26 18:59:32.905 [info] Getting sessions for all scopes...
2025-12-26 18:59:32.905 [info] Got 0 sessions for ...
2025-12-26 18:59:32.905 [info] Getting sessions for all scopes...
2025-12-26 18:59:32.905 [info] Got 0 sessions for ...
2025-12-26 18:59:32.905 [info] Getting sessions for all scopes...
2025-12-26 18:59:32.905 [info] Got 0 sessions for ...
2025-12-26 18:59:34.120 [info] Getting sessions for all scopes...
2025-12-26 18:59:34.120 [info] Got 0 sessions for ...
2025-12-26 18:59:34.283 [info] Getting sessions for read:user,repo,user:email,workflow...
2025-12-26 18:59:34.283 [info] Got 0 sessions for read:user,repo,user:email,workflow...
