2025-12-26 20:03:37.607 [info] Reading sessions from keychain...
2025-12-26 20:03:37.607 [info] Getting sessions for all scopes...
2025-12-26 20:03:37.607 [info] Got 0 sessions for ...
2025-12-26 20:03:37.607 [info] Getting sessions for all scopes...
2025-12-26 20:03:37.607 [info] Got 0 sessions for ...
2025-12-26 20:03:37.607 [info] Getting sessions for all scopes...
2025-12-26 20:03:37.607 [info] Got 0 sessions for ...
2025-12-26 20:03:37.607 [info] Getting sessions for all scopes...
2025-12-26 20:03:37.607 [info] Got 0 sessions for ...
2025-12-26 20:03:37.607 [info] Getting sessions for all scopes...
2025-12-26 20:03:37.607 [info] Got 0 sessions for ...
2025-12-26 20:03:37.607 [info] Getting sessions for all scopes...
2025-12-26 20:03:37.607 [info] Got 0 sessions for ...
2025-12-26 20:03:37.607 [info] Getting sessions for all scopes...
2025-12-26 20:03:37.607 [info] Got 0 sessions for ...
2025-12-26 20:03:37.607 [info] Getting sessions for all scopes...
2025-12-26 20:03:37.607 [info] Got 0 sessions for ...
2025-12-26 20:03:37.607 [info] Getting sessions for all scopes...
2025-12-26 20:03:37.607 [info] Got 0 sessions for ...
2025-12-26 20:03:37.632 [info] Getting sessions for all scopes...
2025-12-26 20:03:37.632 [info] Got 0 sessions for ...
2025-12-26 20:03:37.637 [info] Getting sessions for all scopes...
2025-12-26 20:03:37.637 [info] Got 0 sessions for ...
2025-12-26 20:03:37.638 [info] Getting sessions for all scopes...
2025-12-26 20:03:37.638 [info] Got 0 sessions for ...
2025-12-26 20:03:37.638 [info] Getting sessions for all scopes...
2025-12-26 20:03:37.638 [info] Got 0 sessions for ...
2025-12-26 20:03:37.639 [info] Getting sessions for all scopes...
2025-12-26 20:03:37.639 [info] Got 0 sessions for ...
2025-12-26 20:03:37.640 [info] Getting sessions for all scopes...
2025-12-26 20:03:37.640 [info] Got 0 sessions for ...
2025-12-26 20:03:38.574 [info] Getting sessions for all scopes...
2025-12-26 20:03:38.574 [info] Got 0 sessions for ...
2025-12-26 20:03:39.366 [info] Getting sessions for read:user,repo,user:email,workflow...
2025-12-26 20:03:39.366 [info] Got 0 sessions for read:user,repo,user:email,workflow...
