2025-12-26 20:03:36.961 [info] Extension host with pid 15898 started
2025-12-26 20:03:36.961 [info] Skipping acquiring lock for /home/bat/.config/Code - OSS/User/workspaceStorage/9ed39626cd4d98d7ca27e9489f47712a.
2025-12-26 20:03:37.229 [info] ExtensionService#_doActivateExtension vscode.github-authentication, startup: false, activationEvent: 'onAuthenticationRequest:github'
2025-12-26 20:03:37.322 [info] ExtensionService#_doActivateExtension vscode.emmet, startup: false, activationEvent: 'onLanguage'
2025-12-26 20:03:37.363 [info] ExtensionService#_doActivateExtension vscode.css-language-features, startup: false, activationEvent: 'onLanguage:css'
2025-12-26 20:03:38.009 [info] ExtensionService#_doActivateExtension vscode.git-base, startup: true, activationEvent: '*', root cause: vscode.git
2025-12-26 20:03:38.158 [info] ExtensionService#_doActivateExtension vscode.git, startup: true, activationEvent: '*'
2025-12-26 20:03:38.276 [info] ExtensionService#_doActivateExtension vscode.github, startup: true, activationEvent: '*'
2025-12-26 20:03:38.684 [info] Eager extensions activated
2025-12-26 20:03:38.737 [info] ExtensionService#_doActivateExtension vscode.debug-auto-launch, startup: false, activationEvent: 'onStartupFinished'
2025-12-26 20:03:38.744 [info] ExtensionService#_doActivateExtension vscode.merge-conflict, startup: false, activationEvent: 'onStartupFinished'
2025-12-26 20:03:38.792 [info] ExtensionService#_doActivateExtension aaron-bond.better-comments, startup: false, activationEvent: 'onStartupFinished'
2025-12-26 20:03:38.800 [info] ExtensionService#_doActivateExtension esbenp.prettier-vscode, startup: false, activationEvent: 'onStartupFinished'
2025-12-26 20:03:38.977 [info] ExtensionService#_doActivateExtension formulahendry.code-runner, startup: false, activationEvent: 'onStartupFinished'
2025-12-26 20:03:39.006 [info] ExtensionService#_doActivateExtension viral-team.carbon-candy, startup: false, activationEvent: 'onStartupFinished'
2025-12-26 20:03:39.011 [error] Activating extension viral-team.carbon-candy failed due to an error:
2025-12-26 20:03:39.011 [error] Error: Cannot find module '../icons/carbon-candy-icon-theme.json'
Require stack:
- /home/bat/.vscode-oss/extensions/viral-team.carbon-candy-0.2.2-universal/lib/config.js
- /home/bat/.vscode-oss/extensions/viral-team.carbon-candy-0.2.2-universal/lib/change-listener.js
- /home/bat/.vscode-oss/extensions/viral-team.carbon-candy-0.2.2-universal/extension.js
- /usr/lib/code/out/vs/workbench/api/node/extensionHostProcess.js
	at Module._resolveFilename (node:internal/modules/cjs/loader:1390:15)
	at n._resolveFilename (node:electron/js2c/utility_init:2:16319)
	at t._resolveFilename (file:///usr/lib/code/out/vs/workbench/api/node/extensionHostProcess.js:222:22880)
	at defaultResolveImpl (node:internal/modules/cjs/loader:1032:19)
	at resolveForCJSWithHooks (node:internal/modules/cjs/loader:1037:22)
	at Module._load (node:internal/modules/cjs/loader:1199:37)
	at c._load (node:electron/js2c/node_init:2:17993)
	at e._load (file:///usr/lib/code/out/vs/workbench/api/node/extensionHostProcess.js:404:6048)
	at t._load (file:///usr/lib/code/out/vs/workbench/api/node/extensionHostProcess.js:222:22598)
	at r._load (file:///usr/lib/code/out/vs/workbench/api/node/extensionHostProcess.js:214:24094)
	at TracingChannel.traceSync (node:diagnostics_channel:328:14)
	at wrapModuleLoad (node:internal/modules/cjs/loader:244:24)
	at Module.require (node:internal/modules/cjs/loader:1470:12)
	at require (node:internal/modules/helpers:147:16)
	at Object.<anonymous> (/home/bat/.vscode-oss/extensions/viral-team.carbon-candy-0.2.2-universal/lib/config.js:3:23)
	at Module._compile (node:internal/modules/cjs/loader:1714:14)
	at Module._extensions..js (node:internal/modules/cjs/loader:1848:10)
	at Module.load (node:internal/modules/cjs/loader:1448:32)
	at Module._load (node:internal/modules/cjs/loader:1270:12)
	at c._load (node:electron/js2c/node_init:2:17993)
	at e._load (file:///usr/lib/code/out/vs/workbench/api/node/extensionHostProcess.js:404:6048)
	at t._load (file:///usr/lib/code/out/vs/workbench/api/node/extensionHostProcess.js:222:22598)
	at r._load (file:///usr/lib/code/out/vs/workbench/api/node/extensionHostProcess.js:214:24094)
	at TracingChannel.traceSync (node:diagnostics_channel:328:14)
	at wrapModuleLoad (node:internal/modules/cjs/loader:244:24)
	at Module.require (node:internal/modules/cjs/loader:1470:12)
	at require (node:internal/modules/helpers:147:16)
	at Object.<anonymous> (/home/bat/.vscode-oss/extensions/viral-team.carbon-candy-0.2.2-universal/lib/change-listener.js:1:72)
	at Module._compile (node:internal/modules/cjs/loader:1714:14)
	at Module._extensions..js (node:internal/modules/cjs/loader:1848:10)
	at Module.load (node:internal/modules/cjs/loader:1448:32)
	at Module._load (node:internal/modules/cjs/loader:1270:12)
	at c._load (node:electron/js2c/node_init:2:17993)
	at e._load (file:///usr/lib/code/out/vs/workbench/api/node/extensionHostProcess.js:404:6048)
	at t._load (file:///usr/lib/code/out/vs/workbench/api/node/extensionHostProcess.js:222:22598)
	at r._load (file:///usr/lib/code/out/vs/workbench/api/node/extensionHostProcess.js:214:24094)
	at TracingChannel.traceSync (node:diagnostics_channel:328:14)
	at wrapModuleLoad (node:internal/modules/cjs/loader:244:24)
	at Module.require (node:internal/modules/cjs/loader:1470:12)
	at require (node:internal/modules/helpers:147:16)
	at Object.<anonymous> (/home/bat/.vscode-oss/extensions/viral-team.carbon-candy-0.2.2-universal/extension.js:2:34)
	at Module._compile (node:internal/modules/cjs/loader:1714:14)
	at Module._extensions..js (node:internal/modules/cjs/loader:1848:10)
	at Module.load (node:internal/modules/cjs/loader:1448:32)
	at Module._load (node:internal/modules/cjs/loader:1270:12)
	at c._load (node:electron/js2c/node_init:2:17993)
	at e._load (file:///usr/lib/code/out/vs/workbench/api/node/extensionHostProcess.js:404:6048)
	at t._load (file:///usr/lib/code/out/vs/workbench/api/node/extensionHostProcess.js:222:22598)
	at r._load (file:///usr/lib/code/out/vs/workbench/api/node/extensionHostProcess.js:214:24094)
	at TracingChannel.traceSync (node:diagnostics_channel:328:14)
	at wrapModuleLoad (node:internal/modules/cjs/loader:244:24)
	at Module.require (node:internal/modules/cjs/loader:1470:12)
	at require (node:internal/modules/helpers:147:16)
	at HX.Cb (file:///usr/lib/code/out/vs/workbench/api/node/extensionHostProcess.js:253:1253)
2025-12-26 20:08:15.413 [info] ExtensionService#_doActivateExtension vscode.configuration-editing, startup: false, activationEvent: 'onLanguage:jsonc'
2025-12-26 20:08:15.435 [info] ExtensionService#_doActivateExtension vscode.json-language-features, startup: false, activationEvent: 'onLanguage:jsonc'
2025-12-26 20:08:15.605 [info] ExtensionService#_doActivateExtension vscode.typescript-language-features, startup: false, activationEvent: 'onLanguage:jsonc'
2025-12-26 20:18:12.511 [info] ExtensionService#_doActivateExtension vscode.debug-server-ready, startup: false, activationEvent: 'onDebugResolve'
2025-12-26 21:17:56.362 [info] Extension host terminating: renderer closed the MessagePort
2025-12-26 21:17:56.398 [info] Extension host with pid 15898 exiting with code 0
