2025-12-26 19:09:04.831 [info] Reading sessions from keychain...
2025-12-26 19:09:04.831 [info] Getting sessions for all scopes...
2025-12-26 19:09:04.831 [info] Got 0 sessions for ...
2025-12-26 19:09:04.831 [info] Getting sessions for all scopes...
2025-12-26 19:09:04.831 [info] Got 0 sessions for ...
2025-12-26 19:09:04.831 [info] Getting sessions for all scopes...
2025-12-26 19:09:04.831 [info] Got 0 sessions for ...
2025-12-26 19:09:04.831 [info] Getting sessions for all scopes...
2025-12-26 19:09:04.831 [info] Got 0 sessions for ...
2025-12-26 19:09:04.831 [info] Getting sessions for all scopes...
2025-12-26 19:09:04.831 [info] Got 0 sessions for ...
2025-12-26 19:09:04.831 [info] Getting sessions for all scopes...
2025-12-26 19:09:04.831 [info] Got 0 sessions for ...
2025-12-26 19:09:04.831 [info] Getting sessions for all scopes...
2025-12-26 19:09:04.831 [info] Got 0 sessions for ...
2025-12-26 19:09:04.831 [info] Getting sessions for all scopes...
2025-12-26 19:09:04.831 [info] Got 0 sessions for ...
2025-12-26 19:09:04.831 [info] Getting sessions for all scopes...
2025-12-26 19:09:04.831 [info] Got 0 sessions for ...
2025-12-26 19:09:04.831 [info] Getting sessions for all scopes...
2025-12-26 19:09:04.831 [info] Got 0 sessions for ...
2025-12-26 19:09:04.831 [info] Getting sessions for all scopes...
2025-12-26 19:09:04.831 [info] Got 0 sessions for ...
2025-12-26 19:09:04.831 [info] Getting sessions for all scopes...
2025-12-26 19:09:04.831 [info] Got 0 sessions for ...
2025-12-26 19:09:04.831 [info] Getting sessions for all scopes...
2025-12-26 19:09:04.831 [info] Got 0 sessions for ...
2025-12-26 19:09:04.831 [info] Getting sessions for all scopes...
2025-12-26 19:09:04.831 [info] Got 0 sessions for ...
2025-12-26 19:09:05.887 [info] Getting sessions for all scopes...
2025-12-26 19:09:05.887 [info] Got 0 sessions for ...
2025-12-26 19:09:06.251 [info] Getting sessions for read:user,repo,user:email,workflow...
2025-12-26 19:09:06.251 [info] Got 0 sessions for read:user,repo,user:email,workflow...
